{"C:\\Users\\DELL\\Desktop\\Crusty’s Express\\backend\\src\\app.ts": {"path":"C:\\Users\\DELL\\Desktop\\Crusty’s Express\\backend\\src\\app.ts","statementMap":{"0":{"start":{"line":1,"column":0},"end":{"line":1,"column":30}},"1":{"start":{"line":2,"column":0},"end":{"line":2,"column":24}},"2":{"start":{"line":3,"column":0},"end":{"line":3,"column":28}},"3":{"start":{"line":4,"column":0},"end":{"line":4,"column":41}},"4":{"start":{"line":5,"column":0},"end":{"line":5,"column":35}},"5":{"start":{"line":6,"column":0},"end":{"line":6,"column":50}},"6":{"start":{"line":7,"column":0},"end":{"line":7,"column":58}},"7":{"start":{"line":8,"column":0},"end":{"line":8,"column":40}},"8":{"start":{"line":9,"column":0},"end":{"line":9,"column":51}},"9":{"start":{"line":10,"column":0},"end":{"line":10,"column":54}},"10":{"start":{"line":11,"column":0},"end":{"line":11,"column":63}},"11":{"start":{"line":12,"column":0},"end":{"line":12,"column":60}},"12":{"start":{"line":13,"column":0},"end":{"line":13,"column":55}},"13":{"start":{"line":14,"column":0},"end":{"line":14,"column":72}},"14":{"start":{"line":15,"column":0},"end":{"line":15,"column":60}},"15":{"start":{"line":16,"column":0},"end":{"line":16,"column":66}},"16":{"start":{"line":17,"column":0},"end":{"line":17,"column":55}},"17":{"start":{"line":18,"column":0},"end":{"line":18,"column":54}},"18":{"start":{"line":19,"column":0},"end":{"line":19,"column":61}},"19":{"start":{"line":20,"column":0},"end":{"line":20,"column":63}},"20":{"start":{"line":21,"column":0},"end":{"line":21,"column":46}},"21":{"start":{"line":22,"column":0},"end":{"line":22,"column":43}},"22":{"start":{"line":23,"column":0},"end":{"line":23,"column":47}},"23":{"start":{"line":26,"column":0},"end":{"line":26,"column":84}},"24":{"start":{"line":27,"column":0},"end":{"line":27,"column":92}},"25":{"start":{"line":28,"column":0},"end":{"line":28,"column":76}},"26":{"start":{"line":29,"column":0},"end":{"line":29,"column":90}},"27":{"start":{"line":30,"column":0},"end":{"line":30,"column":73}},"28":{"start":{"line":31,"column":0},"end":{"line":31,"column":75}},"29":{"start":{"line":32,"column":0},"end":{"line":32,"column":76}},"30":{"start":{"line":34,"column":12},"end":{"line":34,"column":21}},"31":{"start":{"line":39,"column":0},"end":{"line":39,"column":26}},"32":{"start":{"line":44,"column":0},"end":{"line":44,"column":26}},"33":{"start":{"line":49,"column":0},"end":{"line":49,"column":23}},"34":{"start":{"line":54,"column":0},"end":{"line":54,"column":24}},"35":{"start":{"line":55,"column":0},"end":{"line":60,"column":2}},"36":{"start":{"line":65,"column":0},"end":{"line":68,"column":2}},"37":{"start":{"line":69,"column":0},"end":{"line":72,"column":2}},"38":{"start":{"line":77,"column":0},"end":{"line":77,"column":24}},"39":{"start":{"line":78,"column":0},"end":{"line":78,"column":48}},"40":{"start":{"line":83,"column":0},"end":{"line":83,"column":38}},"41":{"start":{"line":88,"column":0},"end":{"line":88,"column":30}},"42":{"start":{"line":93,"column":0},"end":{"line":93,"column":37}},"43":{"start":{"line":98,"column":0},"end":{"line":98,"column":32}},"44":{"start":{"line":103,"column":21},"end":{"line":103,"column":72}},"45":{"start":{"line":104,"column":0},"end":{"line":110,"column":2}},"46":{"start":{"line":107,"column":34},"end":{"line":107,"column":61}},"47":{"start":{"line":115,"column":0},"end":{"line":192,"column":2}},"48":{"start":{"line":197,"column":0},"end":{"line":197,"column":75}},"49":{"start":{"line":198,"column":0},"end":{"line":198,"column":39}},"50":{"start":{"line":199,"column":0},"end":{"line":199,"column":46}},"51":{"start":{"line":200,"column":0},"end":{"line":200,"column":43}},"52":{"start":{"line":201,"column":0},"end":{"line":201,"column":39}},"53":{"start":{"line":202,"column":0},"end":{"line":202,"column":51}},"54":{"start":{"line":203,"column":0},"end":{"line":203,"column":43}},"55":{"start":{"line":204,"column":0},"end":{"line":204,"column":46}},"56":{"start":{"line":205,"column":0},"end":{"line":205,"column":51}},"57":{"start":{"line":206,"column":0},"end":{"line":206,"column":38}},"58":{"start":{"line":207,"column":0},"end":{"line":207,"column":42}},"59":{"start":{"line":208,"column":0},"end":{"line":208,"column":44}},"60":{"start":{"line":211,"column":0},"end":{"line":211,"column":72}},"61":{"start":{"line":212,"column":0},"end":{"line":212,"column":36}},"62":{"start":{"line":213,"column":0},"end":{"line":213,"column":43}},"63":{"start":{"line":214,"column":0},"end":{"line":214,"column":40}},"64":{"start":{"line":215,"column":0},"end":{"line":215,"column":36}},"65":{"start":{"line":216,"column":0},"end":{"line":216,"column":48}},"66":{"start":{"line":217,"column":0},"end":{"line":217,"column":40}},"67":{"start":{"line":218,"column":0},"end":{"line":218,"column":43}},"68":{"start":{"line":219,"column":0},"end":{"line":219,"column":48}},"69":{"start":{"line":220,"column":0},"end":{"line":220,"column":35}},"70":{"start":{"line":221,"column":0},"end":{"line":221,"column":39}},"71":{"start":{"line":227,"column":0},"end":{"line":234,"column":3}},"72":{"start":{"line":228,"column":2},"end":{"line":233,"column":5}},"73":{"start":{"line":237,"column":28},"end":{"line":260,"column":1}},"74":{"start":{"line":238,"column":2},"end":{"line":259,"column":3}},"75":{"start":{"line":239,"column":22},"end":{"line":239,"column":53}},"76":{"start":{"line":240,"column":4},"end":{"line":251,"column":7}},"77":{"start":{"line":253,"column":4},"end":{"line":253,"column":63}},"78":{"start":{"line":254,"column":4},"end":{"line":258,"column":7}},"79":{"start":{"line":262,"column":0},"end":{"line":262,"column":47}},"80":{"start":{"line":263,"column":0},"end":{"line":263,"column":54}},"81":{"start":{"line":266,"column":0},"end":{"line":271,"column":3}},"82":{"start":{"line":267,"column":2},"end":{"line":270,"column":5}},"83":{"start":{"line":276,"column":0},"end":{"line":276,"column":18}},"84":{"start":{"line":279,"column":0},"end":{"line":279,"column":22}},"85":{"start":{"line":281,"column":0},"end":{"line":281,"column":19}}},"fnMap":{"0":{"name":"(anonymous_1)","decl":{"start":{"line":107,"column":13},"end":{"line":107,"column":14}},"loc":{"start":{"line":107,"column":34},"end":{"line":107,"column":61}}},"1":{"name":"(anonymous_2)","decl":{"start":{"line":227,"column":19},"end":{"line":227,"column":20}},"loc":{"start":{"line":227,"column":32},"end":{"line":234,"column":1}}},"2":{"name":"(anonymous_3)","decl":{"start":{"line":237,"column":28},"end":{"line":237,"column":33}},"loc":{"start":{"line":237,"column":82},"end":{"line":260,"column":1}}},"3":{"name":"(anonymous_4)","decl":{"start":{"line":266,"column":13},"end":{"line":266,"column":14}},"loc":{"start":{"line":266,"column":26},"end":{"line":271,"column":1}}}},"branchMap":{"0":{"loc":{"start":{"line":103,"column":21},"end":{"line":103,"column":72}},"type":"cond-expr","locations":[{"start":{"line":103,"column":54},"end":{"line":103,"column":59}},{"start":{"line":103,"column":62},"end":{"line":103,"column":72}}]}},"s":{"0":1,"1":1,"2":1,"3":1,"4":1,"5":1,"6":1,"7":1,"8":1,"9":1,"10":1,"11":1,"12":1,"13":1,"14":1,"15":1,"16":1,"17":1,"18":1,"19":1,"20":1,"21":1,"22":1,"23":1,"24":1,"25":1,"26":1,"27":1,"28":1,"29":1,"30":1,"31":1,"32":1,"33":1,"34":1,"35":1,"36":1,"37":1,"38":1,"39":1,"40":1,"41":1,"42":1,"43":1,"44":1,"45":1,"46":18,"47":1,"48":1,"49":1,"50":1,"51":1,"52":1,"53":1,"54":1,"55":1,"56":1,"57":1,"58":1,"59":1,"60":1,"61":1,"62":1,"63":1,"64":1,"65":1,"66":1,"67":1,"68":1,"69":1,"70":1,"71":1,"72":3,"73":1,"74":0,"75":0,"76":0,"77":0,"78":0,"79":1,"80":1,"81":1,"82":0,"83":1,"84":1,"85":1},"f":{"0":18,"1":3,"2":0,"3":0},"b":{"0":[0,1]}}
,"C:\\Users\\DELL\\Desktop\\Crusty’s Express\\backend\\src\\metrics\\queue.metrics.ts": {"path":"C:\\Users\\DELL\\Desktop\\Crusty’s Express\\backend\\src\\metrics\\queue.metrics.ts","statementMap":{"0":{"start":{"line":1,"column":0},"end":{"line":1,"column":31}},"1":{"start":{"line":2,"column":0},"end":{"line":2,"column":53}},"2":{"start":{"line":3,"column":0},"end":{"line":3,"column":41}},"3":{"start":{"line":16,"column":44},"end":{"line":16,"column":48}},"4":{"start":{"line":22,"column":4},"end":{"line":22,"column":28}},"5":{"start":{"line":29,"column":4},"end":{"line":37,"column":5}},"6":{"start":{"line":31,"column":6},"end":{"line":36,"column":7}},"7":{"start":{"line":32,"column":8},"end":{"line":32,"column":85}},"8":{"start":{"line":34,"column":8},"end":{"line":34,"column":100}},"9":{"start":{"line":35,"column":8},"end":{"line":35,"column":34}},"10":{"start":{"line":39,"column":4},"end":{"line":80,"column":5}},"11":{"start":{"line":40,"column":16},"end":{"line":40,"column":31}},"12":{"start":{"line":49,"column":10},"end":{"line":57,"column":8}},"13":{"start":{"line":60,"column":22},"end":{"line":60,"column":23}},"14":{"start":{"line":61,"column":6},"end":{"line":66,"column":7}},"15":{"start":{"line":62,"column":25},"end":{"line":62,"column":32}},"16":{"start":{"line":63,"column":8},"end":{"line":65,"column":9}},"17":{"start":{"line":64,"column":10},"end":{"line":64,"column":64}},"18":{"start":{"line":68,"column":6},"end":{"line":76,"column":8}},"19":{"start":{"line":78,"column":6},"end":{"line":78,"column":94}},"20":{"start":{"line":79,"column":6},"end":{"line":79,"column":32}},"21":{"start":{"line":84,"column":4},"end":{"line":92,"column":6}},"22":{"start":{"line":15,"column":0},"end":{"line":15,"column":13}}},"fnMap":{"0":{"name":"(anonymous_0)","decl":{"start":{"line":21,"column":2},"end":{"line":21,"column":8}},"loc":{"start":{"line":21,"column":35},"end":{"line":23,"column":3}}},"1":{"name":"(anonymous_1)","decl":{"start":{"line":28,"column":2},"end":{"line":28,"column":8}},"loc":{"start":{"line":28,"column":24},"end":{"line":81,"column":3}}},"2":{"name":"(anonymous_2)","decl":{"start":{"line":83,"column":10},"end":{"line":83,"column":16}},"loc":{"start":{"line":83,"column":28},"end":{"line":93,"column":3}}}},"branchMap":{"0":{"loc":{"start":{"line":29,"column":4},"end":{"line":37,"column":5}},"type":"if","locations":[{"start":{"line":29,"column":4},"end":{"line":37,"column":5}},{"start":{},"end":{}}]},"1":{"loc":{"start":{"line":61,"column":6},"end":{"line":66,"column":7}},"type":"if","locations":[{"start":{"line":61,"column":6},"end":{"line":66,"column":7}},{"start":{},"end":{}}]},"2":{"loc":{"start":{"line":63,"column":8},"end":{"line":65,"column":9}},"type":"if","locations":[{"start":{"line":63,"column":8},"end":{"line":65,"column":9}},{"start":{},"end":{}}]},"3":{"loc":{"start":{"line":63,"column":12},"end":{"line":63,"column":54}},"type":"binary-expr","locations":[{"start":{"line":63,"column":12},"end":{"line":63,"column":32}},{"start":{"line":63,"column":36},"end":{"line":63,"column":54}}]}},"s":{"0":1,"1":1,"2":1,"3":1,"4":1,"5":0,"6":0,"7":0,"8":0,"9":0,"10":0,"11":0,"12":0,"13":0,"14":0,"15":0,"16":0,"17":0,"18":0,"19":0,"20":0,"21":0,"22":1},"f":{"0":1,"1":0,"2":0},"b":{"0":[0,0],"1":[0,0],"2":[0,0],"3":[0,0]}}
,"C:\\Users\\DELL\\Desktop\\Crusty’s Express\\backend\\src\\metrics\\security.metrics.ts": {"path":"C:\\Users\\DELL\\Desktop\\Crusty’s Express\\backend\\src\\metrics\\security.metrics.ts","statementMap":{"0":{"start":{"line":7,"column":0},"end":{"line":7,"column":41}},"1":{"start":{"line":27,"column":20},"end":{"line":27,"column":21}},"2":{"start":{"line":28,"column":23},"end":{"line":28,"column":24}},"3":{"start":{"line":29,"column":23},"end":{"line":29,"column":24}},"4":{"start":{"line":30,"column":23},"end":{"line":30,"column":24}},"5":{"start":{"line":31,"column":23},"end":{"line":31,"column":24}},"6":{"start":{"line":32,"column":21},"end":{"line":32,"column":22}},"7":{"start":{"line":33,"column":17},"end":{"line":33,"column":18}},"8":{"start":{"line":34,"column":22},"end":{"line":34,"column":23}},"9":{"start":{"line":35,"column":21},"end":{"line":35,"column":46}},"10":{"start":{"line":36,"column":29},"end":{"line":36,"column":54}},"11":{"start":{"line":39,"column":4},"end":{"line":39,"column":19}},"12":{"start":{"line":43,"column":4},"end":{"line":43,"column":60}},"13":{"start":{"line":47,"column":4},"end":{"line":47,"column":88}},"14":{"start":{"line":52,"column":19},"end":{"line":55,"column":44}},"15":{"start":{"line":53,"column":22},"end":{"line":53,"column":33}},"16":{"start":{"line":55,"column":29},"end":{"line":55,"column":42}},"17":{"start":{"line":57,"column":47},"end":{"line":57,"column":49}},"18":{"start":{"line":58,"column":4},"end":{"line":60,"column":7}},"19":{"start":{"line":59,"column":6},"end":{"line":59,"column":30}},"20":{"start":{"line":62,"column":4},"end":{"line":73,"column":6}},"21":{"start":{"line":80,"column":4},"end":{"line":80,"column":21}},"22":{"start":{"line":81,"column":4},"end":{"line":81,"column":24}},"23":{"start":{"line":82,"column":4},"end":{"line":82,"column":24}},"24":{"start":{"line":83,"column":4},"end":{"line":83,"column":24}},"25":{"start":{"line":84,"column":4},"end":{"line":84,"column":24}},"26":{"start":{"line":85,"column":4},"end":{"line":85,"column":22}},"27":{"start":{"line":86,"column":4},"end":{"line":86,"column":18}},"28":{"start":{"line":87,"column":4},"end":{"line":87,"column":23}},"29":{"start":{"line":88,"column":4},"end":{"line":88,"column":26}},"30":{"start":{"line":89,"column":4},"end":{"line":89,"column":34}},"31":{"start":{"line":90,"column":4},"end":{"line":90,"column":63}},"32":{"start":{"line":94,"column":13},"end":{"line":94,"column":58}}},"fnMap":{"0":{"name":"(anonymous_0)","decl":{"start":{"line":38,"column":2},"end":{"line":38,"column":11}},"loc":{"start":{"line":38,"column":125},"end":{"line":40,"column":3}}},"1":{"name":"(anonymous_1)","decl":{"start":{"line":42,"column":2},"end":{"line":42,"column":9}},"loc":{"start":{"line":42,"column":20},"end":{"line":44,"column":3}}},"2":{"name":"(anonymous_2)","decl":{"start":{"line":46,"column":2},"end":{"line":46,"column":21}},"loc":{"start":{"line":46,"column":38},"end":{"line":48,"column":3}}},"3":{"name":"(anonymous_3)","decl":{"start":{"line":50,"column":2},"end":{"line":50,"column":11}},"loc":{"start":{"line":50,"column":11},"end":{"line":74,"column":3}}},"4":{"name":"(anonymous_4)","decl":{"start":{"line":53,"column":12},"end":{"line":53,"column":13}},"loc":{"start":{"line":53,"column":22},"end":{"line":53,"column":33}}},"5":{"name":"(anonymous_5)","decl":{"start":{"line":55,"column":11},"end":{"line":55,"column":12}},"loc":{"start":{"line":55,"column":29},"end":{"line":55,"column":42}}},"6":{"name":"(anonymous_6)","decl":{"start":{"line":58,"column":34},"end":{"line":58,"column":35}},"loc":{"start":{"line":58,"column":49},"end":{"line":60,"column":5}}},"7":{"name":"(anonymous_7)","decl":{"start":{"line":79,"column":2},"end":{"line":79,"column":7}},"loc":{"start":{"line":79,"column":7},"end":{"line":91,"column":3}}}},"branchMap":{"0":{"loc":{"start":{"line":43,"column":27},"end":{"line":43,"column":53}},"type":"binary-expr","locations":[{"start":{"line":43,"column":27},"end":{"line":43,"column":48}},{"start":{"line":43,"column":52},"end":{"line":43,"column":53}}]},"1":{"loc":{"start":{"line":47,"column":41},"end":{"line":47,"column":81}},"type":"binary-expr","locations":[{"start":{"line":47,"column":41},"end":{"line":47,"column":76}},{"start":{"line":47,"column":80},"end":{"line":47,"column":81}}]}},"s":{"0":1,"1":1,"2":1,"3":1,"4":1,"5":1,"6":1,"7":1,"8":1,"9":1,"10":1,"11":37,"12":19,"13":6,"14":3,"15":0,"16":1,"17":3,"18":3,"19":0,"20":3,"21":19,"22":19,"23":19,"24":19,"25":19,"26":19,"27":19,"28":19,"29":19,"30":19,"31":19,"32":1},"f":{"0":37,"1":19,"2":6,"3":3,"4":0,"5":1,"6":0,"7":19},"b":{"0":[19,9],"1":[6,3]}}
,"C:\\Users\\DELL\\Desktop\\Crusty’s Express\\backend\\src\\metrics\\upload.metrics.ts": {"path":"C:\\Users\\DELL\\Desktop\\Crusty’s Express\\backend\\src\\metrics\\upload.metrics.ts","statementMap":{"0":{"start":{"line":1,"column":0},"end":{"line":1,"column":28}},"1":{"start":{"line":2,"column":0},"end":{"line":2,"column":53}},"2":{"start":{"line":3,"column":0},"end":{"line":3,"column":41}},"3":{"start":{"line":16,"column":25},"end":{"line":20,"column":4}},"4":{"start":{"line":21,"column":26},"end":{"line":21,"column":43}},"5":{"start":{"line":31,"column":4},"end":{"line":41,"column":5}},"6":{"start":{"line":32,"column":16},"end":{"line":32,"column":27}},"7":{"start":{"line":33,"column":6},"end":{"line":38,"column":16}},"8":{"start":{"line":40,"column":6},"end":{"line":40,"column":90}},"9":{"start":{"line":48,"column":4},"end":{"line":52,"column":5}},"10":{"start":{"line":49,"column":6},"end":{"line":49,"column":53}},"11":{"start":{"line":51,"column":6},"end":{"line":51,"column":92}},"12":{"start":{"line":59,"column":4},"end":{"line":63,"column":5}},"13":{"start":{"line":60,"column":6},"end":{"line":60,"column":53}},"14":{"start":{"line":62,"column":6},"end":{"line":62,"column":89}},"15":{"start":{"line":70,"column":4},"end":{"line":118,"column":5}},"16":{"start":{"line":71,"column":16},"end":{"line":71,"column":27}},"17":{"start":{"line":79,"column":10},"end":{"line":86,"column":8}},"18":{"start":{"line":88,"column":22},"end":{"line":88,"column":53}},"19":{"start":{"line":89,"column":22},"end":{"line":89,"column":53}},"20":{"start":{"line":90,"column":20},"end":{"line":90,"column":37}},"21":{"start":{"line":92,"column":26},"end":{"line":92,"column":88}},"22":{"start":{"line":93,"column":40},"end":{"line":93,"column":120}},"23":{"start":{"line":94,"column":35},"end":{"line":94,"column":114}},"24":{"start":{"line":95,"column":38},"end":{"line":95,"column":124}},"25":{"start":{"line":96,"column":30},"end":{"line":96,"column":61}},"26":{"start":{"line":98,"column":6},"end":{"line":106,"column":8}},"27":{"start":{"line":108,"column":6},"end":{"line":108,"column":100}},"28":{"start":{"line":109,"column":6},"end":{"line":117,"column":8}},"29":{"start":{"line":15,"column":0},"end":{"line":15,"column":13}}},"fnMap":{"0":{"name":"(anonymous_1)","decl":{"start":{"line":26,"column":2},"end":{"line":26,"column":8}},"loc":{"start":{"line":29,"column":28},"end":{"line":42,"column":3}}},"1":{"name":"(anonymous_2)","decl":{"start":{"line":47,"column":2},"end":{"line":47,"column":8}},"loc":{"start":{"line":47,"column":28},"end":{"line":53,"column":3}}},"2":{"name":"(anonymous_3)","decl":{"start":{"line":58,"column":2},"end":{"line":58,"column":8}},"loc":{"start":{"line":58,"column":26},"end":{"line":64,"column":3}}},"3":{"name":"(anonymous_4)","decl":{"start":{"line":69,"column":2},"end":{"line":69,"column":8}},"loc":{"start":{"line":69,"column":24},"end":{"line":119,"column":3}}}},"branchMap":{"0":{"loc":{"start":{"line":88,"column":31},"end":{"line":88,"column":48}},"type":"binary-expr","locations":[{"start":{"line":88,"column":31},"end":{"line":88,"column":41}},{"start":{"line":88,"column":45},"end":{"line":88,"column":48}}]},"1":{"loc":{"start":{"line":89,"column":31},"end":{"line":89,"column":48}},"type":"binary-expr","locations":[{"start":{"line":89,"column":31},"end":{"line":89,"column":41}},{"start":{"line":89,"column":45},"end":{"line":89,"column":48}}]},"2":{"loc":{"start":{"line":92,"column":26},"end":{"line":92,"column":88}},"type":"cond-expr","locations":[{"start":{"line":92,"column":38},"end":{"line":92,"column":82}},{"start":{"line":92,"column":85},"end":{"line":92,"column":88}}]},"3":{"loc":{"start":{"line":93,"column":40},"end":{"line":93,"column":120}},"type":"cond-expr","locations":[{"start":{"line":93,"column":54},"end":{"line":93,"column":116}},{"start":{"line":93,"column":119},"end":{"line":93,"column":120}}]},"4":{"loc":{"start":{"line":93,"column":71},"end":{"line":93,"column":88}},"type":"binary-expr","locations":[{"start":{"line":93,"column":71},"end":{"line":93,"column":81}},{"start":{"line":93,"column":85},"end":{"line":93,"column":88}}]},"5":{"loc":{"start":{"line":94,"column":35},"end":{"line":94,"column":114}},"type":"cond-expr","locations":[{"start":{"line":94,"column":49},"end":{"line":94,"column":110}},{"start":{"line":94,"column":113},"end":{"line":94,"column":114}}]},"6":{"loc":{"start":{"line":94,"column":66},"end":{"line":94,"column":82}},"type":"binary-expr","locations":[{"start":{"line":94,"column":66},"end":{"line":94,"column":75}},{"start":{"line":94,"column":79},"end":{"line":94,"column":82}}]},"7":{"loc":{"start":{"line":95,"column":38},"end":{"line":95,"column":124}},"type":"cond-expr","locations":[{"start":{"line":95,"column":52},"end":{"line":95,"column":120}},{"start":{"line":95,"column":123},"end":{"line":95,"column":124}}]},"8":{"loc":{"start":{"line":95,"column":69},"end":{"line":95,"column":86}},"type":"binary-expr","locations":[{"start":{"line":95,"column":69},"end":{"line":95,"column":79}},{"start":{"line":95,"column":83},"end":{"line":95,"column":86}}]},"9":{"loc":{"start":{"line":96,"column":39},"end":{"line":96,"column":56}},"type":"binary-expr","locations":[{"start":{"line":96,"column":39},"end":{"line":96,"column":49}},{"start":{"line":96,"column":53},"end":{"line":96,"column":56}}]}},"s":{"0":1,"1":1,"2":1,"3":1,"4":1,"5":0,"6":0,"7":0,"8":0,"9":0,"10":0,"11":0,"12":0,"13":0,"14":0,"15":0,"16":0,"17":0,"18":0,"19":0,"20":0,"21":0,"22":0,"23":0,"24":0,"25":0,"26":0,"27":0,"28":0,"29":1},"f":{"0":0,"1":0,"2":0,"3":0},"b":{"0":[0,0],"1":[0,0],"2":[0,0],"3":[0,0],"4":[0,0],"5":[0,0],"6":[0,0],"7":[0,0],"8":[0,0],"9":[0,0]}}
,"C:\\Users\\DELL\\Desktop\\Crusty’s Express\\backend\\src\\middlewares\\api-rate-limit.middleware.ts": {"path":"C:\\Users\\DELL\\Desktop\\Crusty’s Express\\backend\\src\\middlewares\\api-rate-limit.middleware.ts","statementMap":{"0":{"start":{"line":10,"column":0},"end":{"line":10,"column":43}},"1":{"start":{"line":12,"column":0},"end":{"line":12,"column":59}},"2":{"start":{"line":13,"column":0},"end":{"line":13,"column":61}},"3":{"start":{"line":14,"column":0},"end":{"line":14,"column":62}},"4":{"start":{"line":16,"column":13},"end":{"line":64,"column":2}},"5":{"start":{"line":24,"column":4},"end":{"line":30,"column":5}},"6":{"start":{"line":25,"column":17},"end":{"line":25,"column":91}},"7":{"start":{"line":26,"column":6},"end":{"line":28,"column":7}},"8":{"start":{"line":27,"column":8},"end":{"line":27,"column":21}},"9":{"start":{"line":29,"column":6},"end":{"line":29,"column":18}},"10":{"start":{"line":31,"column":22},"end":{"line":31,"column":90}},"11":{"start":{"line":32,"column":4},"end":{"line":32,"column":57}},"12":{"start":{"line":32,"column":33},"end":{"line":32,"column":55}},"13":{"start":{"line":37,"column":4},"end":{"line":37,"column":59}},"14":{"start":{"line":42,"column":15},"end":{"line":42,"column":62}},"15":{"start":{"line":44,"column":4},"end":{"line":44,"column":44}},"16":{"start":{"line":45,"column":4},"end":{"line":45,"column":32}},"17":{"start":{"line":47,"column":4},"end":{"line":56,"column":7}},"18":{"start":{"line":58,"column":4},"end":{"line":62,"column":7}},"19":{"start":{"line":66,"column":13},"end":{"line":66,"column":56}}},"fnMap":{"0":{"name":"(anonymous_1)","decl":{"start":{"line":23,"column":8},"end":{"line":23,"column":9}},"loc":{"start":{"line":23,"column":34},"end":{"line":33,"column":3}}},"1":{"name":"(anonymous_2)","decl":{"start":{"line":32,"column":26},"end":{"line":32,"column":27}},"loc":{"start":{"line":32,"column":33},"end":{"line":32,"column":55}}},"2":{"name":"(anonymous_3)","decl":{"start":{"line":36,"column":16},"end":{"line":36,"column":17}},"loc":{"start":{"line":36,"column":41},"end":{"line":38,"column":3}}},"3":{"name":"(anonymous_4)","decl":{"start":{"line":41,"column":11},"end":{"line":41,"column":12}},"loc":{"start":{"line":41,"column":49},"end":{"line":63,"column":3}}}},"branchMap":{"0":{"loc":{"start":{"line":24,"column":4},"end":{"line":30,"column":5}},"type":"if","locations":[{"start":{"line":24,"column":4},"end":{"line":30,"column":5}},{"start":{},"end":{}}]},"1":{"loc":{"start":{"line":25,"column":17},"end":{"line":25,"column":91}},"type":"binary-expr","locations":[{"start":{"line":25,"column":17},"end":{"line":25,"column":47}},{"start":{"line":25,"column":51},"end":{"line":25,"column":57}},{"start":{"line":25,"column":61},"end":{"line":25,"column":85}},{"start":{"line":25,"column":89},"end":{"line":25,"column":91}}]},"2":{"loc":{"start":{"line":26,"column":6},"end":{"line":28,"column":7}},"type":"if","locations":[{"start":{"line":26,"column":6},"end":{"line":28,"column":7}},{"start":{},"end":{}}]},"3":{"loc":{"start":{"line":37,"column":11},"end":{"line":37,"column":58}},"type":"binary-expr","locations":[{"start":{"line":37,"column":11},"end":{"line":37,"column":17}},{"start":{"line":37,"column":21},"end":{"line":37,"column":45}},{"start":{"line":37,"column":49},"end":{"line":37,"column":58}}]},"4":{"loc":{"start":{"line":42,"column":15},"end":{"line":42,"column":62}},"type":"binary-expr","locations":[{"start":{"line":42,"column":15},"end":{"line":42,"column":21}},{"start":{"line":42,"column":25},"end":{"line":42,"column":49}},{"start":{"line":42,"column":53},"end":{"line":42,"column":62}}]}},"s":{"0":1,"1":1,"2":1,"3":1,"4":1,"5":15,"6":15,"7":15,"8":6,"9":9,"10":0,"11":0,"12":0,"13":6,"14":0,"15":0,"16":0,"17":0,"18":0,"19":1},"f":{"0":15,"1":0,"2":6,"3":0},"b":{"0":[15,0],"1":[15,7,0,0],"2":[6,9],"3":[6,0,0],"4":[0,0,0]}}
,"C:\\Users\\DELL\\Desktop\\Crusty’s Express\\backend\\src\\middlewares\\auth-rate-limit.middleware.ts": {"path":"C:\\Users\\DELL\\Desktop\\Crusty’s Express\\backend\\src\\middlewares\\auth-rate-limit.middleware.ts","statementMap":{"0":{"start":{"line":10,"column":0},"end":{"line":10,"column":43}},"1":{"start":{"line":12,"column":0},"end":{"line":12,"column":59}},"2":{"start":{"line":13,"column":0},"end":{"line":13,"column":61}},"3":{"start":{"line":14,"column":0},"end":{"line":14,"column":62}},"4":{"start":{"line":16,"column":13},"end":{"line":60,"column":3}},"5":{"start":{"line":22,"column":4},"end":{"line":28,"column":5}},"6":{"start":{"line":23,"column":17},"end":{"line":23,"column":91}},"7":{"start":{"line":24,"column":6},"end":{"line":26,"column":7}},"8":{"start":{"line":25,"column":8},"end":{"line":25,"column":21}},"9":{"start":{"line":27,"column":6},"end":{"line":27,"column":18}},"10":{"start":{"line":29,"column":4},"end":{"line":29,"column":17}},"11":{"start":{"line":33,"column":4},"end":{"line":33,"column":59}},"12":{"start":{"line":37,"column":15},"end":{"line":37,"column":62}},"13":{"start":{"line":39,"column":4},"end":{"line":39,"column":44}},"14":{"start":{"line":40,"column":4},"end":{"line":40,"column":44}},"15":{"start":{"line":41,"column":4},"end":{"line":41,"column":32}},"16":{"start":{"line":43,"column":4},"end":{"line":52,"column":7}},"17":{"start":{"line":54,"column":4},"end":{"line":58,"column":7}}},"fnMap":{"0":{"name":"(anonymous_1)","decl":{"start":{"line":21,"column":8},"end":{"line":21,"column":9}},"loc":{"start":{"line":21,"column":34},"end":{"line":30,"column":3}}},"1":{"name":"(anonymous_2)","decl":{"start":{"line":32,"column":16},"end":{"line":32,"column":17}},"loc":{"start":{"line":32,"column":41},"end":{"line":34,"column":3}}},"2":{"name":"(anonymous_3)","decl":{"start":{"line":36,"column":11},"end":{"line":36,"column":12}},"loc":{"start":{"line":36,"column":49},"end":{"line":59,"column":3}}}},"branchMap":{"0":{"loc":{"start":{"line":22,"column":4},"end":{"line":28,"column":5}},"type":"if","locations":[{"start":{"line":22,"column":4},"end":{"line":28,"column":5}},{"start":{},"end":{}}]},"1":{"loc":{"start":{"line":23,"column":17},"end":{"line":23,"column":91}},"type":"binary-expr","locations":[{"start":{"line":23,"column":17},"end":{"line":23,"column":47}},{"start":{"line":23,"column":51},"end":{"line":23,"column":57}},{"start":{"line":23,"column":61},"end":{"line":23,"column":85}},{"start":{"line":23,"column":89},"end":{"line":23,"column":91}}]},"2":{"loc":{"start":{"line":24,"column":6},"end":{"line":26,"column":7}},"type":"if","locations":[{"start":{"line":24,"column":6},"end":{"line":26,"column":7}},{"start":{},"end":{}}]},"3":{"loc":{"start":{"line":33,"column":11},"end":{"line":33,"column":58}},"type":"binary-expr","locations":[{"start":{"line":33,"column":11},"end":{"line":33,"column":17}},{"start":{"line":33,"column":21},"end":{"line":33,"column":45}},{"start":{"line":33,"column":49},"end":{"line":33,"column":58}}]},"4":{"loc":{"start":{"line":37,"column":15},"end":{"line":37,"column":62}},"type":"binary-expr","locations":[{"start":{"line":37,"column":15},"end":{"line":37,"column":21}},{"start":{"line":37,"column":25},"end":{"line":37,"column":49}},{"start":{"line":37,"column":53},"end":{"line":37,"column":62}}]}},"s":{"0":1,"1":1,"2":1,"3":1,"4":1,"5":6,"6":6,"7":6,"8":6,"9":0,"10":0,"11":6,"12":1,"13":1,"14":1,"15":1,"16":1,"17":1},"f":{"0":6,"1":6,"2":1},"b":{"0":[6,0],"1":[6,0,0,0],"2":[6,0],"3":[6,0,0],"4":[1,0,0]}}
,"C:\\Users\\DELL\\Desktop\\Crusty’s Express\\backend\\src\\middlewares\\authPlaceholders.ts": {"path":"C:\\Users\\DELL\\Desktop\\Crusty’s Express\\backend\\src\\middlewares\\authPlaceholders.ts","statementMap":{"0":{"start":{"line":2,"column":0},"end":{"line":2,"column":45}},"1":{"start":{"line":9,"column":28},"end":{"line":18,"column":1}},"2":{"start":{"line":11,"column":2},"end":{"line":16,"column":4}},"3":{"start":{"line":17,"column":2},"end":{"line":17,"column":9}},"4":{"start":{"line":9,"column":13},"end":{"line":9,"column":28}},"5":{"start":{"line":24,"column":25},"end":{"line":36,"column":1}},"6":{"start":{"line":25,"column":2},"end":{"line":35,"column":4}},"7":{"start":{"line":26,"column":4},"end":{"line":28,"column":5}},"8":{"start":{"line":27,"column":6},"end":{"line":27,"column":86}},"9":{"start":{"line":30,"column":4},"end":{"line":32,"column":5}},"10":{"start":{"line":31,"column":6},"end":{"line":31,"column":82}},"11":{"start":{"line":34,"column":4},"end":{"line":34,"column":11}},"12":{"start":{"line":24,"column":13},"end":{"line":24,"column":25}}},"fnMap":{"0":{"name":"(anonymous_0)","decl":{"start":{"line":9,"column":28},"end":{"line":9,"column":29}},"loc":{"start":{"line":9,"column":80},"end":{"line":18,"column":1}}},"1":{"name":"(anonymous_1)","decl":{"start":{"line":24,"column":25},"end":{"line":24,"column":26}},"loc":{"start":{"line":24,"column":55},"end":{"line":36,"column":1}}},"2":{"name":"(anonymous_2)","decl":{"start":{"line":25,"column":9},"end":{"line":25,"column":10}},"loc":{"start":{"line":25,"column":61},"end":{"line":35,"column":3}}}},"branchMap":{"0":{"loc":{"start":{"line":26,"column":4},"end":{"line":28,"column":5}},"type":"if","locations":[{"start":{"line":26,"column":4},"end":{"line":28,"column":5}},{"start":{},"end":{}}]},"1":{"loc":{"start":{"line":30,"column":4},"end":{"line":32,"column":5}},"type":"if","locations":[{"start":{"line":30,"column":4},"end":{"line":32,"column":5}},{"start":{},"end":{}}]}},"s":{"0":1,"1":1,"2":0,"3":0,"4":1,"5":1,"6":3,"7":0,"8":0,"9":0,"10":0,"11":0,"12":1},"f":{"0":0,"1":3,"2":0},"b":{"0":[0,0],"1":[0,0]}}
,"C:\\Users\\DELL\\Desktop\\Crusty’s Express\\backend\\src\\middlewares\\authenticate.ts": {"path":"C:\\Users\\DELL\\Desktop\\Crusty’s Express\\backend\\src\\middlewares\\authenticate.ts","statementMap":{"0":{"start":{"line":2,"column":0},"end":{"line":2,"column":45}},"1":{"start":{"line":3,"column":0},"end":{"line":3,"column":39}},"2":{"start":{"line":4,"column":0},"end":{"line":4,"column":41}},"3":{"start":{"line":10,"column":34},"end":{"line":27,"column":1}},"4":{"start":{"line":11,"column":2},"end":{"line":11,"column":37}},"5":{"start":{"line":11,"column":20},"end":{"line":11,"column":37}},"6":{"start":{"line":13,"column":16},"end":{"line":13,"column":34}},"7":{"start":{"line":15,"column":2},"end":{"line":17,"column":3}},"8":{"start":{"line":16,"column":4},"end":{"line":16,"column":42}},"9":{"start":{"line":19,"column":2},"end":{"line":21,"column":3}},"10":{"start":{"line":20,"column":4},"end":{"line":20,"column":35}},"11":{"start":{"line":22,"column":2},"end":{"line":24,"column":3}},"12":{"start":{"line":23,"column":4},"end":{"line":23,"column":35}},"13":{"start":{"line":26,"column":2},"end":{"line":26,"column":30}},"14":{"start":{"line":10,"column":13},"end":{"line":10,"column":34}},"15":{"start":{"line":32,"column":28},"end":{"line":51,"column":1}},"16":{"start":{"line":33,"column":2},"end":{"line":50,"column":3}},"17":{"start":{"line":34,"column":23},"end":{"line":34,"column":48}},"18":{"start":{"line":35,"column":18},"end":{"line":35,"column":48}},"19":{"start":{"line":37,"column":4},"end":{"line":40,"column":5}},"20":{"start":{"line":38,"column":6},"end":{"line":38,"column":87}},"21":{"start":{"line":39,"column":6},"end":{"line":39,"column":78}},"22":{"start":{"line":43,"column":20},"end":{"line":43,"column":52}},"23":{"start":{"line":46,"column":4},"end":{"line":46,"column":23}},"24":{"start":{"line":47,"column":4},"end":{"line":47,"column":11}},"25":{"start":{"line":49,"column":4},"end":{"line":49,"column":16}},"26":{"start":{"line":32,"column":13},"end":{"line":32,"column":28}}},"fnMap":{"0":{"name":"(anonymous_0)","decl":{"start":{"line":10,"column":34},"end":{"line":10,"column":35}},"loc":{"start":{"line":10,"column":79},"end":{"line":27,"column":1}}},"1":{"name":"(anonymous_1)","decl":{"start":{"line":32,"column":28},"end":{"line":32,"column":29}},"loc":{"start":{"line":32,"column":80},"end":{"line":51,"column":1}}}},"branchMap":{"0":{"loc":{"start":{"line":11,"column":2},"end":{"line":11,"column":37}},"type":"if","locations":[{"start":{"line":11,"column":2},"end":{"line":11,"column":37}},{"start":{},"end":{}}]},"1":{"loc":{"start":{"line":19,"column":2},"end":{"line":21,"column":3}},"type":"if","locations":[{"start":{"line":19,"column":2},"end":{"line":21,"column":3}},{"start":{},"end":{}}]},"2":{"loc":{"start":{"line":19,"column":6},"end":{"line":19,"column":54}},"type":"binary-expr","locations":[{"start":{"line":19,"column":6},"end":{"line":19,"column":29}},{"start":{"line":19,"column":33},"end":{"line":19,"column":54}}]},"3":{"loc":{"start":{"line":22,"column":2},"end":{"line":24,"column":3}},"type":"if","locations":[{"start":{"line":22,"column":2},"end":{"line":24,"column":3}},{"start":{},"end":{}}]},"4":{"loc":{"start":{"line":22,"column":6},"end":{"line":22,"column":54}},"type":"binary-expr","locations":[{"start":{"line":22,"column":6},"end":{"line":22,"column":29}},{"start":{"line":22,"column":33},"end":{"line":22,"column":54}}]},"5":{"loc":{"start":{"line":26,"column":9},"end":{"line":26,"column":29}},"type":"binary-expr","locations":[{"start":{"line":26,"column":9},"end":{"line":26,"column":16}},{"start":{"line":26,"column":20},"end":{"line":26,"column":29}}]},"6":{"loc":{"start":{"line":37,"column":4},"end":{"line":40,"column":5}},"type":"if","locations":[{"start":{"line":37,"column":4},"end":{"line":40,"column":5}},{"start":{},"end":{}}]}},"s":{"0":1,"1":1,"2":1,"3":1,"4":6,"5":1,"6":5,"7":5,"8":5,"9":5,"10":0,"11":5,"12":0,"13":5,"14":1,"15":1,"16":6,"17":6,"18":6,"19":6,"20":1,"21":1,"22":5,"23":3,"24":3,"25":3,"26":1},"f":{"0":6,"1":6},"b":{"0":[1,5],"1":[0,5],"2":[5,0],"3":[0,5],"4":[5,0],"5":[5,0],"6":[1,5]}}
,"C:\\Users\\DELL\\Desktop\\Crusty’s Express\\backend\\src\\middlewares\\authorize.ts": {"path":"C:\\Users\\DELL\\Desktop\\Crusty’s Express\\backend\\src\\middlewares\\authorize.ts","statementMap":{"0":{"start":{"line":2,"column":0},"end":{"line":2,"column":45}},"1":{"start":{"line":8,"column":25},"end":{"line":27,"column":1}},"2":{"start":{"line":9,"column":2},"end":{"line":26,"column":4}},"3":{"start":{"line":10,"column":4},"end":{"line":12,"column":5}},"4":{"start":{"line":11,"column":6},"end":{"line":11,"column":86}},"5":{"start":{"line":14,"column":21},"end":{"line":14,"column":34}},"6":{"start":{"line":17,"column":25},"end":{"line":19,"column":97}},"7":{"start":{"line":18,"column":16},"end":{"line":18,"column":61}},"8":{"start":{"line":19,"column":62},"end":{"line":19,"column":77}},"9":{"start":{"line":21,"column":4},"end":{"line":23,"column":5}},"10":{"start":{"line":22,"column":6},"end":{"line":22,"column":99}},"11":{"start":{"line":25,"column":4},"end":{"line":25,"column":11}},"12":{"start":{"line":8,"column":13},"end":{"line":8,"column":25}}},"fnMap":{"0":{"name":"(anonymous_0)","decl":{"start":{"line":8,"column":25},"end":{"line":8,"column":26}},"loc":{"start":{"line":8,"column":55},"end":{"line":27,"column":1}}},"1":{"name":"(anonymous_1)","decl":{"start":{"line":9,"column":9},"end":{"line":9,"column":10}},"loc":{"start":{"line":9,"column":61},"end":{"line":26,"column":3}}},"2":{"name":"(anonymous_2)","decl":{"start":{"line":18,"column":6},"end":{"line":18,"column":7}},"loc":{"start":{"line":18,"column":16},"end":{"line":18,"column":61}}},"3":{"name":"(anonymous_3)","decl":{"start":{"line":19,"column":57},"end":{"line":19,"column":58}},"loc":{"start":{"line":19,"column":62},"end":{"line":19,"column":77}}}},"branchMap":{"0":{"loc":{"start":{"line":10,"column":4},"end":{"line":12,"column":5}},"type":"if","locations":[{"start":{"line":10,"column":4},"end":{"line":12,"column":5}},{"start":{},"end":{}}]},"1":{"loc":{"start":{"line":17,"column":25},"end":{"line":19,"column":97}},"type":"binary-expr","locations":[{"start":{"line":17,"column":25},"end":{"line":18,"column":null}},{"start":{"line":19,"column":10},"end":{"line":19,"column":36}},{"start":{"line":19,"column":40},"end":{"line":19,"column":96}}]},"2":{"loc":{"start":{"line":21,"column":4},"end":{"line":23,"column":5}},"type":"if","locations":[{"start":{"line":21,"column":4},"end":{"line":23,"column":5}},{"start":{},"end":{}}]}},"s":{"0":1,"1":1,"2":15,"3":3,"4":0,"5":3,"6":3,"7":3,"8":1,"9":3,"10":2,"11":1,"12":1},"f":{"0":15,"1":3,"2":3,"3":1},"b":{"0":[0,3],"1":[3,3,1],"2":[2,1]}}
,"C:\\Users\\DELL\\Desktop\\Crusty’s Express\\backend\\src\\middlewares\\brute-force.middleware.ts": {"path":"C:\\Users\\DELL\\Desktop\\Crusty’s Express\\backend\\src\\middlewares\\brute-force.middleware.ts","statementMap":{"0":{"start":{"line":11,"column":0},"end":{"line":11,"column":68}},"1":{"start":{"line":12,"column":0},"end":{"line":12,"column":61}},"2":{"start":{"line":13,"column":0},"end":{"line":13,"column":62}},"3":{"start":{"line":15,"column":36},"end":{"line":47,"column":1}},"4":{"start":{"line":16,"column":13},"end":{"line":16,"column":60}},"5":{"start":{"line":17,"column":34},"end":{"line":17,"column":64}},"6":{"start":{"line":19,"column":2},"end":{"line":44,"column":3}},"7":{"start":{"line":20,"column":29},"end":{"line":20,"column":59}},"8":{"start":{"line":22,"column":4},"end":{"line":22,"column":41}},"9":{"start":{"line":23,"column":4},"end":{"line":23,"column":32}},"10":{"start":{"line":25,"column":4},"end":{"line":35,"column":7}},"11":{"start":{"line":37,"column":4},"end":{"line":42,"column":7}},"12":{"start":{"line":43,"column":4},"end":{"line":43,"column":11}},"13":{"start":{"line":46,"column":2},"end":{"line":46,"column":9}},"14":{"start":{"line":15,"column":13},"end":{"line":15,"column":36}}},"fnMap":{"0":{"name":"(anonymous_0)","decl":{"start":{"line":15,"column":36},"end":{"line":15,"column":37}},"loc":{"start":{"line":15,"column":94},"end":{"line":47,"column":1}}}},"branchMap":{"0":{"loc":{"start":{"line":16,"column":13},"end":{"line":16,"column":60}},"type":"binary-expr","locations":[{"start":{"line":16,"column":13},"end":{"line":16,"column":19}},{"start":{"line":16,"column":23},"end":{"line":16,"column":47}},{"start":{"line":16,"column":51},"end":{"line":16,"column":60}}]},"1":{"loc":{"start":{"line":19,"column":2},"end":{"line":44,"column":3}},"type":"if","locations":[{"start":{"line":19,"column":2},"end":{"line":44,"column":3}},{"start":{},"end":{}}]}},"s":{"0":1,"1":1,"2":1,"3":1,"4":5,"5":5,"6":5,"7":0,"8":0,"9":0,"10":0,"11":0,"12":0,"13":5,"14":1},"f":{"0":5},"b":{"0":[5,0,0],"1":[0,5]}}
,"C:\\Users\\DELL\\Desktop\\Crusty’s Express\\backend\\src\\middlewares\\errorHandler.ts": {"path":"C:\\Users\\DELL\\Desktop\\Crusty’s Express\\backend\\src\\middlewares\\errorHandler.ts","statementMap":{"0":{"start":{"line":2,"column":0},"end":{"line":2,"column":45}},"1":{"start":{"line":3,"column":0},"end":{"line":3,"column":41}},"2":{"start":{"line":4,"column":0},"end":{"line":4,"column":36}},"3":{"start":{"line":6,"column":28},"end":{"line":43,"column":1}},"4":{"start":{"line":12,"column":19},"end":{"line":12,"column":22}},"5":{"start":{"line":13,"column":16},"end":{"line":13,"column":39}},"6":{"start":{"line":14,"column":22},"end":{"line":14,"column":27}},"7":{"start":{"line":16,"column":2},"end":{"line":20,"column":3}},"8":{"start":{"line":17,"column":4},"end":{"line":17,"column":32}},"9":{"start":{"line":18,"column":4},"end":{"line":18,"column":26}},"10":{"start":{"line":19,"column":4},"end":{"line":19,"column":38}},"11":{"start":{"line":23,"column":2},"end":{"line":27,"column":3}},"12":{"start":{"line":24,"column":4},"end":{"line":24,"column":83}},"13":{"start":{"line":26,"column":4},"end":{"line":26,"column":72}},"14":{"start":{"line":33,"column":6},"end":{"line":36,"column":4}},"15":{"start":{"line":38,"column":2},"end":{"line":40,"column":3}},"16":{"start":{"line":39,"column":4},"end":{"line":39,"column":35}},"17":{"start":{"line":42,"column":2},"end":{"line":42,"column":44}},"18":{"start":{"line":6,"column":13},"end":{"line":6,"column":28}}},"fnMap":{"0":{"name":"(anonymous_0)","decl":{"start":{"line":6,"column":28},"end":{"line":6,"column":null}},"loc":{"start":{"line":11,"column":4},"end":{"line":43,"column":1}}}},"branchMap":{"0":{"loc":{"start":{"line":16,"column":2},"end":{"line":20,"column":3}},"type":"if","locations":[{"start":{"line":16,"column":2},"end":{"line":20,"column":3}},{"start":{},"end":{}}]},"1":{"loc":{"start":{"line":23,"column":2},"end":{"line":27,"column":3}},"type":"if","locations":[{"start":{"line":23,"column":2},"end":{"line":27,"column":3}},{"start":{"line":25,"column":9},"end":{"line":27,"column":3}}]},"2":{"loc":{"start":{"line":34,"column":12},"end":{"line":34,"column":48}},"type":"cond-expr","locations":[{"start":{"line":34,"column":32},"end":{"line":34,"column":39}},{"start":{"line":34,"column":42},"end":{"line":34,"column":48}}]},"3":{"loc":{"start":{"line":38,"column":2},"end":{"line":40,"column":3}},"type":"if","locations":[{"start":{"line":38,"column":2},"end":{"line":40,"column":3}},{"start":{},"end":{}}]}},"s":{"0":1,"1":1,"2":1,"3":1,"4":10,"5":10,"6":10,"7":10,"8":10,"9":10,"10":10,"11":10,"12":0,"13":10,"14":10,"15":10,"16":0,"17":10,"18":1},"f":{"0":10},"b":{"0":[10,0],"1":[0,10],"2":[0,10],"3":[0,10]}}
,"C:\\Users\\DELL\\Desktop\\Crusty’s Express\\backend\\src\\middlewares\\ip-tracking.middleware.ts": {"path":"C:\\Users\\DELL\\Desktop\\Crusty’s Express\\backend\\src\\middlewares\\ip-tracking.middleware.ts","statementMap":{"0":{"start":{"line":11,"column":0},"end":{"line":11,"column":31}},"1":{"start":{"line":12,"column":0},"end":{"line":12,"column":34}},"2":{"start":{"line":13,"column":0},"end":{"line":13,"column":41}},"3":{"start":{"line":14,"column":0},"end":{"line":14,"column":59}},"4":{"start":{"line":37,"column":36},"end":{"line":90,"column":1}},"5":{"start":{"line":38,"column":2},"end":{"line":40,"column":3}},"6":{"start":{"line":39,"column":4},"end":{"line":39,"column":18}},"7":{"start":{"line":42,"column":13},"end":{"line":42,"column":60}},"8":{"start":{"line":45,"column":2},"end":{"line":57,"column":3}},"9":{"start":{"line":47,"column":20},"end":{"line":47,"column":46}},"10":{"start":{"line":48,"column":16},"end":{"line":48,"column":37}},"11":{"start":{"line":50,"column":4},"end":{"line":56,"column":6}},"12":{"start":{"line":60,"column":2},"end":{"line":70,"column":3}},"13":{"start":{"line":61,"column":18},"end":{"line":61,"column":45}},"14":{"start":{"line":62,"column":18},"end":{"line":62,"column":40}},"15":{"start":{"line":64,"column":4},"end":{"line":69,"column":6}},"16":{"start":{"line":73,"column":18},"end":{"line":85,"column":4}},"17":{"start":{"line":87,"column":2},"end":{"line":87,"column":58}},"18":{"start":{"line":89,"column":2},"end":{"line":89,"column":9}},"19":{"start":{"line":37,"column":13},"end":{"line":37,"column":36}}},"fnMap":{"0":{"name":"(anonymous_1)","decl":{"start":{"line":37,"column":36},"end":{"line":37,"column":37}},"loc":{"start":{"line":37,"column":95},"end":{"line":90,"column":1}}}},"branchMap":{"0":{"loc":{"start":{"line":38,"column":2},"end":{"line":40,"column":3}},"type":"if","locations":[{"start":{"line":38,"column":2},"end":{"line":40,"column":3}},{"start":{},"end":{}}]},"1":{"loc":{"start":{"line":42,"column":13},"end":{"line":42,"column":60}},"type":"binary-expr","locations":[{"start":{"line":42,"column":13},"end":{"line":42,"column":19}},{"start":{"line":42,"column":23},"end":{"line":42,"column":47}},{"start":{"line":42,"column":51},"end":{"line":42,"column":60}}]},"2":{"loc":{"start":{"line":45,"column":2},"end":{"line":57,"column":3}},"type":"if","locations":[{"start":{"line":45,"column":2},"end":{"line":57,"column":3}},{"start":{},"end":{}}]},"3":{"loc":{"start":{"line":51,"column":15},"end":{"line":51,"column":40}},"type":"binary-expr","locations":[{"start":{"line":51,"column":15},"end":{"line":51,"column":27}},{"start":{"line":51,"column":31},"end":{"line":51,"column":40}}]},"4":{"loc":{"start":{"line":52,"column":12},"end":{"line":52,"column":34}},"type":"binary-expr","locations":[{"start":{"line":52,"column":12},"end":{"line":52,"column":21}},{"start":{"line":52,"column":25},"end":{"line":52,"column":34}}]},"5":{"loc":{"start":{"line":53,"column":14},"end":{"line":53,"column":38}},"type":"binary-expr","locations":[{"start":{"line":53,"column":14},"end":{"line":53,"column":25}},{"start":{"line":53,"column":29},"end":{"line":53,"column":38}}]},"6":{"loc":{"start":{"line":54,"column":16},"end":{"line":54,"column":42}},"type":"binary-expr","locations":[{"start":{"line":54,"column":16},"end":{"line":54,"column":29}},{"start":{"line":54,"column":33},"end":{"line":54,"column":42}}]},"7":{"loc":{"start":{"line":55,"column":19},"end":{"line":55,"column":34}},"type":"binary-expr","locations":[{"start":{"line":55,"column":19},"end":{"line":55,"column":26}},{"start":{"line":55,"column":30},"end":{"line":55,"column":34}}]},"8":{"loc":{"start":{"line":60,"column":2},"end":{"line":70,"column":3}},"type":"if","locations":[{"start":{"line":60,"column":2},"end":{"line":70,"column":3}},{"start":{},"end":{}}]},"9":{"loc":{"start":{"line":61,"column":18},"end":{"line":61,"column":45}},"type":"binary-expr","locations":[{"start":{"line":61,"column":18},"end":{"line":61,"column":39}},{"start":{"line":61,"column":43},"end":{"line":61,"column":45}}]},"10":{"loc":{"start":{"line":77,"column":17},"end":{"line":77,"column":41}},"type":"binary-expr","locations":[{"start":{"line":77,"column":17},"end":{"line":77,"column":32}},{"start":{"line":77,"column":36},"end":{"line":77,"column":41}}]},"11":{"loc":{"start":{"line":83,"column":13},"end":{"line":83,"column":64}},"type":"cond-expr","locations":[{"start":{"line":83,"column":33},"end":{"line":83,"column":52}},{"start":{"line":83,"column":55},"end":{"line":83,"column":64}}]}},"s":{"0":1,"1":1,"2":1,"3":1,"4":1,"5":29,"6":0,"7":29,"8":29,"9":29,"10":29,"11":29,"12":29,"13":29,"14":29,"15":29,"16":29,"17":29,"18":29,"19":1},"f":{"0":29},"b":{"0":[0,29],"1":[29,0,0],"2":[29,0],"3":[29,29],"4":[29,29],"5":[29,29],"6":[29,29],"7":[29,29],"8":[29,0],"9":[29,22],"10":[29,0],"11":[0,29]}}
,"C:\\Users\\DELL\\Desktop\\Crusty’s Express\\backend\\src\\middlewares\\notFound.ts": {"path":"C:\\Users\\DELL\\Desktop\\Crusty’s Express\\backend\\src\\middlewares\\notFound.ts","statementMap":{"0":{"start":{"line":2,"column":0},"end":{"line":2,"column":45}},"1":{"start":{"line":4,"column":24},"end":{"line":6,"column":1}},"2":{"start":{"line":5,"column":2},"end":{"line":5,"column":64}},"3":{"start":{"line":4,"column":13},"end":{"line":4,"column":24}}},"fnMap":{"0":{"name":"(anonymous_0)","decl":{"start":{"line":4,"column":24},"end":{"line":4,"column":25}},"loc":{"start":{"line":4,"column":76},"end":{"line":6,"column":1}}}},"branchMap":{},"s":{"0":1,"1":1,"2":0,"3":1},"f":{"0":0},"b":{}}
,"C:\\Users\\DELL\\Desktop\\Crusty’s Express\\backend\\src\\middlewares\\rateLimit.ts": {"path":"C:\\Users\\DELL\\Desktop\\Crusty’s Express\\backend\\src\\middlewares\\rateLimit.ts","statementMap":{"0":{"start":{"line":1,"column":0},"end":{"line":1,"column":43}},"1":{"start":{"line":2,"column":0},"end":{"line":2,"column":41}},"2":{"start":{"line":8,"column":13},"end":{"line":21,"column":3}},"3":{"start":{"line":18,"column":4},"end":{"line":18,"column":112}},"4":{"start":{"line":19,"column":4},"end":{"line":19,"column":57}},"5":{"start":{"line":22,"column":0},"end":{"line":22,"column":31}}},"fnMap":{"0":{"name":"(anonymous_1)","decl":{"start":{"line":17,"column":11},"end":{"line":17,"column":12}},"loc":{"start":{"line":17,"column":39},"end":{"line":20,"column":3}}}},"branchMap":{},"s":{"0":1,"1":1,"2":1,"3":0,"4":0,"5":1},"f":{"0":0},"b":{}}
,"C:\\Users\\DELL\\Desktop\\Crusty’s Express\\backend\\src\\middlewares\\request-fingerprint.middleware.ts": {"path":"C:\\Users\\DELL\\Desktop\\Crusty’s Express\\backend\\src\\middlewares\\request-fingerprint.middleware.ts","statementMap":{"0":{"start":{"line":11,"column":0},"end":{"line":11,"column":28}},"1":{"start":{"line":29,"column":44},"end":{"line":44,"column":1}},"2":{"start":{"line":30,"column":21},"end":{"line":36,"column":4}},"3":{"start":{"line":38,"column":14},"end":{"line":38,"column":139}},"4":{"start":{"line":40,"column":2},"end":{"line":40,"column":91}},"5":{"start":{"line":41,"column":2},"end":{"line":41,"column":41}},"6":{"start":{"line":43,"column":2},"end":{"line":43,"column":9}},"7":{"start":{"line":29,"column":13},"end":{"line":29,"column":44}}},"fnMap":{"0":{"name":"(anonymous_1)","decl":{"start":{"line":29,"column":44},"end":{"line":29,"column":45}},"loc":{"start":{"line":29,"column":103},"end":{"line":44,"column":1}}}},"branchMap":{"0":{"loc":{"start":{"line":31,"column":8},"end":{"line":31,"column":55}},"type":"binary-expr","locations":[{"start":{"line":31,"column":8},"end":{"line":31,"column":14}},{"start":{"line":31,"column":18},"end":{"line":31,"column":42}},{"start":{"line":31,"column":46},"end":{"line":31,"column":55}}]},"1":{"loc":{"start":{"line":32,"column":15},"end":{"line":32,"column":49}},"type":"binary-expr","locations":[{"start":{"line":32,"column":15},"end":{"line":32,"column":36}},{"start":{"line":32,"column":40},"end":{"line":32,"column":49}}]},"2":{"loc":{"start":{"line":33,"column":20},"end":{"line":33,"column":59}},"type":"binary-expr","locations":[{"start":{"line":33,"column":20},"end":{"line":33,"column":46}},{"start":{"line":33,"column":50},"end":{"line":33,"column":59}}]},"3":{"loc":{"start":{"line":34,"column":20},"end":{"line":34,"column":59}},"type":"binary-expr","locations":[{"start":{"line":34,"column":20},"end":{"line":34,"column":46}},{"start":{"line":34,"column":50},"end":{"line":34,"column":59}}]},"4":{"loc":{"start":{"line":35,"column":16},"end":{"line":35,"column":50}},"type":"binary-expr","locations":[{"start":{"line":35,"column":16},"end":{"line":35,"column":37}},{"start":{"line":35,"column":41},"end":{"line":35,"column":50}}]}},"s":{"0":1,"1":1,"2":29,"3":29,"4":29,"5":29,"6":29,"7":1},"f":{"0":29},"b":{"0":[29,0,0],"1":[29,22],"2":[29,29],"3":[29,0],"4":[29,0]}}
,"C:\\Users\\DELL\\Desktop\\Crusty’s Express\\backend\\src\\middlewares\\sanitizeBody.ts": {"path":"C:\\Users\\DELL\\Desktop\\Crusty’s Express\\backend\\src\\middlewares\\sanitizeBody.ts","statementMap":{"0":{"start":{"line":2,"column":0},"end":{"line":2,"column":56}},"1":{"start":{"line":8,"column":28},"end":{"line":13,"column":1}},"2":{"start":{"line":9,"column":2},"end":{"line":11,"column":3}},"3":{"start":{"line":10,"column":4},"end":{"line":10,"column":40}},"4":{"start":{"line":12,"column":2},"end":{"line":12,"column":9}},"5":{"start":{"line":8,"column":13},"end":{"line":8,"column":28}}},"fnMap":{"0":{"name":"(anonymous_0)","decl":{"start":{"line":8,"column":28},"end":{"line":8,"column":29}},"loc":{"start":{"line":8,"column":80},"end":{"line":13,"column":1}}}},"branchMap":{"0":{"loc":{"start":{"line":9,"column":2},"end":{"line":11,"column":3}},"type":"if","locations":[{"start":{"line":9,"column":2},"end":{"line":11,"column":3}},{"start":{},"end":{}}]}},"s":{"0":1,"1":1,"2":1,"3":1,"4":1,"5":1},"f":{"0":1},"b":{"0":[1,0]}}
,"C:\\Users\\DELL\\Desktop\\Crusty’s Express\\backend\\src\\middlewares\\security.middleware.ts": {"path":"C:\\Users\\DELL\\Desktop\\Crusty’s Express\\backend\\src\\middlewares\\security.middleware.ts","statementMap":{"0":{"start":{"line":7,"column":0},"end":{"line":7,"column":28}},"1":{"start":{"line":8,"column":0},"end":{"line":8,"column":22}},"2":{"start":{"line":10,"column":0},"end":{"line":10,"column":59}},"3":{"start":{"line":17,"column":13},"end":{"line":34,"column":21}},"4":{"start":{"line":40,"column":13},"end":{"line":42,"column":3}}},"fnMap":{},"branchMap":{},"s":{"0":1,"1":1,"2":1,"3":1,"4":1},"f":{},"b":{}}
,"C:\\Users\\DELL\\Desktop\\Crusty’s Express\\backend\\src\\middlewares\\suspicious-request.middleware.ts": {"path":"C:\\Users\\DELL\\Desktop\\Crusty’s Express\\backend\\src\\middlewares\\suspicious-request.middleware.ts","statementMap":{"0":{"start":{"line":11,"column":0},"end":{"line":11,"column":84}},"1":{"start":{"line":12,"column":0},"end":{"line":12,"column":61}},"2":{"start":{"line":13,"column":0},"end":{"line":13,"column":62}},"3":{"start":{"line":16,"column":43},"end":{"line":152,"column":1}},"4":{"start":{"line":17,"column":13},"end":{"line":17,"column":60}},"5":{"start":{"line":18,"column":20},"end":{"line":18,"column":47}},"6":{"start":{"line":19,"column":14},"end":{"line":19,"column":40}},"7":{"start":{"line":21,"column":18},"end":{"line":29,"column":4}},"8":{"start":{"line":32,"column":2},"end":{"line":55,"column":3}},"9":{"start":{"line":33,"column":4},"end":{"line":33,"column":43}},"10":{"start":{"line":34,"column":4},"end":{"line":34,"column":32}},"11":{"start":{"line":36,"column":4},"end":{"line":47,"column":7}},"12":{"start":{"line":49,"column":4},"end":{"line":53,"column":7}},"13":{"start":{"line":54,"column":4},"end":{"line":54,"column":11}},"14":{"start":{"line":58,"column":2},"end":{"line":80,"column":3}},"15":{"start":{"line":59,"column":4},"end":{"line":59,"column":42}},"16":{"start":{"line":60,"column":4},"end":{"line":60,"column":32}},"17":{"start":{"line":62,"column":4},"end":{"line":72,"column":7}},"18":{"start":{"line":74,"column":4},"end":{"line":78,"column":7}},"19":{"start":{"line":79,"column":4},"end":{"line":79,"column":11}},"20":{"start":{"line":83,"column":2},"end":{"line":116,"column":3}},"21":{"start":{"line":84,"column":4},"end":{"line":84,"column":41}},"22":{"start":{"line":85,"column":4},"end":{"line":85,"column":32}},"23":{"start":{"line":87,"column":23},"end":{"line":87,"column":78}},"24":{"start":{"line":87,"column":67},"end":{"line":87,"column":77}},"25":{"start":{"line":88,"column":4},"end":{"line":88,"column":74}},"26":{"start":{"line":88,"column":32},"end":{"line":88,"column":72}},"27":{"start":{"line":90,"column":4},"end":{"line":108,"column":7}},"28":{"start":{"line":99,"column":126},"end":{"line":99,"column":130}},"29":{"start":{"line":102,"column":70},"end":{"line":106,"column":10}},"30":{"start":{"line":110,"column":4},"end":{"line":114,"column":7}},"31":{"start":{"line":115,"column":4},"end":{"line":115,"column":11}},"32":{"start":{"line":119,"column":2},"end":{"line":134,"column":3}},"33":{"start":{"line":120,"column":4},"end":{"line":120,"column":44}},"34":{"start":{"line":121,"column":4},"end":{"line":121,"column":32}},"35":{"start":{"line":123,"column":4},"end":{"line":133,"column":7}},"36":{"start":{"line":137,"column":2},"end":{"line":149,"column":3}},"37":{"start":{"line":138,"column":4},"end":{"line":138,"column":38}},"38":{"start":{"line":140,"column":4},"end":{"line":148,"column":7}},"39":{"start":{"line":151,"column":2},"end":{"line":151,"column":9}},"40":{"start":{"line":16,"column":13},"end":{"line":16,"column":43}}},"fnMap":{"0":{"name":"(anonymous_0)","decl":{"start":{"line":16,"column":43},"end":{"line":16,"column":44}},"loc":{"start":{"line":16,"column":101},"end":{"line":152,"column":1}}},"1":{"name":"(anonymous_1)","decl":{"start":{"line":87,"column":60},"end":{"line":87,"column":61}},"loc":{"start":{"line":87,"column":67},"end":{"line":87,"column":77}}},"2":{"name":"(anonymous_2)","decl":{"start":{"line":88,"column":23},"end":{"line":88,"column":24}},"loc":{"start":{"line":88,"column":32},"end":{"line":88,"column":72}}},"3":{"name":"(anonymous_3)","decl":{"start":{"line":99,"column":119},"end":{"line":99,"column":120}},"loc":{"start":{"line":99,"column":126},"end":{"line":99,"column":130}}},"4":{"name":"(anonymous_4)","decl":{"start":{"line":102,"column":62},"end":{"line":102,"column":63}},"loc":{"start":{"line":102,"column":70},"end":{"line":106,"column":10}}}},"branchMap":{"0":{"loc":{"start":{"line":17,"column":13},"end":{"line":17,"column":60}},"type":"binary-expr","locations":[{"start":{"line":17,"column":13},"end":{"line":17,"column":19}},{"start":{"line":17,"column":23},"end":{"line":17,"column":47}},{"start":{"line":17,"column":51},"end":{"line":17,"column":60}}]},"1":{"loc":{"start":{"line":18,"column":20},"end":{"line":18,"column":47}},"type":"binary-expr","locations":[{"start":{"line":18,"column":20},"end":{"line":18,"column":41}},{"start":{"line":18,"column":45},"end":{"line":18,"column":47}}]},"2":{"loc":{"start":{"line":19,"column":14},"end":{"line":19,"column":40}},"type":"binary-expr","locations":[{"start":{"line":19,"column":14},"end":{"line":19,"column":29}},{"start":{"line":19,"column":33},"end":{"line":19,"column":40}}]},"3":{"loc":{"start":{"line":32,"column":2},"end":{"line":55,"column":3}},"type":"if","locations":[{"start":{"line":32,"column":2},"end":{"line":55,"column":3}},{"start":{},"end":{}}]},"4":{"loc":{"start":{"line":44,"column":19},"end":{"line":44,"column":113}},"type":"cond-expr","locations":[{"start":{"line":44,"column":37},"end":{"line":44,"column":101}},{"start":{"line":44,"column":104},"end":{"line":44,"column":113}}]},"5":{"loc":{"start":{"line":58,"column":2},"end":{"line":80,"column":3}},"type":"if","locations":[{"start":{"line":58,"column":2},"end":{"line":80,"column":3}},{"start":{},"end":{}}]},"6":{"loc":{"start":{"line":83,"column":2},"end":{"line":116,"column":3}},"type":"if","locations":[{"start":{"line":83,"column":2},"end":{"line":116,"column":3}},{"start":{},"end":{}}]},"7":{"loc":{"start":{"line":98,"column":19},"end":{"line":98,"column":113}},"type":"cond-expr","locations":[{"start":{"line":98,"column":37},"end":{"line":98,"column":101}},{"start":{"line":98,"column":104},"end":{"line":98,"column":113}}]},"8":{"loc":{"start":{"line":119,"column":2},"end":{"line":134,"column":3}},"type":"if","locations":[{"start":{"line":119,"column":2},"end":{"line":134,"column":3}},{"start":{},"end":{}}]},"9":{"loc":{"start":{"line":137,"column":2},"end":{"line":149,"column":3}},"type":"if","locations":[{"start":{"line":137,"column":2},"end":{"line":149,"column":3}},{"start":{},"end":{}}]}},"s":{"0":1,"1":1,"2":1,"3":1,"4":29,"5":29,"6":29,"7":29,"8":29,"9":3,"10":3,"11":3,"12":3,"13":3,"14":26,"15":4,"16":4,"17":4,"18":4,"19":4,"20":22,"21":4,"22":4,"23":4,"24":6,"25":4,"26":6,"27":4,"28":6,"29":6,"30":4,"31":4,"32":18,"33":2,"34":2,"35":2,"36":18,"37":16,"38":16,"39":18,"40":1},"f":{"0":29,"1":6,"2":6,"3":6,"4":6},"b":{"0":[29,0,0],"1":[29,22],"2":[29,0],"3":[3,26],"4":[3,0],"5":[4,22],"6":[4,18],"7":[4,0],"8":[2,16],"9":[16,2]}}
,"C:\\Users\\DELL\\Desktop\\Crusty’s Express\\backend\\src\\middlewares\\upload-rate-limit.middleware.ts": {"path":"C:\\Users\\DELL\\Desktop\\Crusty’s Express\\backend\\src\\middlewares\\upload-rate-limit.middleware.ts","statementMap":{"0":{"start":{"line":1,"column":0},"end":{"line":1,"column":43}},"1":{"start":{"line":2,"column":0},"end":{"line":2,"column":41}},"2":{"start":{"line":14,"column":13},"end":{"line":29,"column":3}},"3":{"start":{"line":24,"column":4},"end":{"line":26,"column":6}},"4":{"start":{"line":27,"column":4},"end":{"line":27,"column":57}}},"fnMap":{"0":{"name":"(anonymous_1)","decl":{"start":{"line":23,"column":11},"end":{"line":23,"column":12}},"loc":{"start":{"line":23,"column":39},"end":{"line":28,"column":3}}}},"branchMap":{},"s":{"0":1,"1":1,"2":1,"3":0,"4":0},"f":{"0":0},"b":{}}
,"C:\\Users\\DELL\\Desktop\\Crusty’s Express\\backend\\src\\middlewares\\upload.middleware.ts": {"path":"C:\\Users\\DELL\\Desktop\\Crusty’s Express\\backend\\src\\middlewares\\upload.middleware.ts","statementMap":{"0":{"start":{"line":2,"column":0},"end":{"line":2,"column":45}},"1":{"start":{"line":3,"column":0},"end":{"line":3,"column":45}},"2":{"start":{"line":4,"column":0},"end":{"line":4,"column":41}},"3":{"start":{"line":5,"column":0},"end":{"line":5,"column":55}},"4":{"start":{"line":8,"column":16},"end":{"line":8,"column":38}},"5":{"start":{"line":11,"column":23},"end":{"line":30,"column":2}},"6":{"start":{"line":19,"column":4},"end":{"line":27,"column":5}},"7":{"start":{"line":20,"column":6},"end":{"line":20,"column":145}},"8":{"start":{"line":21,"column":6},"end":{"line":26,"column":8}},"9":{"start":{"line":28,"column":4},"end":{"line":28,"column":25}},"10":{"start":{"line":38,"column":33},"end":{"line":62,"column":1}},"11":{"start":{"line":39,"column":2},"end":{"line":61,"column":4}},"12":{"start":{"line":40,"column":27},"end":{"line":40,"column":59}},"13":{"start":{"line":42,"column":4},"end":{"line":60,"column":7}},"14":{"start":{"line":43,"column":6},"end":{"line":58,"column":7}},"15":{"start":{"line":44,"column":8},"end":{"line":56,"column":9}},"16":{"start":{"line":45,"column":10},"end":{"line":53,"column":11}},"17":{"start":{"line":46,"column":12},"end":{"line":46,"column":141}},"18":{"start":{"line":47,"column":12},"end":{"line":52,"column":14}},"19":{"start":{"line":54,"column":10},"end":{"line":54,"column":93}},"20":{"start":{"line":55,"column":10},"end":{"line":55,"column":101}},"21":{"start":{"line":57,"column":8},"end":{"line":57,"column":25}},"22":{"start":{"line":59,"column":6},"end":{"line":59,"column":13}},"23":{"start":{"line":38,"column":13},"end":{"line":38,"column":33}},"24":{"start":{"line":71,"column":36},"end":{"line":107,"column":1}},"25":{"start":{"line":75,"column":2},"end":{"line":106,"column":4}},"26":{"start":{"line":76,"column":26},"end":{"line":76,"column":67}},"27":{"start":{"line":78,"column":4},"end":{"line":105,"column":7}},"28":{"start":{"line":79,"column":6},"end":{"line":103,"column":7}},"29":{"start":{"line":80,"column":8},"end":{"line":101,"column":9}},"30":{"start":{"line":81,"column":10},"end":{"line":89,"column":11}},"31":{"start":{"line":82,"column":12},"end":{"line":82,"column":160}},"32":{"start":{"line":83,"column":12},"end":{"line":88,"column":14}},"33":{"start":{"line":90,"column":10},"end":{"line":98,"column":11}},"34":{"start":{"line":91,"column":12},"end":{"line":91,"column":154}},"35":{"start":{"line":92,"column":12},"end":{"line":97,"column":14}},"36":{"start":{"line":99,"column":10},"end":{"line":99,"column":102}},"37":{"start":{"line":100,"column":10},"end":{"line":100,"column":99}},"38":{"start":{"line":102,"column":8},"end":{"line":102,"column":25}},"39":{"start":{"line":104,"column":6},"end":{"line":104,"column":13}},"40":{"start":{"line":71,"column":13},"end":{"line":71,"column":36}}},"fnMap":{"0":{"name":"(anonymous_9)","decl":{"start":{"line":17,"column":14},"end":{"line":17,"column":15}},"loc":{"start":{"line":17,"column":38},"end":{"line":29,"column":3}}},"1":{"name":"(anonymous_10)","decl":{"start":{"line":38,"column":33},"end":{"line":38,"column":34}},"loc":{"start":{"line":38,"column":65},"end":{"line":62,"column":1}}},"2":{"name":"(anonymous_11)","decl":{"start":{"line":39,"column":9},"end":{"line":39,"column":10}},"loc":{"start":{"line":39,"column":61},"end":{"line":61,"column":3}}},"3":{"name":"(anonymous_12)","decl":{"start":{"line":42,"column":29},"end":{"line":42,"column":30}},"loc":{"start":{"line":42,"column":42},"end":{"line":60,"column":5}}},"4":{"name":"(anonymous_13)","decl":{"start":{"line":71,"column":36},"end":{"line":71,"column":null}},"loc":{"start":{"line":74,"column":4},"end":{"line":107,"column":1}}},"5":{"name":"(anonymous_14)","decl":{"start":{"line":75,"column":9},"end":{"line":75,"column":10}},"loc":{"start":{"line":75,"column":61},"end":{"line":106,"column":3}}},"6":{"name":"(anonymous_15)","decl":{"start":{"line":78,"column":28},"end":{"line":78,"column":29}},"loc":{"start":{"line":78,"column":41},"end":{"line":105,"column":5}}}},"branchMap":{"0":{"loc":{"start":{"line":19,"column":4},"end":{"line":27,"column":5}},"type":"if","locations":[{"start":{"line":19,"column":4},"end":{"line":27,"column":5}},{"start":{},"end":{}}]},"1":{"loc":{"start":{"line":38,"column":34},"end":{"line":38,"column":61}},"type":"default-arg","locations":[{"start":{"line":38,"column":54},"end":{"line":38,"column":61}}]},"2":{"loc":{"start":{"line":43,"column":6},"end":{"line":58,"column":7}},"type":"if","locations":[{"start":{"line":43,"column":6},"end":{"line":58,"column":7}},{"start":{},"end":{}}]},"3":{"loc":{"start":{"line":44,"column":8},"end":{"line":56,"column":9}},"type":"if","locations":[{"start":{"line":44,"column":8},"end":{"line":56,"column":9}},{"start":{},"end":{}}]},"4":{"loc":{"start":{"line":45,"column":10},"end":{"line":53,"column":11}},"type":"if","locations":[{"start":{"line":45,"column":10},"end":{"line":53,"column":11}},{"start":{},"end":{}}]},"5":{"loc":{"start":{"line":72,"column":2},"end":{"line":72,"column":30}},"type":"default-arg","locations":[{"start":{"line":72,"column":22},"end":{"line":72,"column":30}}]},"6":{"loc":{"start":{"line":73,"column":2},"end":{"line":73,"column":52}},"type":"default-arg","locations":[{"start":{"line":73,"column":21},"end":{"line":73,"column":52}}]},"7":{"loc":{"start":{"line":79,"column":6},"end":{"line":103,"column":7}},"type":"if","locations":[{"start":{"line":79,"column":6},"end":{"line":103,"column":7}},{"start":{},"end":{}}]},"8":{"loc":{"start":{"line":80,"column":8},"end":{"line":101,"column":9}},"type":"if","locations":[{"start":{"line":80,"column":8},"end":{"line":101,"column":9}},{"start":{},"end":{}}]},"9":{"loc":{"start":{"line":81,"column":10},"end":{"line":89,"column":11}},"type":"if","locations":[{"start":{"line":81,"column":10},"end":{"line":89,"column":11}},{"start":{},"end":{}}]},"10":{"loc":{"start":{"line":90,"column":10},"end":{"line":98,"column":11}},"type":"if","locations":[{"start":{"line":90,"column":10},"end":{"line":98,"column":11}},{"start":{},"end":{}}]}},"s":{"0":1,"1":1,"2":1,"3":1,"4":1,"5":1,"6":0,"7":0,"8":0,"9":0,"10":1,"11":1,"12":0,"13":0,"14":0,"15":0,"16":0,"17":0,"18":0,"19":0,"20":0,"21":0,"22":0,"23":1,"24":1,"25":1,"26":0,"27":0,"28":0,"29":0,"30":0,"31":0,"32":0,"33":0,"34":0,"35":0,"36":0,"37":0,"38":0,"39":0,"40":1},"f":{"0":0,"1":1,"2":0,"3":0,"4":1,"5":0,"6":0},"b":{"0":[0,0],"1":[0],"2":[0,0],"3":[0,0],"4":[0,0],"5":[0],"6":[0],"7":[0,0],"8":[0,0],"9":[0,0],"10":[0,0]}}
,"C:\\Users\\DELL\\Desktop\\Crusty’s Express\\backend\\src\\middlewares\\validate.ts": {"path":"C:\\Users\\DELL\\Desktop\\Crusty’s Express\\backend\\src\\middlewares\\validate.ts","statementMap":{"0":{"start":{"line":2,"column":0},"end":{"line":2,"column":45}},"1":{"start":{"line":4,"column":24},"end":{"line":29,"column":1}},"2":{"start":{"line":4,"column":50},"end":{"line":29,"column":1}},"3":{"start":{"line":9,"column":2},"end":{"line":28,"column":3}},"4":{"start":{"line":10,"column":4},"end":{"line":14,"column":7}},"5":{"start":{"line":15,"column":4},"end":{"line":15,"column":11}},"6":{"start":{"line":17,"column":4},"end":{"line":26,"column":5}},"7":{"start":{"line":18,"column":6},"end":{"line":25,"column":9}},"8":{"start":{"line":21,"column":43},"end":{"line":24,"column":10}},"9":{"start":{"line":27,"column":4},"end":{"line":27,"column":16}},"10":{"start":{"line":4,"column":13},"end":{"line":4,"column":24}}},"fnMap":{"0":{"name":"(anonymous_0)","decl":{"start":{"line":4,"column":24},"end":{"line":4,"column":25}},"loc":{"start":{"line":4,"column":50},"end":{"line":29,"column":1}}},"1":{"name":"(anonymous_1)","decl":{"start":{"line":4,"column":50},"end":{"line":4,"column":null}},"loc":{"start":{"line":8,"column":4},"end":{"line":29,"column":1}}},"2":{"name":"(anonymous_2)","decl":{"start":{"line":21,"column":33},"end":{"line":21,"column":34}},"loc":{"start":{"line":21,"column":43},"end":{"line":24,"column":10}}}},"branchMap":{"0":{"loc":{"start":{"line":17,"column":4},"end":{"line":26,"column":5}},"type":"if","locations":[{"start":{"line":17,"column":4},"end":{"line":26,"column":5}},{"start":{},"end":{}}]}},"s":{"0":1,"1":1,"2":35,"3":8,"4":8,"5":8,"6":0,"7":0,"8":0,"9":0,"10":1},"f":{"0":35,"1":8,"2":0},"b":{"0":[0,0]}}
,"C:\\Users\\DELL\\Desktop\\Crusty’s Express\\backend\\src\\middlewares\\rate-limit\\testimonialsLimit.ts": {"path":"C:\\Users\\DELL\\Desktop\\Crusty’s Express\\backend\\src\\middlewares\\rate-limit\\testimonialsLimit.ts","statementMap":{"0":{"start":{"line":1,"column":0},"end":{"line":1,"column":43}},"1":{"start":{"line":2,"column":0},"end":{"line":2,"column":44}},"2":{"start":{"line":8,"column":13},"end":{"line":21,"column":3}},"3":{"start":{"line":18,"column":4},"end":{"line":18,"column":101}},"4":{"start":{"line":19,"column":4},"end":{"line":19,"column":57}}},"fnMap":{"0":{"name":"(anonymous_1)","decl":{"start":{"line":17,"column":11},"end":{"line":17,"column":12}},"loc":{"start":{"line":17,"column":39},"end":{"line":20,"column":3}}}},"branchMap":{},"s":{"0":1,"1":1,"2":1,"3":0,"4":0},"f":{"0":0},"b":{}}
,"C:\\Users\\DELL\\Desktop\\Crusty’s Express\\backend\\src\\modules\\admin\\admin.controller.ts": {"path":"C:\\Users\\DELL\\Desktop\\Crusty’s Express\\backend\\src\\modules\\admin\\admin.controller.ts","statementMap":{"0":{"start":{"line":2,"column":0},"end":{"line":2,"column":47}},"1":{"start":{"line":8,"column":29},"end":{"line":18,"column":3}},"2":{"start":{"line":9,"column":4},"end":{"line":17,"column":5}},"3":{"start":{"line":10,"column":19},"end":{"line":10,"column":58}},"4":{"start":{"line":11,"column":6},"end":{"line":14,"column":9}},"5":{"start":{"line":16,"column":6},"end":{"line":16,"column":18}},"6":{"start":{"line":23,"column":30},"end":{"line":33,"column":3}},"7":{"start":{"line":24,"column":4},"end":{"line":32,"column":5}},"8":{"start":{"line":25,"column":20},"end":{"line":25,"column":60}},"9":{"start":{"line":26,"column":6},"end":{"line":29,"column":9}},"10":{"start":{"line":31,"column":6},"end":{"line":31,"column":18}},"11":{"start":{"line":38,"column":28},"end":{"line":49,"column":3}},"12":{"start":{"line":39,"column":4},"end":{"line":48,"column":5}},"13":{"start":{"line":40,"column":21},"end":{"line":40,"column":51}},"14":{"start":{"line":41,"column":6},"end":{"line":45,"column":9}},"15":{"start":{"line":47,"column":6},"end":{"line":47,"column":18}},"16":{"start":{"line":54,"column":31},"end":{"line":64,"column":3}},"17":{"start":{"line":55,"column":4},"end":{"line":63,"column":5}},"18":{"start":{"line":56,"column":20},"end":{"line":56,"column":66}},"19":{"start":{"line":57,"column":6},"end":{"line":60,"column":9}},"20":{"start":{"line":62,"column":6},"end":{"line":62,"column":18}},"21":{"start":{"line":69,"column":30},"end":{"line":79,"column":3}},"22":{"start":{"line":70,"column":4},"end":{"line":78,"column":5}},"23":{"start":{"line":71,"column":20},"end":{"line":71,"column":75}},"24":{"start":{"line":72,"column":6},"end":{"line":75,"column":9}},"25":{"start":{"line":77,"column":6},"end":{"line":77,"column":18}},"26":{"start":{"line":84,"column":30},"end":{"line":94,"column":3}},"27":{"start":{"line":85,"column":4},"end":{"line":93,"column":5}},"28":{"start":{"line":86,"column":21},"end":{"line":86,"column":66}},"29":{"start":{"line":87,"column":6},"end":{"line":90,"column":9}},"30":{"start":{"line":92,"column":6},"end":{"line":92,"column":18}},"31":{"start":{"line":4,"column":0},"end":{"line":4,"column":13}}},"fnMap":{"0":{"name":"(anonymous_0)","decl":{"start":{"line":8,"column":29},"end":{"line":8,"column":34}},"loc":{"start":{"line":8,"column":87},"end":{"line":18,"column":3}}},"1":{"name":"(anonymous_1)","decl":{"start":{"line":23,"column":30},"end":{"line":23,"column":35}},"loc":{"start":{"line":23,"column":88},"end":{"line":33,"column":3}}},"2":{"name":"(anonymous_2)","decl":{"start":{"line":38,"column":28},"end":{"line":38,"column":33}},"loc":{"start":{"line":38,"column":86},"end":{"line":49,"column":3}}},"3":{"name":"(anonymous_3)","decl":{"start":{"line":54,"column":31},"end":{"line":54,"column":36}},"loc":{"start":{"line":54,"column":89},"end":{"line":64,"column":3}}},"4":{"name":"(anonymous_4)","decl":{"start":{"line":69,"column":30},"end":{"line":69,"column":35}},"loc":{"start":{"line":69,"column":88},"end":{"line":79,"column":3}}},"5":{"name":"(anonymous_5)","decl":{"start":{"line":84,"column":30},"end":{"line":84,"column":35}},"loc":{"start":{"line":84,"column":88},"end":{"line":94,"column":3}}}},"branchMap":{},"s":{"0":1,"1":1,"2":0,"3":0,"4":0,"5":0,"6":1,"7":0,"8":0,"9":0,"10":0,"11":1,"12":0,"13":0,"14":0,"15":0,"16":1,"17":0,"18":0,"19":0,"20":0,"21":1,"22":0,"23":0,"24":0,"25":0,"26":1,"27":0,"28":0,"29":0,"30":0,"31":1},"f":{"0":0,"1":0,"2":0,"3":0,"4":0,"5":0},"b":{}}
,"C:\\Users\\DELL\\Desktop\\Crusty’s Express\\backend\\src\\modules\\admin\\admin.service.ts": {"path":"C:\\Users\\DELL\\Desktop\\Crusty’s Express\\backend\\src\\modules\\admin\\admin.service.ts","statementMap":{"0":{"start":{"line":1,"column":0},"end":{"line":1,"column":30}},"1":{"start":{"line":2,"column":0},"end":{"line":2,"column":44}},"2":{"start":{"line":3,"column":0},"end":{"line":3,"column":48}},"3":{"start":{"line":11,"column":25},"end":{"line":13,"column":6}},"4":{"start":{"line":15,"column":4},"end":{"line":17,"column":5}},"5":{"start":{"line":16,"column":6},"end":{"line":16,"column":53}},"6":{"start":{"line":19,"column":17},"end":{"line":24,"column":6}},"7":{"start":{"line":26,"column":4},"end":{"line":26,"column":16}},"8":{"start":{"line":34,"column":26},"end":{"line":36,"column":6}},"9":{"start":{"line":38,"column":4},"end":{"line":40,"column":5}},"10":{"start":{"line":39,"column":6},"end":{"line":39,"column":99}},"11":{"start":{"line":43,"column":17},"end":{"line":45,"column":6}},"12":{"start":{"line":47,"column":4},"end":{"line":49,"column":5}},"13":{"start":{"line":48,"column":6},"end":{"line":48,"column":66}},"14":{"start":{"line":52,"column":27},"end":{"line":52,"column":63}},"15":{"start":{"line":55,"column":18},"end":{"line":65,"column":6}},"16":{"start":{"line":68,"column":50},"end":{"line":68,"column":55}},"17":{"start":{"line":69,"column":4},"end":{"line":69,"column":32}},"18":{"start":{"line":76,"column":19},"end":{"line":83,"column":6}},"19":{"start":{"line":86,"column":4},"end":{"line":86,"column":87}},"20":{"start":{"line":86,"column":65},"end":{"line":86,"column":85}},"21":{"start":{"line":93,"column":18},"end":{"line":98,"column":6}},"22":{"start":{"line":100,"column":4},"end":{"line":102,"column":5}},"23":{"start":{"line":101,"column":6},"end":{"line":101,"column":60}},"24":{"start":{"line":104,"column":50},"end":{"line":104,"column":55}},"25":{"start":{"line":105,"column":4},"end":{"line":105,"column":32}},"26":{"start":{"line":112,"column":18},"end":{"line":114,"column":6}},"27":{"start":{"line":116,"column":4},"end":{"line":118,"column":5}},"28":{"start":{"line":117,"column":6},"end":{"line":117,"column":60}},"29":{"start":{"line":120,"column":28},"end":{"line":120,"column":39}},"30":{"start":{"line":123,"column":4},"end":{"line":130,"column":5}},"31":{"start":{"line":124,"column":26},"end":{"line":126,"column":8}},"32":{"start":{"line":127,"column":6},"end":{"line":129,"column":7}},"33":{"start":{"line":128,"column":8},"end":{"line":128,"column":73}},"34":{"start":{"line":133,"column":4},"end":{"line":135,"column":5}},"35":{"start":{"line":134,"column":6},"end":{"line":134,"column":65}},"36":{"start":{"line":138,"column":4},"end":{"line":145,"column":5}},"37":{"start":{"line":139,"column":19},"end":{"line":141,"column":8}},"38":{"start":{"line":142,"column":6},"end":{"line":144,"column":7}},"39":{"start":{"line":143,"column":8},"end":{"line":143,"column":68}},"40":{"start":{"line":147,"column":25},"end":{"line":153,"column":6}},"41":{"start":{"line":155,"column":50},"end":{"line":155,"column":62}},"42":{"start":{"line":156,"column":4},"end":{"line":156,"column":32}},"43":{"start":{"line":163,"column":18},"end":{"line":168,"column":6}},"44":{"start":{"line":170,"column":4},"end":{"line":172,"column":5}},"45":{"start":{"line":171,"column":6},"end":{"line":171,"column":60}},"46":{"start":{"line":175,"column":4},"end":{"line":187,"column":5}},"47":{"start":{"line":176,"column":31},"end":{"line":182,"column":8}},"48":{"start":{"line":184,"column":6},"end":{"line":186,"column":7}},"49":{"start":{"line":185,"column":8},"end":{"line":185,"column":92}},"50":{"start":{"line":189,"column":4},"end":{"line":191,"column":7}},"51":{"start":{"line":193,"column":4},"end":{"line":193,"column":62}},"52":{"start":{"line":6,"column":0},"end":{"line":6,"column":13}}},"fnMap":{"0":{"name":"(anonymous_1)","decl":{"start":{"line":10,"column":9},"end":{"line":10,"column":15}},"loc":{"start":{"line":10,"column":62},"end":{"line":27,"column":3}}},"1":{"name":"(anonymous_2)","decl":{"start":{"line":32,"column":9},"end":{"line":32,"column":15}},"loc":{"start":{"line":32,"column":64},"end":{"line":70,"column":3}}},"2":{"name":"(anonymous_3)","decl":{"start":{"line":75,"column":9},"end":{"line":75,"column":15}},"loc":{"start":{"line":75,"column":31},"end":{"line":87,"column":3}}},"3":{"name":"(anonymous_4)","decl":{"start":{"line":86,"column":22},"end":{"line":86,"column":23}},"loc":{"start":{"line":86,"column":65},"end":{"line":86,"column":85}}},"4":{"name":"(anonymous_5)","decl":{"start":{"line":92,"column":9},"end":{"line":92,"column":15}},"loc":{"start":{"line":92,"column":45},"end":{"line":106,"column":3}}},"5":{"name":"(anonymous_6)","decl":{"start":{"line":111,"column":9},"end":{"line":111,"column":15}},"loc":{"start":{"line":111,"column":76},"end":{"line":157,"column":3}}},"6":{"name":"(anonymous_7)","decl":{"start":{"line":162,"column":9},"end":{"line":162,"column":15}},"loc":{"start":{"line":162,"column":44},"end":{"line":194,"column":3}}}},"branchMap":{"0":{"loc":{"start":{"line":15,"column":4},"end":{"line":17,"column":5}},"type":"if","locations":[{"start":{"line":15,"column":4},"end":{"line":17,"column":5}},{"start":{},"end":{}}]},"1":{"loc":{"start":{"line":38,"column":4},"end":{"line":40,"column":5}},"type":"if","locations":[{"start":{"line":38,"column":4},"end":{"line":40,"column":5}},{"start":{},"end":{}}]},"2":{"loc":{"start":{"line":47,"column":4},"end":{"line":49,"column":5}},"type":"if","locations":[{"start":{"line":47,"column":4},"end":{"line":49,"column":5}},{"start":{},"end":{}}]},"3":{"loc":{"start":{"line":100,"column":4},"end":{"line":102,"column":5}},"type":"if","locations":[{"start":{"line":100,"column":4},"end":{"line":102,"column":5}},{"start":{},"end":{}}]},"4":{"loc":{"start":{"line":116,"column":4},"end":{"line":118,"column":5}},"type":"if","locations":[{"start":{"line":116,"column":4},"end":{"line":118,"column":5}},{"start":{},"end":{}}]},"5":{"loc":{"start":{"line":123,"column":4},"end":{"line":130,"column":5}},"type":"if","locations":[{"start":{"line":123,"column":4},"end":{"line":130,"column":5}},{"start":{},"end":{}}]},"6":{"loc":{"start":{"line":123,"column":8},"end":{"line":123,"column":48}},"type":"binary-expr","locations":[{"start":{"line":123,"column":8},"end":{"line":123,"column":18}},{"start":{"line":123,"column":22},"end":{"line":123,"column":48}}]},"7":{"loc":{"start":{"line":127,"column":6},"end":{"line":129,"column":7}},"type":"if","locations":[{"start":{"line":127,"column":6},"end":{"line":129,"column":7}},{"start":{},"end":{}}]},"8":{"loc":{"start":{"line":133,"column":4},"end":{"line":135,"column":5}},"type":"if","locations":[{"start":{"line":133,"column":4},"end":{"line":135,"column":5}},{"start":{},"end":{}}]},"9":{"loc":{"start":{"line":138,"column":4},"end":{"line":145,"column":5}},"type":"if","locations":[{"start":{"line":138,"column":4},"end":{"line":145,"column":5}},{"start":{},"end":{}}]},"10":{"loc":{"start":{"line":142,"column":6},"end
[...]
,"column":5}},"10":{"start":{"line":31,"column":6},"end":{"line":33,"column":8}},"11":{"start":{"line":36,"column":44},"end":{"line":36,"column":58}},"12":{"start":{"line":38,"column":6},"end":{"line":40,"column":9}},"13":{"start":{"line":42,"column":6},"end":{"line":42,"column":87}},"14":{"start":{"line":43,"column":6},"end":{"line":43,"column":84}},"15":{"start":{"line":51,"column":4},"end":{"line":64,"column":5}},"16":{"start":{"line":52,"column":6},"end":{"line":54,"column":8}},"17":{"start":{"line":56,"column":44},"end":{"line":56,"column":58}},"18":{"start":{"line":58,"column":6},"end":{"line":60,"column":9}},"19":{"start":{"line":62,"column":6},"end":{"line":62,"column":86}},"20":{"start":{"line":63,"column":6},"end":{"line":63,"column":90}},"21":{"start":{"line":71,"column":4},"end":{"line":92,"column":5}},"22":{"start":{"line":72,"column":6},"end":{"line":74,"column":8}},"23":{"start":{"line":76,"column":22},"end":{"line":76,"column":71}},"24":{"start":{"line":78,"column":6},"end":{"line":80,"column":8}},"25":{"start":{"line":81,"column":6},"end":{"line":81,"column":21}},"26":{"start":{"line":83,"column":6},"end":{"line":85,"column":8}},"27":{"start":{"line":87,"column":6},"end":{"line":89,"column":7}},"28":{"start":{"line":88,"column":8},"end":{"line":88,"column":86}},"29":{"start":{"line":91,"column":6},"end":{"line":91,"column":61}},"30":{"start":{"line":99,"column":4},"end":{"line":118,"column":5}},"31":{"start":{"line":100,"column":6},"end":{"line":102,"column":8}},"32":{"start":{"line":104,"column":22},"end":{"line":104,"column":86}},"33":{"start":{"line":106,"column":6},"end":{"line":106,"column":96}},"34":{"start":{"line":107,"column":6},"end":{"line":107,"column":21}},"35":{"start":{"line":109,"column":6},"end":{"line":111,"column":8}},"36":{"start":{"line":113,"column":6},"end":{"line":115,"column":7}},"37":{"start":{"line":114,"column":8},"end":{"line":114,"column":84}},"38":{"start":{"line":117,"column":6},"end":{"line":117,"column":57}},"39":{"start":{"line":16,"column":0},"end":{"line":16,"column":13}}},"fnMap":{"0":{"name":"(anonymous_1)","decl":{"start":{"line":20,"column":10},"end":{"line":20,"column":16}},"loc":{"start":{"line":20,"column":48},"end":{"line":24,"column":3}}},"1":{"name":"(anonymous_2)","decl":{"start":{"line":29,"column":9},"end":{"line":29,"column":15}},"loc":{"start":{"line":29,"column":57},"end":{"line":45,"column":3}}},"2":{"name":"(anonymous_3)","decl":{"start":{"line":50,"column":9},"end":{"line":50,"column":15}},"loc":{"start":{"line":50,"column":65},"end":{"line":65,"column":3}}},"3":{"name":"(anonymous_4)","decl":{"start":{"line":70,"column":9},"end":{"line":70,"column":15}},"loc":{"start":{"line":70,"column":47},"end":{"line":93,"column":3}}},"4":{"name":"(anonymous_5)","decl":{"start":{"line":98,"column":9},"end":{"line":98,"column":15}},"loc":{"start":{"line":98,"column":48},"end":{"line":119,"column":3}}}},"branchMap":{"0":{"loc":{"start":{"line":21,"column":4},"end":{"line":21,"column":36}},"type":"if","locations":[{"start":{"line":21,"column":4},"end":{"line":21,"column":36}},{"start":{},"end":{}}]},"1":{"loc":{"start":{"line":22,"column":4},"end":{"line":22,"column":41}},"type":"if","locations":[{"start":{"line":22,"column":4},"end":{"line":22,"column":41}},{"start":{},"end":{}}]},"2":{"loc":{"start":{"line":87,"column":6},"end":{"line":89,"column":7}},"type":"if","locations":[{"start":{"line":87,"column":6},"end":{"line":89,"column":7}},{"start":{},"end":{}}]},"3":{"loc":{"start":{"line":113,"column":6},"end":{"line":115,"column":7}},"type":"if","locations":[{"start":{"line":113,"column":6},"end":{"line":115,"column":7}},{"start":{},"end":{}}]}},"s":{"0":1,"1":1,"2":1,"3":1,"4":5,"5":0,"6":5,"7":0,"8":5,"9":0,"10":0,"11":0,"12":0,"13":0,"14":0,"15":0,"16":0,"17":0,"18":0,"19":0,"20":0,"21":5,"22":5,"23":5,"24":3,"25":3,"26":2,"27":2,"28":1,"29":1,"30":0,"31":0,"32":0,"33":0,"34":0,"35":0,"36":0,"37":0,"38":0,"39":1},"f":{"0":5,"1":0,"2":0,"3":5,"4":0},"b":{"0":[0,5],"1":[0,5],"2":[1,1],"3":[0,0]}}
,"C:\\Users\\DELL\\Desktop\\Crusty’s Express\\backend\\src\\utils\\logger.ts": {"path":"C:\\Users\\DELL\\Desktop\\Crusty’s Express\\backend\\src\\utils\\logger.ts","statementMap":{"0":{"start":{"line":1,"column":0},"end":{"line":1,"column":30}},"1":{"start":{"line":2,"column":0},"end":{"line":2,"column":36}},"2":{"start":{"line":4,"column":15},"end":{"line":10,"column":2}},"3":{"start":{"line":12,"column":15},"end":{"line":18,"column":2}},"4":{"start":{"line":20,"column":0},"end":{"line":20,"column":26}},"5":{"start":{"line":22,"column":15},"end":{"line":27,"column":null}},"6":{"start":{"line":26,"column":14},"end":{"line":26,"column":68}},"7":{"start":{"line":30,"column":19},"end":{"line":32,"column":2}},"8":{"start":{"line":34,"column":13},"end":{"line":39,"column":3}}},"fnMap":{"0":{"name":"(anonymous_1)","decl":{"start":{"line":26,"column":4},"end":{"line":26,"column":5}},"loc":{"start":{"line":26,"column":14},"end":{"line":26,"column":68}}}},"branchMap":{"0":{"loc":{"start":{"line":35,"column":9},"end":{"line":35,"column":58}},"type":"cond-expr","locations":[{"start":{"line":35,"column":42},"end":{"line":35,"column":49}},{"start":{"line":35,"column":52},"end":{"line":35,"column":58}}]}},"s":{"0":1,"1":1,"2":1,"3":1,"4":1,"5":1,"6":134,"7":1,"8":1},"f":{"0":134},"b":{"0":[0,1]}}
,"C:\\Users\\DELL\\Desktop\\Crusty’s Express\\backend\\src\\utils\\prisma.ts": {"path":"C:\\Users\\DELL\\Desktop\\Crusty’s Express\\backend\\src\\utils\\prisma.ts","statementMap":{"0":{"start":{"line":1,"column":0},"end":{"line":1,"column":46}},"1":{"start":{"line":2,"column":0},"end":{"line":2,"column":36}},"2":{"start":{"line":4,"column":13},"end":{"line":6,"column":3}}},"fnMap":{},"branchMap":{"0":{"loc":{"start":{"line":5,"column":7},"end":{"line":5,"column":69}},"type":"cond-expr","locations":[{"start":{"line":5,"column":40},"end":{"line":5,"column":57}},{"start":{"line":5,"column":60},"end":{"line":5,"column":69}}]}},"s":{"0":1,"1":1,"2":1},"f":{},"b":{"0":[0,1]}}
,"C:\\Users\\DELL\\Desktop\\Crusty’s Express\\backend\\src\\utils\\queryBuilder.ts": {"path":"C:\\Users\\DELL\\Desktop\\Crusty’s Express\\backend\\src\\utils\\queryBuilder.ts","statementMap":{"0":{"start":{"line":33,"column":0},"end":{"line":33,"column":16}},"1":{"start":{"line":110,"column":0},"end":{"line":110,"column":16}},"2":{"start":{"line":38,"column":15},"end":{"line":38,"column":68}},"3":{"start":{"line":39,"column":16},"end":{"line":39,"column":86}},"4":{"start":{"line":40,"column":15},"end":{"line":40,"column":33}},"5":{"start":{"line":42,"column":21},"end":{"line":42,"column":23}},"6":{"start":{"line":43,"column":31},"end":{"line":43,"column":33}},"7":{"start":{"line":46,"column":2},"end":{"line":55,"column":3}},"8":{"start":{"line":47,"column":22},"end":{"line":47,"column":42}},"9":{"start":{"line":48,"column":25},"end":{"line":53,"column":7}},"10":{"start":{"line":48,"column":66},"end":{"line":53,"column":6}},"11":{"start":{"line":54,"column":4},"end":{"line":54,"column":45}},"12":{"start":{"line":58,"column":2},"end":{"line":71,"column":3}},"13":{"start":{"line":59,"column":4},"end":{"line":70,"column":7}},"14":{"start":{"line":60,"column":6},"end":{"line":69,"column":7}},"15":{"start":{"line":61,"column":20},"end":{"line":61,"column":33}},"16":{"start":{"line":64,"column":8},"end":{"line":66,"column":9}},"17":{"start":{"line":65,"column":10},"end":{"line":65,"column":53}},"18":{"start":{"line":68,"column":8},"end":{"line":68,"column":47}},"19":{"start":{"line":74,"column":2},"end":{"line":76,"column":3}},"20":{"start":{"line":75,"column":4},"end":{"line":75,"column":30}},"21":{"start":{"line":79,"column":17},"end":{"line":79,"column":45}},"22":{"start":{"line":80,"column":20},"end":{"line":80,"column":63}},"23":{"start":{"line":81,"column":18},"end":{"line":81,"column":41}},"24":{"start":{"line":83,"column":2},"end":{"line":90,"column":4}},"25":{"start":{"line":117,"column":16},"end":{"line":117,"column":45}},"26":{"start":{"line":118,"column":2},"end":{"line":130,"column":4}}},"fnMap":{"0":{"name":"buildPrismaQuery","decl":{"start":{"line":33,"column":16},"end":{"line":33,"column":32}},"loc":{"start":{"line":35,"column":39},"end":{"line":91,"column":1}}},"1":{"name":"(anonymous_1)","decl":{"start":{"line":48,"column":54},"end":{"line":48,"column":55}},"loc":{"start":{"line":48,"column":66},"end":{"line":53,"column":6}}},"2":{"name":"(anonymous_2)","decl":{"start":{"line":59,"column":33},"end":{"line":59,"column":34}},"loc":{"start":{"line":59,"column":43},"end":{"line":70,"column":5}}},"3":{"name":"formatPaginatedResult","decl":{"start":{"line":110,"column":16},"end":{"line":110,"column":37}},"loc":{"start":{"line":115,"column":44},"end":{"line":131,"column":1}}}},"branchMap":{"0":{"loc":{"start":{"line":35,"column":2},"end":{"line":35,"column":39}},"type":"default-arg","locations":[{"start":{"line":35,"column":37},"end":{"line":35,"column":39}}]},"1":{"loc":{"start":{"line":38,"column":27},"end":{"line":38,"column":67}},"type":"binary-expr","locations":[{"start":{"line":38,"column":27},"end":{"line":38,"column":62}},{"start":{"line":38,"column":66},"end":{"line":38,"column":67}}]},"2":{"loc":{"start":{"line":39,"column":42},"end":{"line":39,"column":84}},"type":"binary-expr","locations":[{"start":{"line":39,"column":42},"end":{"line":39,"column":78}},{"start":{"line":39,"column":82},"end":{"line":39,"column":84}}]},"3":{"loc":{"start":{"line":46,"column":2},"end":{"line":55,"column":3}},"type":"if","locations":[{"start":{"line":46,"column":2},"end":{"line":55,"column":3}},{"start":{},"end":{}}]},"4":{"loc":{"start":{"line":46,"column":6},"end":{"line":46,"column":86}},"type":"binary-expr","locations":[{"start":{"line":46,"column":6},"end":{"line":46,"column":19}},{"start":{"line":46,"column":23},"end":{"line":46,"column":47}},{"start":{"line":46,"column":51},"end":{"line":46,"column":86}}]},"5":{"loc":{"start":{"line":58,"column":2},"end":{"line":71,"column":3}},"type":"if","locations":[{"start":{"line":58,"column":2},"end":{"line":71,"column":3}},{"start":{},"end":{}}]},"6":{"loc":{"start":{"line":60,"column":6},"end":{"line":69,"column":7}},"type":"if","locations":[{"start":{"line":60,"column":6},"end":{"line":69,"column":7}},{"start":{},"end":{}}]},"7":{"loc":{"start":{"line":60,"column":10},"end":{"line":60,"column":87}},"type":"binary-expr","locations":[{"start":{"line":60,"column":10},"end":{"line":60,"column":37}},{"start":{"line":60,"column":41},"end":{"line":60,"column":63}},{"start":{"line":60,"column":67},"end":{"line":60,"column":87}}]},"8":{"loc":{"start":{"line":64,"column":8},"end":{"line":66,"column":9}},"type":"if","locations":[{"start":{"line":64,"column":8},"end":{"line":66,"column":9}},{"start":{},"end":{}}]},"9":{"loc":{"start":{"line":65,"column":18},"end":{"line":65,"column":52}},"type":"binary-expr","locations":[{"start":{"line":65,"column":18},"end":{"line":65,"column":34}},{"start":{"line":65,"column":38},"end":{"line":65,"column":52}}]},"10":{"loc":{"start":{"line":74,"column":2},"end":{"line":76,"column":3}},"type":"if","locations":[{"start":{"line":74,"column":2},"end":{"line":76,"column":3}},{"start":{},"end":{}}]},"11":{"loc":{"start":{"line":79,"column":17},"end":{"line":79,"column":45}},"type":"binary-expr","locations":[{"start":{"line":79,"column":17},"end":{"line":79,"column":30}},{"start":{"line":79,"column":34},"end":{"line":79,"column":45}}]},"12":{"loc":{"start":{"line":80,"column":20},"end":{"line":80,"column":63}},"type":"cond-expr","locations":[{"start":{"line":80,"column":49},"end":{"line":80,"column":54}},{"start":{"line":80,"column":57},"end":{"line":80,"column":63}}]},"13":{"loc":{"start":{"line":115,"column":2},"end":{"line":115,"column":44}},"type":"default-arg","locations":[{"start":{"line":115,"column":12},"end":{"line":115,"column":44}}]},"14":{"loc":{"start":{"line":117,"column":16},"end":{"line":117,"column":45}},"type":"binary-expr","locations":[{"start":{"line":117,"column":16},"end":{"line":117,"column":40}},{"start":{"line":117,"column":44},"end":{"line":117,"column":45}}]}},"s":{"0":1,"1":1,"2":0,"3":0,"4":0,"5":0,"6":0,"7":0,"8":0,"9":0,"10":0,"11":0,"12":0,"13":0,"14":0,"15":0,"16":0,"17":0,"18":0,"19":0,"20":0,"21":0,"22":0,"23":0,"24":0,"25":0,"26":0},"f":{"0":0,"1":0,"2":0,"3":0},"b":{"0":[0],"1":[0,0],"2":[0,0],"3":[0,0],"4":[0,0,0],"5":[0,0],"6":[0,0],"7":[0,0,0],"8":[0,0],"9":[0,0],"10":[0,0],"11":[0,0],"12":[0,0],"13":[0],"14":[0,0]}}
,"C:\\Users\\DELL\\Desktop\\Crusty’s Express\\backend\\src\\utils\\sanitizeInput.ts": {"path":"C:\\Users\\DELL\\Desktop\\Crusty’s Express\\backend\\src\\utils\\sanitizeInput.ts","statementMap":{"0":{"start":{"line":6,"column":0},"end":{"line":6,"column":16}},"1":{"start":{"line":14,"column":0},"end":{"line":14,"column":16}},"2":{"start":{"line":1,"column":0},"end":{"line":1,"column":28}},"3":{"start":{"line":7,"column":2},"end":{"line":7,"column":24}},"4":{"start":{"line":7,"column":14},"end":{"line":7,"column":24}},"5":{"start":{"line":8,"column":2},"end":{"line":8,"column":33}},"6":{"start":{"line":15,"column":2},"end":{"line":17,"column":3}},"7":{"start":{"line":16,"column":4},"end":{"line":16,"column":15}},"8":{"start":{"line":19,"column":22},"end":{"line":19,"column":50}},"9":{"start":{"line":21,"column":2},"end":{"line":32,"column":3}},"10":{"start":{"line":22,"column":4},"end":{"line":31,"column":5}},"11":{"start":{"line":23,"column":18},"end":{"line":23,"column":26}},"12":{"start":{"line":24,"column":6},"end":{"line":30,"column":7}},"13":{"start":{"line":25,"column":8},"end":{"line":25,"column":41}},"14":{"start":{"line":26,"column":13},"end":{"line":30,"column":7}},"15":{"start":{"line":27,"column":8},"end":{"line":27,"column":42}},"16":{"start":{"line":29,"column":8},"end":{"line":29,"column":26}},"17":{"start":{"line":34,"column":2},"end":{"line":34,"column":21}}},"fnMap":{"0":{"name":"sanitizeInput","decl":{"start":{"line":6,"column":16},"end":{"line":6,"column":29}},"loc":{"start":{"line":6,"column":43},"end":{"line":9,"column":1}}},"1":{"name":"sanitizeObject","decl":{"start":{"line":14,"column":16},"end":{"line":14,"column":30}},"loc":{"start":{"line":14,"column":40},"end":{"line":35,"column":1}}}},"branchMap":{"0":{"loc":{"start":{"line":7,"column":2},"end":{"line":7,"column":24}},"type":"if","locations":[{"start":{"line":7,"column":2},"end":{"line":7,"column":24}},{"start":{},"end":{}}]},"1":{"loc":{"start":{"line":15,"column":2},"end":{"line":17,"column":3}},"type":"if","locations":[{"start":{"line":15,"column":2},"end":{"line":17,"column":3}},{"start":{},"end":{}}]},"2":{"loc":{"start":{"line":15,"column":6},"end":{"line":15,"column":45}},"type":"binary-expr","locations":[{"start":{"line":15,"column":6},"end":{"line":15,"column":29}},{"start":{"line":15,"column":33},"end":{"line":15,"column":45}}]},"3":{"loc":{"start":{"line":19,"column":22},"end":{"line":19,"column":50}},"type":"cond-expr","locations":[{"start":{"line":19,"column":43},"end":{"line":19,"column":45}},{"start":{"line":19,"column":48},"end":{"line":19,"column":50}}]},"4":{"loc":{"start":{"line":22,"column":4},"end":{"line":31,"column":5}},"type":"if","locations":[{"start":{"line":22,"column":4},"end":{"line":31,"column":5}},{"start":{},"end":{}}]},"5":{"loc":{"start":{"line":24,"column":6},"end":{"line":30,"column":7}},"type":"if","locations":[{"start":{"line":24,"column":6},"end":{"line":30,"column":7}},{"start":{"line":26,"column":13},"end":{"line":30,"column":7}}]},"6":{"loc":{"start":{"line":26,"column":13},"end":{"line":30,"column":7}},"type":"if","locations":[{"start":{"line":26,"column":13},"end":{"line":30,"column":7}},{"start":{"line":28,"column":13},"end":{"line":30,"column":7}}]},"7":{"loc":{"start":{"line":26,"column":17},"end":{"line":26,"column":56}},"type":"binary-expr","locations":[{"start":{"line":26,"column":17},"end":{"line":26,"column":40}},{"start":{"line":26,"column":44},"end":{"line":26,"column":56}}]}},"s":{"0":1,"1":1,"2":1,"3":2,"4":0,"5":2,"6":1,"7":0,"8":1,"9":1,"10":3,"11":3,"12":3,"13":2,"14":1,"15":0,"16":1,"17":1},"f":{"0":2,"1":1},"b":{"0":[0,2],"1":[0,1],"2":[1,1],"3":[0,1],"4":[3,0],"5":[2,1],"6":[0,1],"7":[1,0]}}
,"C:\\Users\\DELL\\Desktop\\Crusty’s Express\\backend\\src\\utils\\slugify.ts": {"path":"C:\\Users\\DELL\\Desktop\\Crusty’s Express\\backend\\src\\utils\\slugify.ts","statementMap":{"0":{"start":{"line":4,"column":23},"end":{"line":16,"column":1}},"1":{"start":{"line":5,"column":2},"end":{"line":15,"column":24}},"2":{"start":{"line":4,"column":13},"end":{"line":4,"column":23}}},"fnMap":{"0":{"name":"(anonymous_0)","decl":{"start":{"line":4,"column":23},"end":{"line":4,"column":24}},"loc":{"start":{"line":4,"column":48},"end":{"line":16,"column":1}}}},"branchMap":{},"s":{"0":1,"1":0,"2":1},"f":{"0":0},"b":{}}
,"C:\\Users\\DELL\\Desktop\\Crusty’s Express\\backend\\src\\utils\\testimonialSpamCheck.ts": {"path":"C:\\Users\\DELL\\Desktop\\Crusty’s Express\\backend\\src\\utils\\testimonialSpamCheck.ts","statementMap":{"0":{"start":{"line":9,"column":0},"end":{"line":9,"column":7}},"1":{"start":{"line":1,"column":0},"end":{"line":1,"column":34}},"2":{"start":{"line":2,"column":0},"end":{"line":2,"column":38}},"3":{"start":{"line":3,"column":0},"end":{"line":3,"column":34}},"4":{"start":{"line":10,"column":25},"end":{"line":10,"column":65}},"5":{"start":{"line":11,"column":28},"end":{"line":11,"column":63}},"6":{"start":{"line":14,"column":2},"end":{"line":17,"column":3}},"7":{"start":{"line":15,"column":4},"end":{"line":15,"column":107}},"8":{"start":{"line":16,"column":4},"end":{"line":16,"column":85}},"9":{"start":{"line":21,"column":28},"end":{"line":21,"column":85}},"10":{"start":{"line":22,"column":22},"end":{"line":22,"column":46}},"11":{"start":{"line":23,"column":28},"end":{"line":23,"column":59}},"12":{"start":{"line":25,"column":2},"end":{"line":32,"column":3}},"13":{"start":{"line":26,"column":4},"end":{"line":30,"column":6}},"14":{"start":{"line":31,"column":4},"end":{"line":31,"column":108}},"15":{"start":{"line":35,"column":27},"end":{"line":37,"column":4}},"16":{"start":{"line":39,"column":2},"end":{"line":42,"column":3}},"17":{"start":{"line":40,"column":4},"end":{"line":40,"column":84}},"18":{"start":{"line":41,"column":4},"end":{"line":41,"column":84}},"19":{"start":{"line":46,"column":24},"end":{"line":46,"column":60}},"20":{"start":{"line":47,"column":27},"end":{"line":52,"column":4}},"21":{"start":{"line":54,"column":2},"end":{"line":62,"column":3}},"22":{"start":{"line":55,"column":4},"end":{"line":57,"column":6}},"23":{"start":{"line":58,"column":4},"end":{"line":61,"column":6}}},"fnMap":{"0":{"name":"detectTestimonialSpam","decl":{"start":{"line":9,"column":22},"end":{"line":9,"column":43}},"loc":{"start":{"line":9,"column":81},"end":{"line":63,"column":1}}}},"branchMap":{"0":{"loc":{"start":{"line":14,"column":2},"end":{"line":17,"column":3}},"type":"if","locations":[{"start":{"line":14,"column":2},"end":{"line":17,"column":3}},{"start":{},"end":{}}]},"1":{"loc":{"start":{"line":21,"column":29},"end":{"line":21,"column":77}},"type":"binary-expr","locations":[{"start":{"line":21,"column":29},"end":{"line":21,"column":71}},{"start":{"line":21,"column":75},"end":{"line":21,"column":77}}]},"2":{"loc":{"start":{"line":25,"column":2},"end":{"line":32,"column":3}},"type":"if","locations":[{"start":{"line":25,"column":2},"end":{"line":32,"column":3}},{"start":{},"end":{}}]},"3":{"loc":{"start":{"line":39,"column":2},"end":{"line":42,"column":3}},"type":"if","locations":[{"start":{"line":39,"column":2},"end":{"line":42,"column":3}},{"start":{},"end":{}}]},"4":{"loc":{"start":{"line":54,"column":2},"end":{"line":62,"column":3}},"type":"if","locations":[{"start":{"line":54,"column":2},"end":{"line":62,"column":3}},{"start":{},"end":{}}]}},"s":{"0":1,"1":1,"2":1,"3":1,"4":1,"5":1,"6":1,"7":0,"8":0,"9":1,"10":1,"11":1,"12":1,"13":0,"14":0,"15":1,"16":1,"17":0,"18":0,"19":1,"20":1,"21":1,"22":0,"23":0},"f":{"0":1},"b":{"0":[0,1],"1":[1,0],"2":[0,1],"3":[0,1],"4":[0,1]}}
}
