TN:
SF:src\app.ts
FN:107,(anonymous_1)
FN:227,(anonymous_2)
FN:237,(anonymous_3)
FN:266,(anonymous_4)
FNF:4
FNH:1
FNDA:7,(anonymous_1)
FNDA:0,(anonymous_2)
FNDA:0,(anonymous_3)
FNDA:0,(anonymous_4)
DA:1,1
DA:2,1
DA:3,1
DA:4,1
DA:5,1
DA:6,1
DA:7,1
DA:8,1
DA:9,1
DA:10,1
DA:11,1
DA:12,1
DA:13,1
DA:14,1
DA:15,1
DA:16,1
DA:17,1
DA:18,1
DA:19,1
DA:20,1
DA:21,1
DA:22,1
DA:23,1
DA:26,1
DA:27,1
DA:28,1
DA:29,1
DA:30,1
DA:31,1
DA:32,1
DA:34,1
DA:39,1
DA:44,1
DA:49,1
DA:54,1
DA:55,1
DA:65,1
DA:69,1
DA:77,1
DA:78,1
DA:83,1
DA:88,1
DA:93,1
DA:98,1
DA:103,1
DA:104,1
DA:107,7
DA:115,1
DA:197,1
DA:198,1
DA:199,1
DA:200,1
DA:201,1
DA:202,1
DA:203,1
DA:204,1
DA:205,1
DA:206,1
DA:207,1
DA:208,1
DA:211,1
DA:212,1
DA:213,1
DA:214,1
DA:215,1
DA:216,1
DA:217,1
DA:218,1
DA:219,1
DA:220,1
DA:221,1
DA:227,1
DA:228,0
DA:237,1
DA:238,0
DA:239,0
DA:240,0
DA:253,0
DA:254,0
DA:262,1
DA:263,1
DA:266,1
DA:267,0
DA:276,1
DA:279,1
DA:281,1
LF:86
LH:79
BRDA:103,0,0,0
BRDA:103,0,1,1
BRF:2
BRH:1
end_of_record
TN:
SF:src\metrics\queue.metrics.ts
FN:21,(anonymous_0)
FN:28,(anonymous_1)
FN:83,(anonymous_2)
FNF:3
FNH:1
FNDA:1,(anonymous_0)
FNDA:0,(anonymous_1)
FNDA:0,(anonymous_2)
DA:1,1
DA:2,1
DA:3,1
DA:15,1
DA:16,1
DA:22,1
DA:29,0
DA:31,0
DA:32,0
DA:34,0
DA:35,0
DA:39,0
DA:40,0
DA:49,0
DA:60,0
DA:61,0
DA:62,0
DA:63,0
DA:64,0
DA:68,0
DA:78,0
DA:79,0
DA:84,0
LF:23
LH:6
BRDA:29,0,0,0
BRDA:29,0,1,0
BRDA:61,1,0,0
BRDA:61,1,1,0
BRDA:63,2,0,0
BRDA:63,2,1,0
BRDA:63,3,0,0
BRDA:63,3,1,0
BRF:8
BRH:0
end_of_record
TN:
SF:src\metrics\security.metrics.ts
FN:38,(anonymous_0)
FN:42,(anonymous_1)
FN:46,(anonymous_2)
FN:50,(anonymous_3)
FN:53,(anonymous_4)
FN:55,(anonymous_5)
FN:58,(anonymous_6)
FN:79,(anonymous_7)
FNF:8
FNH:1
FNDA:7,(anonymous_0)
FNDA:0,(anonymous_1)
FNDA:0,(anonymous_2)
FNDA:0,(anonymous_3)
FNDA:0,(anonymous_4)
FNDA:0,(anonymous_5)
FNDA:0,(anonymous_6)
FNDA:0,(anonymous_7)
DA:7,1
DA:27,1
DA:28,1
DA:29,1
DA:30,1
DA:31,1
DA:32,1
DA:33,1
DA:34,1
DA:35,1
DA:36,1
DA:39,7
DA:43,0
DA:47,0
DA:52,0
DA:53,0
DA:55,0
DA:57,0
DA:58,0
DA:59,0
DA:62,0
DA:80,0
DA:81,0
DA:82,0
DA:83,0
DA:84,0
DA:85,0
DA:86,0
DA:87,0
DA:88,0
DA:89,0
DA:90,0
DA:94,1
LF:33
LH:13
BRDA:43,0,0,0
BRDA:43,0,1,0
BRDA:47,1,0,0
BRDA:47,1,1,0
BRF:4
BRH:0
end_of_record
TN:
SF:src\metrics\upload.metrics.ts
FN:26,(anonymous_1)
FN:47,(anonymous_2)
FN:58,(anonymous_3)
FN:69,(anonymous_4)
FNF:4
FNH:0
FNDA:0,(anonymous_1)
FNDA:0,(anonymous_2)
FNDA:0,(anonymous_3)
FNDA:0,(anonymous_4)
DA:1,1
DA:2,1
DA:3,1
DA:15,1
DA:16,1
DA:21,1
DA:31,0
DA:32,0
DA:33,0
DA:40,0
DA:48,0
DA:49,0
DA:51,0
DA:59,0
DA:60,0
DA:62,0
DA:70,0
DA:71,0
DA:79,0
DA:88,0
DA:89,0
DA:90,0
DA:92,0
DA:93,0
DA:94,0
DA:95,0
DA:96,0
DA:98,0
DA:108,0
DA:109,0
LF:30
LH:6
BRDA:88,0,0,0
BRDA:88,0,1,0
BRDA:89,1,0,0
BRDA:89,1,1,0
BRDA:92,2,0,0
BRDA:92,2,1,0
BRDA:93,3,0,0
BRDA:93,3,1,0
BRDA:93,4,0,0
BRDA:93,4,1,0
BRDA:94,5,0,0
BRDA:94,5,1,0
BRDA:94,6,0,0
BRDA:94,6,1,0
BRDA:95,7,0,0
BRDA:95,7,1,0
BRDA:95,8,0,0
BRDA:95,8,1,0
BRDA:96,9,0,0
BRDA:96,9,1,0
BRF:20
BRH:0
end_of_record
TN:
SF:src\middlewares\api-rate-limit.middleware.ts
FN:23,(anonymous_1)
FN:32,(anonymous_2)
FN:36,(anonymous_3)
FN:41,(anonymous_4)
FNF:4
FNH:1
FNDA:7,(anonymous_1)
FNDA:0,(anonymous_2)
FNDA:0,(anonymous_3)
FNDA:0,(anonymous_4)
DA:10,1
DA:12,1
DA:13,1
DA:14,1
DA:16,1
DA:24,7
DA:25,7
DA:26,7
DA:27,0
DA:29,7
DA:31,0
DA:32,0
DA:37,0
DA:42,0
DA:44,0
DA:45,0
DA:47,0
DA:58,0
DA:66,1
LF:19
LH:10
BRDA:24,0,0,7
BRDA:24,0,1,0
BRDA:25,1,0,7
BRDA:25,1,1,7
BRDA:25,1,2,0
BRDA:25,1,3,0
BRDA:26,2,0,0
BRDA:26,2,1,7
BRDA:37,3,0,0
BRDA:37,3,1,0
BRDA:37,3,2,0
BRDA:42,4,0,0
BRDA:42,4,1,0
BRDA:42,4,2,0
BRF:14
BRH:4
end_of_record
TN:
SF:src\middlewares\auth-rate-limit.middleware.ts
FN:21,(anonymous_1)
FN:32,(anonymous_2)
FN:36,(anonymous_3)
FNF:3
FNH:0
FNDA:0,(anonymous_1)
FNDA:0,(anonymous_2)
FNDA:0,(anonymous_3)
DA:10,1
DA:12,1
DA:13,1
DA:14,1
DA:16,1
DA:22,0
DA:23,0
DA:24,0
DA:25,0
DA:27,0
DA:29,0
DA:33,0
DA:37,0
DA:39,0
DA:40,0
DA:41,0
DA:43,0
DA:54,0
LF:18
LH:5
BRDA:22,0,0,0
BRDA:22,0,1,0
BRDA:23,1,0,0
BRDA:23,1,1,0
BRDA:23,1,2,0
BRDA:23,1,3,0
BRDA:24,2,0,0
BRDA:24,2,1,0
BRDA:33,3,0,0
BRDA:33,3,1,0
BRDA:33,3,2,0
BRDA:37,4,0,0
BRDA:37,4,1,0
BRDA:37,4,2,0
BRF:14
BRH:0
end_of_record
TN:
SF:src\middlewares\authPlaceholders.ts
FN:9,(anonymous_0)
FN:24,(anonymous_1)
FN:25,(anonymous_2)
FNF:3
FNH:1
FNDA:0,(anonymous_0)
FNDA:3,(anonymous_1)
FNDA:0,(anonymous_2)
DA:2,1
DA:9,1
DA:11,0
DA:17,0
DA:24,1
DA:25,3
DA:26,0
DA:27,0
DA:30,0
DA:31,0
DA:34,0
LF:11
LH:4
BRDA:26,0,0,0
BRDA:26,0,1,0
BRDA:30,1,0,0
BRDA:30,1,1,0
BRF:4
BRH:0
end_of_record
TN:
SF:src\middlewares\authenticate.ts
FN:10,(anonymous_0)
FN:32,(anonymous_1)
FNF:2
FNH:2
FNDA:5,(anonymous_0)
FNDA:5,(anonymous_1)
DA:2,1
DA:3,1
DA:4,1
DA:10,1
DA:11,5
DA:13,5
DA:15,5
DA:16,5
DA:19,5
DA:20,0
DA:22,5
DA:23,0
DA:26,5
DA:32,1
DA:33,5
DA:34,5
DA:35,5
DA:37,5
DA:38,0
DA:39,0
DA:43,5
DA:46,5
DA:47,5
DA:49,0
LF:24
LH:19
BRDA:11,0,0,0
BRDA:11,0,1,5
BRDA:19,1,0,0
BRDA:19,1,1,5
BRDA:19,2,0,5
BRDA:19,2,1,0
BRDA:22,3,0,0
BRDA:22,3,1,5
BRDA:22,4,0,5
BRDA:22,4,1,0
BRDA:26,5,0,5
BRDA:26,5,1,0
BRDA:37,6,0,0
BRDA:37,6,1,5
BRF:14
BRH:7
end_of_record
TN:
SF:src\middlewares\authorize.ts
FN:8,(anonymous_0)
FN:9,(anonymous_1)
FN:18,(anonymous_2)
FN:19,(anonymous_3)
FNF:4
FNH:1
FNDA:15,(anonymous_0)
FNDA:0,(anonymous_1)
FNDA:0,(anonymous_2)
FNDA:0,(anonymous_3)
DA:2,1
DA:8,1
DA:9,15
DA:10,0
DA:11,0
DA:14,0
DA:17,0
DA:18,0
DA:19,0
DA:21,0
DA:22,0
DA:25,0
LF:12
LH:3
BRDA:10,0,0,0
BRDA:10,0,1,0
BRDA:17,1,0,0
BRDA:17,1,1,0
BRDA:17,1,2,0
BRDA:21,2,0,0
BRDA:21,2,1,0
BRF:7
BRH:0
end_of_record
TN:
SF:src\middlewares\brute-force.middleware.ts
FN:15,(anonymous_0)
FNF:1
FNH:0
FNDA:0,(anonymous_0)
DA:11,1
DA:12,1
DA:13,1
DA:15,1
DA:16,0
DA:17,0
DA:19,0
DA:20,0
DA:22,0
DA:23,0
DA:25,0
DA:37,0
DA:43,0
DA:46,0
LF:14
LH:4
BRDA:16,0,0,0
BRDA:16,0,1,0
BRDA:16,0,2,0
BRDA:19,1,0,0
BRDA:19,1,1,0
BRF:5
BRH:0
end_of_record
TN:
SF:src\middlewares\errorHandler.ts
FN:6,(anonymous_0)
FNF:1
FNH:1
FNDA:2,(anonymous_0)
DA:2,1
DA:3,1
DA:4,1
DA:6,1
DA:12,2
DA:13,2
DA:14,2
DA:16,2
DA:17,2
DA:18,2
DA:19,2
DA:23,2
DA:24,0
DA:26,2
DA:33,2
DA:38,2
DA:39,0
DA:42,2
LF:18
LH:16
BRDA:16,0,0,2
BRDA:16,0,1,0
BRDA:23,1,0,0
BRDA:23,1,1,2
BRDA:34,2,0,0
BRDA:34,2,1,2
BRDA:38,3,0,0
BRDA:38,3,1,2
BRF:8
BRH:4
end_of_record
TN:
SF:src\middlewares\ip-tracking.middleware.ts
FN:37,(anonymous_1)
FNF:1
FNH:1
FNDA:7,(anonymous_1)
DA:11,1
DA:12,1
DA:13,1
DA:14,1
DA:37,1
DA:38,7
DA:39,0
DA:42,7
DA:45,7
DA:47,7
DA:48,7
DA:50,7
DA:60,7
DA:61,7
DA:62,7
DA:64,7
DA:73,7
DA:87,7
DA:89,7
LF:19
LH:18
BRDA:38,0,0,0
BRDA:38,0,1,7
BRDA:42,1,0,7
BRDA:42,1,1,0
BRDA:42,1,2,0
BRDA:45,2,0,7
BRDA:45,2,1,0
BRDA:51,3,0,7
BRDA:51,3,1,7
BRDA:52,4,0,7
BRDA:52,4,1,7
BRDA:53,5,0,7
BRDA:53,5,1,7
BRDA:54,6,0,7
BRDA:54,6,1,7
BRDA:55,7,0,7
BRDA:55,7,1,7
BRDA:60,8,0,7
BRDA:60,8,1,0
BRDA:61,9,0,7
BRDA:61,9,1,7
BRDA:77,10,0,7
BRDA:77,10,1,0
BRDA:83,11,0,0
BRDA:83,11,1,7
BRF:25
BRH:18
end_of_record
TN:
SF:src\middlewares\notFound.ts
FN:4,(anonymous_0)
FNF:1
FNH:0
FNDA:0,(anonymous_0)
DA:2,1
DA:4,1
DA:5,0
LF:3
LH:2
BRF:0
BRH:0
end_of_record
TN:
SF:src\middlewares\rateLimit.ts
FN:17,(anonymous_1)
FN:27,(anonymous_2)
FNF:2
FNH:0
FNDA:0,(anonymous_1)
FNDA:0,(anonymous_2)
DA:1,1
DA:2,1
DA:8,1
DA:18,0
DA:19,0
DA:20,0
DA:21,0
DA:23,0
DA:25,0
DA:28,0
DA:29,0
DA:32,1
LF:12
LH:4
BRDA:18,0,0,0
BRDA:18,0,1,0
BRDA:19,1,0,0
BRDA:19,1,1,0
BRDA:19,1,2,0
BRDA:19,1,3,0
BRDA:20,2,0,0
BRDA:20,2,1,0
BRF:8
BRH:0
end_of_record
TN:
SF:src\middlewares\request-fingerprint.middleware.ts
FN:29,(anonymous_1)
FNF:1
FNH:1
FNDA:7,(anonymous_1)
DA:11,1
DA:29,1
DA:30,7
DA:38,7
DA:40,7
DA:41,7
DA:43,7
LF:7
LH:7
BRDA:31,0,0,7
BRDA:31,0,1,0
BRDA:31,0,2,0
BRDA:32,1,0,7
BRDA:32,1,1,7
BRDA:33,2,0,7
BRDA:33,2,1,7
BRDA:34,3,0,7
BRDA:34,3,1,0
BRDA:35,4,0,7
BRDA:35,4,1,0
BRF:11
BRH:7
end_of_record
TN:
SF:src\middlewares\sanitizeBody.ts
FN:8,(anonymous_0)
FNF:1
FNH:0
FNDA:0,(anonymous_0)
DA:2,1
DA:8,1
DA:9,0
DA:10,0
DA:12,0
LF:5
LH:2
BRDA:9,0,0,0
BRDA:9,0,1,0
BRF:2
BRH:0
end_of_record
TN:
SF:src\middlewares\security.middleware.ts
FNF:0
FNH:0
DA:7,1
DA:8,1
DA:10,1
DA:17,1
DA:40,1
LF:5
LH:5
BRF:0
BRH:0
end_of_record
TN:
SF:src\middlewares\suspicious-request.middleware.ts
FN:16,(anonymous_0)
FN:87,(anonymous_1)
FN:88,(anonymous_2)
FN:99,(anonymous_3)
FN:102,(anonymous_4)
FNF:5
FNH:1
FNDA:7,(anonymous_0)
FNDA:0,(anonymous_1)
FNDA:0,(anonymous_2)
FNDA:0,(anonymous_3)
FNDA:0,(anonymous_4)
DA:11,1
DA:12,1
DA:13,1
DA:16,1
DA:17,7
DA:18,7
DA:19,7
DA:21,7
DA:32,7
DA:33,0
DA:34,0
DA:36,0
DA:49,0
DA:54,0
DA:58,7
DA:59,0
DA:60,0
DA:62,0
DA:74,0
DA:79,0
DA:83,7
DA:84,0
DA:85,0
DA:87,0
DA:88,0
DA:90,0
DA:99,0
DA:102,0
DA:110,0
DA:115,0
DA:119,7
DA:120,0
DA:121,0
DA:123,0
DA:137,7
DA:138,7
DA:140,7
DA:151,7
LF:38
LH:16
BRDA:17,0,0,7
BRDA:17,0,1,0
BRDA:17,0,2,0
BRDA:18,1,0,7
BRDA:18,1,1,7
BRDA:19,2,0,7
BRDA:19,2,1,0
BRDA:32,3,0,0
BRDA:32,3,1,7
BRDA:44,4,0,0
BRDA:44,4,1,0
BRDA:58,5,0,0
BRDA:58,5,1,7
BRDA:83,6,0,0
BRDA:83,6,1,7
BRDA:98,7,0,0
BRDA:98,7,1,0
BRDA:119,8,0,0
BRDA:119,8,1,7
BRDA:137,9,0,7
BRDA:137,9,1,0
BRF:21
BRH:9
end_of_record
TN:
SF:src\middlewares\upload-rate-limit.middleware.ts
FN:23,(anonymous_1)
FNF:1
FNH:0
FNDA:0,(anonymous_1)
DA:1,1
DA:2,1
DA:14,1
DA:24,0
DA:27,0
LF:5
LH:3
BRF:0
BRH:0
end_of_record
TN:
SF:src\middlewares\upload.middleware.ts
FN:17,(anonymous_9)
FN:38,(anonymous_10)
FN:39,(anonymous_11)
FN:42,(anonymous_12)
FN:71,(anonymous_13)
FN:75,(anonymous_14)
FN:78,(anonymous_15)
FNF:7
FNH:2
FNDA:0,(anonymous_9)
FNDA:1,(anonymous_10)
FNDA:0,(anonymous_11)
FNDA:0,(anonymous_12)
FNDA:1,(anonymous_13)
FNDA:0,(anonymous_14)
FNDA:0,(anonymous_15)
DA:2,1
DA:3,1
DA:4,1
DA:5,1
DA:8,1
DA:11,1
DA:19,0
DA:20,0
DA:21,0
DA:28,0
DA:38,1
DA:39,1
DA:40,0
DA:42,0
DA:43,0
DA:44,0
DA:45,0
DA:46,0
DA:47,0
DA:54,0
DA:55,0
DA:57,0
DA:59,0
DA:71,1
DA:75,1
DA:76,0
DA:78,0
DA:79,0
DA:80,0
DA:81,0
DA:82,0
DA:83,0
DA:90,0
DA:91,0
DA:92,0
DA:99,0
DA:100,0
DA:102,0
DA:104,0
LF:39
LH:10
BRDA:19,0,0,0
BRDA:19,0,1,0
BRDA:38,1,0,0
BRDA:43,2,0,0
BRDA:43,2,1,0
BRDA:44,3,0,0
BRDA:44,3,1,0
BRDA:45,4,0,0
BRDA:45,4,1,0
BRDA:72,5,0,0
BRDA:73,6,0,0
BRDA:79,7,0,0
BRDA:79,7,1,0
BRDA:80,8,0,0
BRDA:80,8,1,0
BRDA:81,9,0,0
BRDA:81,9,1,0
BRDA:90,10,0,0
BRDA:90,10,1,0
BRF:19
BRH:0
end_of_record
TN:
SF:src\middlewares\validate.ts
FN:4,(anonymous_0)
FN:4,(anonymous_1)
FN:21,(anonymous_2)
FNF:3
FNH:2
FNDA:35,(anonymous_0)
FNDA:4,(anonymous_1)
FNDA:0,(anonymous_2)
DA:2,1
DA:4,35
DA:9,4
DA:10,4
DA:15,4
DA:17,0
DA:18,0
DA:21,0
DA:27,0
LF:9
LH:5
BRDA:17,0,0,0
BRDA:17,0,1,0
BRF:2
BRH:0
end_of_record
TN:
SF:src\middlewares\rate-limit\testimonialsLimit.ts
FN:17,(anonymous_1)
FNF:1
FNH:0
FNDA:0,(anonymous_1)
DA:1,1
DA:2,1
DA:8,1
DA:18,0
DA:19,0
LF:5
LH:3
BRF:0
BRH:0
end_of_record
TN:
SF:src\modules\admin\admin.controller.ts
FN:8,(anonymous_0)
FN:23,(anonymous_1)
FN:38,(anonymous_2)
FN:54,(anonymous_3)
FN:69,(anonymous_4)
FN:84,(anonymous_5)
FNF:6
FNH:0
FNDA:0,(anonymous_0)
FNDA:0,(anonymous_1)
FNDA:0,(anonymous_2)
FNDA:0,(anonymous_3)
FNDA:0,(anonymous_4)
FNDA:0,(anonymous_5)
DA:2,1
DA:4,1
DA:8,1
DA:9,0
DA:10,0
DA:11,0
DA:16,0
DA:23,1
DA:24,0
DA:25,0
DA:26,0
DA:31,0
DA:38,1
DA:39,0
DA:40,0
DA:41,0
DA:47,0
DA:54,1
DA:55,0
DA:56,0
DA:57,0
DA:62,0
DA:69,1
DA:70,0
DA:71,0
DA:72,0
DA:77,0
DA:84,1
DA:85,0
DA:86,0
DA:87,0
DA:92,0
LF:32
LH:8
BRF:0
BRH:0
end_of_record
TN:
SF:src\modules\admin\admin.service.ts
FN:10,(anonymous_1)
FN:32,(anonymous_2)
FN:75,(anonymous_3)
FN:86,(anonymous_4)
FN:92,(anonymous_5)
FN:111,(anonymous_6)
FN:162,(anonymous_7)
FNF:7
FNH:0
FNDA:0,(anonymous_1)
FNDA:0,(anonymous_2)
FNDA:0,(anonymous_3)
FNDA:0,(anonymous_4)
FNDA:0,(anonymous_5)
FNDA:0,(anonymous_6)
FNDA:0,(anonymous_7)
DA:1,1
DA:2,1
DA:3,1
DA:6,1
DA:11,0
DA:15,0
DA:16,0
DA:19,0
DA:26,0
DA:34,0
DA:38,0
DA:39,0
DA:43,0
DA:47,0
DA:48,0
DA:52,0
DA:55,0
DA:68,0
DA:69,0
DA:76,0
DA:86,0
DA:93,0
DA:100,0
DA:101,0
DA:104,0
DA:105,0
DA:112,0
DA:116,0
DA:117,0
DA:120,0
DA:123,0
DA:124,0
DA:127,0
DA:128,0
DA:133,0
DA:134,0
DA:138,0
DA:139,0
DA:142,0
DA:143,0
DA:147,0
DA:155,0
DA:156,0
DA:163,0
DA:170,0
DA:171,0
DA:175,0
DA:176,0
DA:184,0
DA:185,0
DA:189,0
DA:193,0
LF:52
LH:4
BRDA:15,0,0,0
BRDA:15,0,1,0
BRDA:38,1,0,0
BRDA:38,1,1,0
BRDA:47,2,0,0
BRDA:47,2,1,0
BRDA:100,3,0,0
BRDA:100,3,1,0
BRDA:116,4,0,0
BRDA:116,4,1,0
BRDA:123,5,0,0
BRDA:123,5,1,0
BRDA:123,6,0,0
BRDA:123,6,1,0
BRDA:127,7,0,0
BRDA:127,7,1,0
BRDA:133,8,0,0
BRDA:133,8,1,0
BRDA:138,9,0,0
BRDA:138,9,1,0
BRDA:142,10,0,0
BRDA:142,10,1,0
BRDA:170,11,0,0
BRDA:170,11,1,0
BRDA:175,12,0,0
BRDA:175,12,1,0
BRDA:184,13,0,0
BRDA:184,13,1,0
BRF:28
BRH:0
end_of_record
TN:
SF:src\modules\analytics\analytics.controller.ts
FN:10,(anonymous_0)
FN:28,(anonymous_1)
FN:46,(anonymous_2)
FN:64,(anonymous_3)
FN:82,(anonymous_4)
FNF:5
FNH:0
FNDA:0,(anonymous_0)
FNDA:0,(anonymous_1)
FNDA:0,(anonymous_2)
FNDA:0,(anonymous_3)
FNDA:0,(anonymous_4)
DA:2,1
DA:4,1
DA:10,1
DA:11,0
DA:12,0
DA:14,0
DA:19,0
DA:28,1
DA:29,0
DA:30,0
DA:32,0
DA:37,0
DA:46,1
DA:47,0
DA:48,0
DA:50,0
DA:55,0
DA:64,1
DA:65,0
DA:66,0
DA:68,0
DA:73,0
DA:82,1
DA:83,0
DA:84,0
DA:86,0
DA:91,0
LF:27
LH:7
BRF:0
BRH:0
end_of_record
TN:
SF:src\modules\analytics\analytics.service.ts
FN:10,(anonymous_0)
FN:36,(anonymous_1)
FN:186,(anonymous_2)
FN:197,(anonymous_3)
FN:203,(anonymous_4)
FN:244,(anonymous_5)
FN:254,(anonymous_6)
FN:258,(anonymous_7)
FN:270,(anonymous_8)
FN:279,(anonymous_9)
FN:322,(anonymous_10)
FN:351,(anonymous_11)
FN:352,(anonymous_12)
FN:360,(anonymous_13)
FN:367,(anonymous_14)
FN:368,(anonymous_15)
FN:380,(anonymous_16)
FN:388,(anonymous_17)
FN:393,(anonymous_18)
FN:412,(anonymous_19)
FN:425,(anonymous_20)
FN:463,(anonymous_21)
FN:483,(anonymous_22)
FN:492,(anonymous_23)
FN:500,(anonymous_24)
FN:503,(anonymous_25)
FN:506,(anonymous_26)
FN:529,(anonymous_27)
FN:560,(anonymous_28)
FN:565,(anonymous_29)
FN:567,(anonymous_30)
FN:598,(anonymous_31)
FN:599,(anonymous_32)
FNF:33
FNH:0
FNDA:0,(anonymous_0)
FNDA:0,(anonymous_1)
FNDA:0,(anonymous_2)
FNDA:0,(anonymous_3)
FNDA:0,(anonymous_4)
FNDA:0,(anonymous_5)
FNDA:0,(anonymous_6)
FNDA:0,(anonymous_7)
FNDA:0,(anonymous_8)
FNDA:0,(anonymous_9)
FNDA:0,(anonymous_10)
FNDA:0,(anonymous_11)
FNDA:0,(anonymous_12)
FNDA:0,(anonymous_13)
FNDA:0,(anonymous_14)
FNDA:0,(anonymous_15)
FNDA:0,(anonymous_16)
FNDA:0,(anonymous_17)
FNDA:0,(anonymous_18)
FNDA:0,(anonymous_19)
FNDA:0,(anonymous_20)
FNDA:0,(anonymous_21)
FNDA:0,(anonymous_22)
FNDA:0,(anonymous_23)
FNDA:0,(anonymous_24)
FNDA:0,(anonymous_25)
FNDA:0,(anonymous_26)
FNDA:0,(anonymous_27)
FNDA:0,(anonymous_28)
FNDA:0,(anonymous_29)
FNDA:0,(anonymous_30)
FNDA:0,(anonymous_31)
FNDA:0,(anonymous_32)
DA:1,1
DA:2,1
DA:4,1
DA:6,1
DA:11,0
DA:12,0
DA:14,0
DA:16,0
DA:20,0
DA:21,0
DA:23,0
DA:24,0
DA:25,0
DA:27,0
DA:37,0
DA:38,0
DA:42,0
DA:49,0
DA:52,0
DA:53,0
DA:54,0
DA:55,0
DA:57,0
DA:65,0
DA:68,0
DA:69,0
DA:70,0
DA:72,0
DA:80,0
DA:83,0
DA:84,0
DA:85,0
DA:87,0
DA:95,0
DA:98,0
DA:106,0
DA:115,0
DA:116,0
DA:117,0
DA:118,0
DA:119,0
DA:124,0
DA:127,0
DA:132,0
DA:139,0
DA:147,0
DA:155,0
DA:156,0
DA:157,0
DA:160,0
DA:165,0
DA:166,0
DA:167,0
DA:172,0
DA:184,0
DA:185,0
DA:186,0
DA:187,0
DA:188,0
DA:193,0
DA:196,0
DA:197,0
DA:203,0
DA:207,0
DA:213,0
DA:216,0
DA:221,0
DA:228,0
DA:232,0
DA:243,0
DA:244,0
DA:245,0
DA:246,0
DA:247,0
DA:253,0
DA:254,0
DA:258,0
DA:264,0
DA:266,0
DA:267,0
DA:270,0
DA:271,0
DA:272,0
DA:273,0
DA:279,0
DA:285,0
DA:323,0
DA:325,0
DA:345,0
DA:347,0
DA:348,0
DA:349,0
DA:351,0
DA:352,0
DA:353,0
DA:354,0
DA:355,0
DA:360,0
DA:366,0
DA:367,0
DA:368,0
DA:369,0
DA:370,0
DA:371,0
DA:372,0
DA:380,0
DA:387,0
DA:388,0
DA:389,0
DA:390,0
DA:393,0
DA:398,0
DA:413,0
DA:415,0
DA:425,0
DA:430,0
DA:434,0
DA:441,0
DA:448,0
DA:464,0
DA:466,0
DA:482,0
DA:483,0
DA:484,0
DA:485,0
DA:492,0
DA:500,0
DA:503,0
DA:506,0
DA:509,0
DA:514,0
DA:530,0
DA:533,0
DA:538,0
DA:560,0
DA:561,0
DA:565,0
DA:567,0
DA:568,0
DA:569,0
DA:579,0
DA:593,0
DA:594,0
DA:595,0
DA:597,0
DA:598,0
DA:599,0
DA:600,0
DA:601,0
DA:604,0
LF:150
LH:4
BRDA:11,0,0,0
BRDA:11,0,1,0
BRDA:12,1,0,0
BRDA:12,1,1,0
BRDA:14,2,0,0
BRDA:14,2,1,0
BRDA:49,3,0,0
BRDA:49,3,1,0
BRDA:65,4,0,0
BRDA:65,4,1,0
BRDA:80,5,0,0
BRDA:80,5,1,0
BRDA:95,6,0,0
BRDA:95,6,1,0
BRDA:115,7,0,0
BRDA:115,7,1,0
BRDA:116,8,0,0
BRDA:116,8,1,0
BRDA:118,9,0,0
BRDA:118,9,1,0
BRDA:155,10,0,0
BRDA:155,10,1,0
BRDA:156,11,0,0
BRDA:156,11,1,0
BRDA:157,12,0,0
BRDA:157,12,1,0
BRDA:166,13,0,0
BRDA:166,13,1,0
BRDA:187,14,0,0
BRDA:187,14,1,0
BRDA:246,15,0,0
BRDA:246,15,1,0
BRDA:272,16,0,0
BRDA:272,16,1,0
BRDA:353,17,0,0
BRDA:353,17,1,0
BRDA:354,18,0,0
BRDA:354,18,1,0
BRDA:370,19,0,0
BRDA:370,19,1,0
BRDA:371,20,0,0
BRDA:371,20,1,0
BRDA:389,21,0,0
BRDA:389,21,1,0
BRDA:484,22,0,0
BRDA:484,22,1,0
BRDA:571,23,0,0
BRDA:571,23,1,0
BRDA:572,24,0,0
BRDA:572,24,1,0
BRDA:573,25,0,0
BRDA:573,25,1,0
BRDA:574,26,0,0
BRDA:574,26,1,0
BRDA:597,27,0,0
BRDA:597,27,1,0
BRDA:599,28,0,0
BRDA:599,28,1,0
BRF:58
BRH:0
end_of_record
TN:
SF:src\modules\auth\auth.controller.ts
FN:14,(anonymous_9)
FN:47,(anonymous_10)
FN:55,(anonymous_11)
FN:74,(anonymous_12)
FN:87,(anonymous_13)
FN:117,(anonymous_14)
FN:139,(anonymous_15)
FN:160,(anonymous_16)
FN:180,(anonymous_17)
FNF:9
FNH:0
FNDA:0,(anonymous_9)
FNDA:0,(anonymous_10)
FNDA:0,(anonymous_11)
FNDA:0,(anonymous_12)
FNDA:0,(anonymous_13)
FNDA:0,(anonymous_14)
FNDA:0,(anonymous_15)
FNDA:0,(anonymous_16)
FNDA:0,(anonymous_17)
DA:2,1
DA:3,1
DA:4,1
DA:9,1
DA:14,1
DA:15,0
DA:16,0
DA:18,0
DA:28,0
DA:30,0
DA:39,0
DA:47,1
DA:48,0
DA:49,0
DA:50,0
DA:52,0
DA:55,0
DA:56,0
DA:59,0
DA:61,0
DA:73,0
DA:74,0
DA:75,0
DA:79,0
DA:87,1
DA:88,0
DA:90,0
DA:92,0
DA:93,0
DA:96,0
DA:99,0
DA:101,0
DA:109,0
DA:117,1
DA:118,0
DA:119,0
DA:120,0
DA:124,0
DA:126,0
DA:131,0
DA:139,1
DA:140,0
DA:141,0
DA:142,0
DA:145,0
DA:147,0
DA:152,0
DA:160,1
DA:161,0
DA:162,0
DA:164,0
DA:166,0
DA:172,0
DA:180,1
DA:181,0
DA:182,0
DA:184,0
DA:186,0
DA:192,0
LF:59
LH:11
BRDA:48,0,0,0
BRDA:48,0,1,0
BRDA:48,0,2,0
BRDA:75,1,0,0
BRDA:75,1,1,0
BRDA:90,2,0,0
BRDA:90,2,1,0
BRDA:92,3,0,0
BRDA:92,3,1,0
BRDA:119,4,0,0
BRDA:119,4,1,0
BRDA:141,5,0,0
BRDA:141,5,1,0
BRF:13
BRH:0
end_of_record
TN:
SF:src\modules\auth\auth.middleware.ts
FN:5,(anonymous_0)
FN:5,(anonymous_1)
FN:6,(anonymous_2)
FN:12,(anonymous_3)
FN:13,(anonymous_4)
FN:27,(anonymous_5)
FNF:6
FNH:4
FNDA:11,(anonymous_0)
FNDA:0,(anonymous_1)
FNDA:3,(anonymous_2)
FNDA:20,(anonymous_3)
FNDA:3,(anonymous_4)
FNDA:0,(anonymous_5)
DA:2,1
DA:5,12
DA:6,4
DA:12,1
DA:13,20
DA:14,3
DA:15,0
DA:18,3
DA:21,3
DA:22,2
DA:25,1
DA:26,0
DA:27,0
DA:28,0
DA:31,0
DA:32,0
DA:37,0
DA:41,1
LF:18
LH:11
BRDA:14,0,0,0
BRDA:14,0,1,3
BRDA:21,1,0,2
BRDA:21,1,1,1
BRDA:25,2,0,0
BRDA:25,2,1,1
BRDA:26,3,0,0
BRDA:26,3,1,0
BRDA:31,4,0,0
BRDA:31,4,1,0
BRF:10
BRH:4
end_of_record
TN:
SF:src\modules\auth\auth.service.ts
FN:33,(anonymous_1)
FN:53,(anonymous_2)
FN:68,(anonymous_3)
FN:125,(anonymous_4)
FN:139,(anonymous_5)
FN:226,(anonymous_6)
FN:311,(anonymous_7)
FN:326,(anonymous_8)
FN:358,(anonymous_9)
FN:399,(anonymous_10)
FN:409,(anonymous_11)
FNF:11
FNH:0
FNDA:0,(anonymous_1)
FNDA:0,(anonymous_2)
FNDA:0,(anonymous_3)
FNDA:0,(anonymous_4)
FNDA:0,(anonymous_5)
FNDA:0,(anonymous_6)
FNDA:0,(anonymous_7)
FNDA:0,(anonymous_8)
FNDA:0,(anonymous_9)
FNDA:0,(anonymous_10)
FNDA:0,(anonymous_11)
DA:1,1
DA:2,1
DA:3,1
DA:4,1
DA:10,1
DA:21,1
DA:22,1
DA:23,1
DA:24,1
DA:29,1
DA:34,0
DA:54,0
DA:76,0
DA:80,0
DA:81,0
DA:82,0
DA:86,0
DA:89,0
DA:103,0
DA:106,0
DA:112,0
DA:113,0
DA:116,0
DA:122,0
DA:126,0
DA:129,0
DA:143,0
DA:146,0
DA:151,0
DA:152,0
DA:153,0
DA:154,0
DA:157,0
DA:159,0
DA:160,0
DA:167,0
DA:168,0
DA:170,0
DA:178,0
DA:182,0
DA:183,0
DA:184,0
DA:188,0
DA:189,0
DA:190,0
DA:193,0
DA:194,0
DA:195,0
DA:196,0
DA:199,0
DA:201,0
DA:207,0
DA:208,0
DA:211,0
DA:216,0
DA:231,0
DA:232,0
DA:234,0
DA:235,0
DA:239,0
DA:240,0
DA:244,0
DA:245,0
DA:249,0
DA:250,0
DA:254,0
DA:258,0
DA:262,0
DA:268,0
DA:269,0
DA:272,0
DA:277,0
DA:281,0
DA:282,0
DA:287,0
DA:288,0
DA:291,0
DA:292,0
DA:299,0
DA:300,0
DA:302,0
DA:305,0
DA:312,0
DA:313,0
DA:317,0
DA:319,0
DA:327,0
DA:328,0
DA:332,0
DA:333,0
DA:336,0
DA:339,0
DA:340,0
DA:345,0
DA:346,0
DA:349,0
DA:352,0
DA:359,0
DA:362,0
DA:367,0
DA:368,0
DA:369,0
DA:373,0
DA:376,0
DA:379,0
DA:382,0
DA:391,0
DA:392,0
DA:395,0
DA:400,0
DA:403,0
DA:411,0
DA:414,0
DA:423,0
DA:424,0
DA:425,0
DA:429,0
DA:432,0
DA:441,0
LF:119
LH:10
BRDA:39,0,0,0
BRDA:39,0,1,0
BRDA:80,1,0,0
BRDA:80,1,1,0
BRDA:96,2,0,0
BRDA:96,2,1,0
BRDA:97,3,0,0
BRDA:97,3,1,0
BRDA:151,4,0,0
BRDA:151,4,1,0
BRDA:153,5,0,0
BRDA:153,5,1,0
BRDA:182,6,0,0
BRDA:182,6,1,0
BRDA:188,7,0,0
BRDA:188,7,1,0
BRDA:194,8,0,0
BRDA:194,8,1,0
BRDA:239,9,0,0
BRDA:239,9,1,0
BRDA:244,10,0,0
BRDA:244,10,1,0
BRDA:244,11,0,0
BRDA:244,11,1,0
BRDA:249,12,0,0
BRDA:249,12,1,0
BRDA:281,13,0,0
BRDA:281,13,1,0
BRDA:287,14,0,0
BRDA:287,14,1,0
BRDA:312,15,0,0
BRDA:312,15,1,0
BRDA:327,16,0,0
BRDA:327,16,1,0
BRDA:332,17,0,0
BRDA:332,17,1,0
BRDA:339,18,0,0
BRDA:339,18,1,0
BRDA:345,19,0,0
BRDA:345,19,1,0
BRDA:367,20,0,0
BRDA:367,20,1,0
BRDA:391,21,0,0
BRDA:391,21,1,0
BRDA:423,22,0,0
BRDA:423,22,1,0
BRF:46
BRH:0
end_of_record
TN:
SF:src\modules\auth\auth.utils.ts
FN:10,(anonymous_1)
FN:21,(anonymous_2)
FN:32,(anonymous_3)
FN:39,(anonymous_4)
FN:46,(anonymous_5)
FN:58,(anonymous_6)
FNF:6
FNH:0
FNDA:0,(anonymous_1)
FNDA:0,(anonymous_2)
FNDA:0,(anonymous_3)
FNDA:0,(anonymous_4)
FNDA:0,(anonymous_5)
FNDA:0,(anonymous_6)
DA:1,1
DA:2,1
DA:4,1
DA:5,1
DA:10,1
DA:12,0
DA:13,0
DA:21,1
DA:23,0
DA:24,0
DA:32,1
DA:33,0
DA:39,1
DA:40,0
DA:46,1
DA:47,0
DA:58,1
DA:59,0
LF:18
LH:10
BRDA:49,0,0,0
BRDA:49,0,1,0
BRDA:61,1,0,0
BRDA:61,1,1,0
BRF:4
BRH:0
end_of_record
TN:
SF:src\modules\category\category.controller.ts
FN:10,(anonymous_0)
FN:28,(anonymous_1)
FN:46,(anonymous_2)
FN:63,(anonymous_3)
FN:80,(anonymous_4)
FN:98,(anonymous_5)
FNF:6
FNH:0
FNDA:0,(anonymous_0)
FNDA:0,(anonymous_1)
FNDA:0,(anonymous_2)
FNDA:0,(anonymous_3)
FNDA:0,(anonymous_4)
FNDA:0,(anonymous_5)
DA:2,1
DA:4,1
DA:11,0
DA:12,0
DA:13,0
DA:19,0
DA:29,0
DA:30,0
DA:31,0
DA:37,0
DA:47,0
DA:48,0
DA:49,0
DA:54,0
DA:64,0
DA:65,0
DA:66,0
DA:71,0
DA:81,0
DA:82,0
DA:83,0
DA:89,0
DA:99,0
DA:100,0
DA:101,0
DA:107,0
LF:26
LH:2
BRF:0
BRH:0
end_of_record
TN:
SF:src\modules\category\category.service.ts
FN:10,(anonymous_0)
FN:45,(anonymous_1)
FN:66,(anonymous_2)
FN:86,(anonymous_3)
FN:107,(anonymous_4)
FN:149,(anonymous_5)
FNF:6
FNH:0
FNDA:0,(anonymous_0)
FNDA:0,(anonymous_1)
FNDA:0,(anonymous_2)
FNDA:0,(anonymous_3)
FNDA:0,(anonymous_4)
FNDA:0,(anonymous_5)
DA:1,1
DA:2,1
DA:3,1
DA:6,1
DA:12,0
DA:16,0
DA:17,0
DA:20,0
DA:23,0
DA:27,0
DA:28,0
DA:31,0
DA:46,0
DA:48,0
DA:49,0
DA:52,0
DA:67,0
DA:76,0
DA:77,0
DA:80,0
DA:87,0
DA:97,0
DA:98,0
DA:101,0
DA:109,0
DA:113,0
DA:114,0
DA:117,0
DA:120,0
DA:121,0
DA:125,0
DA:126,0
DA:129,0
DA:131,0
DA:135,0
DA:136,0
DA:140,0
DA:151,0
DA:155,0
DA:156,0
DA:160,0
LF:41
LH:4
BRDA:16,0,0,0
BRDA:16,0,1,0
BRDA:27,1,0,0
BRDA:27,1,1,0
BRDA:37,2,0,0
BRDA:37,2,1,0
BRDA:48,3,0,0
BRDA:48,3,1,0
BRDA:49,4,0,0
BRDA:49,4,1,0
BRDA:76,5,0,0
BRDA:76,5,1,0
BRDA:97,6,0,0
BRDA:97,6,1,0
BRDA:113,7,0,0
BRDA:113,7,1,0
BRDA:120,8,0,0
BRDA:120,8,1,0
BRDA:120,9,0,0
BRDA:120,9,1,0
BRDA:125,10,0,0
BRDA:125,10,1,0
BRDA:135,11,0,0
BRDA:135,11,1,0
BRDA:135,12,0,0
BRDA:135,12,1,0
BRDA:155,13,0,0
BRDA:155,13,1,0
BRF:28
BRH:0
end_of_record
TN:
SF:src\modules\emails\emails.service.ts
FN:19,(anonymous_0)
FN:40,(anonymous_1)
FN:64,(anonymous_2)
FNF:3
FNH:0
FNDA:0,(anonymous_0)
FNDA:0,(anonymous_1)
FNDA:0,(anonymous_2)
DA:3,1
DA:4,1
DA:5,1
DA:6,1
DA:7,1
DA:8,1
DA:13,1
DA:20,0
DA:21,0
DA:22,0
DA:24,0
DA:26,0
DA:27,0
DA:30,0
DA:31,0
DA:34,0
DA:41,0
DA:43,0
DA:46,0
DA:48,0
DA:51,0
DA:53,0
DA:54,0
DA:65,0
DA:67,0
DA:70,0
DA:72,0
DA:75,0
DA:77,0
DA:85,0
DA:87,0
DA:88,0
LF:32
LH:7
BRDA:20,0,0,0
BRDA:20,0,1,0
BRDA:24,1,0,0
BRDA:24,1,1,0
BRDA:24,1,2,0
BRF:5
BRH:0
end_of_record
TN:
SF:src\modules\emails\emails.templates.ts
FN:15,(anonymous_1)
FN:16,(anonymous_2)
FN:17,(anonymous_3)
FN:18,(anonymous_4)
FN:19,(anonymous_5)
FN:20,(anonymous_6)
FN:21,(anonymous_7)
FN:27,resolveTemplate
FNF:8
FNH:0
FNDA:0,(anonymous_1)
FNDA:0,(anonymous_2)
FNDA:0,(anonymous_3)
FNDA:0,(anonymous_4)
FNDA:0,(anonymous_5)
FNDA:0,(anonymous_6)
FNDA:0,(anonymous_7)
FNDA:0,resolveTemplate
DA:1,1
DA:2,1
DA:3,1
DA:4,1
DA:5,1
DA:6,1
DA:7,1
DA:8,1
DA:9,1
DA:14,1
DA:15,0
DA:16,0
DA:17,0
DA:18,0
DA:19,0
DA:20,0
DA:21,0
DA:27,1
DA:28,0
DA:29,0
DA:30,0
DA:32,0
LF:22
LH:11
BRDA:29,0,0,0
BRDA:29,0,1,0
BRF:2
BRH:0
end_of_record
TN:
SF:src\modules\emails\emails.utils.ts
FN:8,renderEmailTemplate
FN:16,normalizeEmail
FN:23,sanitizeEmailInput
FNF:3
FNH:0
FNDA:0,renderEmailTemplate
FNDA:0,normalizeEmail
FNDA:0,sanitizeEmailInput
DA:2,1
DA:3,1
DA:8,1
DA:9,0
DA:10,0
DA:16,1
DA:17,0
DA:23,1
DA:25,0
LF:9
LH:5
BRF:0
BRH:0
end_of_record
TN:
SF:src\modules\emails\index.ts
FN:1,(anonymous_4)
FN:2,(anonymous_5)
FN:6,(anonymous_6)
FN:7,(anonymous_7)
FN:8,(anonymous_8)
FN:9,(anonymous_9)
FNF:6
FNH:1
FNDA:0,(anonymous_4)
FNDA:0,(anonymous_5)
FNDA:1,(anonymous_6)
FNDA:0,(anonymous_7)
FNDA:0,(anonymous_8)
FNDA:0,(anonymous_9)
DA:1,1
DA:2,1
DA:3,1
DA:4,1
DA:5,1
DA:6,2
DA:7,1
DA:8,1
DA:9,1
LF:9
LH:9
BRF:0
BRH:0
end_of_record
TN:
SF:src\modules\emails\providers\mailtrap.provider.ts
FN:14,(anonymous_1)
FN:35,(anonymous_2)
FN:66,(anonymous_3)
FNF:3
FNH:0
FNDA:0,(anonymous_1)
FNDA:0,(anonymous_2)
FNDA:0,(anonymous_3)
DA:2,1
DA:3,1
DA:5,1
DA:6,1
DA:11,1
DA:15,0
DA:16,0
DA:17,0
DA:18,0
DA:20,0
DA:29,0
DA:36,0
DA:37,0
DA:38,0
DA:40,0
DA:49,0
DA:50,0
DA:55,0
DA:56,0
DA:70,0
DA:72,0
DA:73,0
DA:75,0
DA:81,0
DA:82,0
LF:25
LH:5
BRDA:15,0,0,0
BRDA:15,0,1,0
BRDA:16,1,0,0
BRDA:16,1,1,0
BRDA:17,2,0,0
BRDA:17,2,1,0
BRDA:18,3,0,0
BRDA:18,3,1,0
BRDA:37,4,0,0
BRDA:37,4,1,0
BRDA:37,4,2,0
BRDA:38,5,0,0
BRDA:38,5,1,0
BRF:13
BRH:0
end_of_record
TN:
SF:src\modules\emails\providers\resend.provider.ts
FN:14,(anonymous_0)
FN:23,(anonymous_1)
FN:62,(anonymous_2)
FNF:3
FNH:0
FNDA:0,(anonymous_0)
FNDA:0,(anonymous_1)
FNDA:0,(anonymous_2)
DA:2,1
DA:3,1
DA:5,1
DA:6,1
DA:11,1
DA:15,0
DA:16,0
DA:17,0
DA:24,0
DA:25,0
DA:26,0
DA:28,0
DA:37,0
DA:38,0
DA:39,0
DA:45,0
DA:46,0
DA:51,0
DA:52,0
DA:66,0
DA:67,0
DA:68,0
DA:70,0
DA:76,0
DA:77,0
LF:25
LH:5
BRDA:15,0,0,0
BRDA:15,0,1,0
BRDA:25,1,0,0
BRDA:25,1,1,0
BRDA:25,1,2,0
BRDA:26,2,0,0
BRDA:26,2,1,0
BRDA:32,3,0,0
BRDA:32,3,1,0
BRDA:33,4,0,0
BRDA:33,4,1,0
BRDA:37,5,0,0
BRDA:37,5,1,0
BRF:13
BRH:0
end_of_record
TN:
SF:src\modules\emails\queues\email.events.ts
FN:17,(anonymous_0)
FN:22,(anonymous_1)
FN:33,(anonymous_2)
FN:56,(anonymous_3)
FN:62,(anonymous_4)
FNF:5
FNH:0
FNDA:0,(anonymous_0)
FNDA:0,(anonymous_1)
FNDA:0,(anonymous_2)
FNDA:0,(anonymous_3)
FNDA:0,(anonymous_4)
DA:1,1
DA:2,1
DA:5,1
DA:17,1
DA:18,0
DA:22,1
DA:23,0
DA:24,0
DA:25,0
DA:27,0
DA:33,1
DA:34,0
DA:36,0
DA:37,0
DA:38,0
DA:40,0
DA:41,0
DA:42,0
DA:46,0
DA:51,0
DA:56,1
DA:57,0
DA:58,0
DA:62,1
DA:63,0
DA:66,1
DA:67,1
LF:27
LH:10
BRDA:25,0,0,0
BRDA:25,0,1,0
BRDA:28,1,0,0
BRDA:28,1,1,0
BRDA:36,2,0,0
BRDA:36,2,1,0
BRDA:38,3,0,0
BRDA:38,3,1,0
BRDA:40,4,0,0
BRDA:40,4,1,0
BRF:10
BRH:0
end_of_record
TN:
SF:src\modules\emails\queues\email.producer.ts
FN:14,(anonymous_0)
FN:42,(anonymous_1)
FN:57,(anonymous_2)
FN:76,(anonymous_3)
FN:97,(anonymous_4)
FN:112,(anonymous_5)
FN:127,(anonymous_6)
FNF:7
FNH:2
FNDA:1,(anonymous_0)
FNDA:0,(anonymous_1)
FNDA:0,(anonymous_2)
FNDA:0,(anonymous_3)
FNDA:0,(anonymous_4)
FNDA:1,(anonymous_5)
FNDA:0,(anonymous_6)
DA:1,1
DA:2,1
DA:3,1
DA:4,1
DA:10,1
DA:15,1
DA:17,1
DA:20,1
DA:26,1
DA:30,1
DA:32,1
DA:34,0
DA:35,0
DA:46,0
DA:61,0
DA:86,0
DA:101,0
DA:116,1
DA:131,0
LF:19
LH:12
BRDA:68,0,0,0
BRDA:68,0,1,0
BRF:2
BRH:0
end_of_record
TN:
SF:src\modules\emails\queues\email.queue.ts
FNF:0
FNH:0
DA:1,1
DA:2,1
DA:3,1
DA:6,1
DA:11,1
DA:28,1
LF:6
LH:6
BRF:0
BRH:0
end_of_record
TN:
SF:src\modules\emails\queues\email.worker.ts
FN:16,(anonymous_0)
FNF:1
FNH:0
FNDA:0,(anonymous_0)
DA:1,1
DA:2,1
DA:3,1
DA:4,1
DA:5,1
DA:6,1
DA:8,1
DA:14,1
DA:17,0
DA:20,0
DA:24,0
DA:26,0
DA:34,0
DA:35,0
DA:39,0
DA:40,0
DA:41,0
DA:46,0
DA:48,0
DA:49,0
DA:54,0
DA:55,0
DA:58,0
DA:59,0
DA:63,0
DA:66,0
LF:26
LH:8
BRDA:34,0,0,0
BRDA:34,0,1,0
BRDA:48,1,0,0
BRDA:48,1,1,0
BRF:4
BRH:0
end_of_record
TN:
SF:src\modules\orders\order.controller.ts
FN:10,(anonymous_0)
FN:32,(anonymous_1)
FN:61,(anonymous_2)
FN:83,(anonymous_3)
FN:103,(anonymous_4)
FN:123,(anonymous_5)
FN:146,(anonymous_6)
FNF:7
FNH:0
FNDA:0,(anonymous_0)
FNDA:0,(anonymous_1)
FNDA:0,(anonymous_2)
FNDA:0,(anonymous_3)
FNDA:0,(anonymous_4)
FNDA:0,(anonymous_5)
FNDA:0,(anonymous_6)
DA:2,1
DA:4,1
DA:10,1
DA:11,0
DA:13,0
DA:15,0
DA:17,0
DA:23,0
DA:32,1
DA:33,0
DA:34,0
DA:36,0
DA:45,0
DA:52,0
DA:61,1
DA:62,0
DA:63,0
DA:64,0
DA:65,0
DA:67,0
DA:69,0
DA:74,0
DA:83,1
DA:84,0
DA:85,0
DA:87,0
DA:94,0
DA:103,1
DA:104,0
DA:105,0
DA:106,0
DA:108,0
DA:114,0
DA:123,1
DA:124,0
DA:125,0
DA:126,0
DA:127,0
DA:129,0
DA:131,0
DA:137,0
DA:146,1
DA:147,0
DA:148,0
DA:150,0
DA:155,0
LF:46
LH:9
BRDA:13,0,0,0
BRDA:13,0,1,0
BRDA:34,1,0,0
BRDA:34,1,1,0
BRDA:64,2,0,0
BRDA:64,2,1,0
BRDA:126,3,0,0
BRDA:126,3,1,0
BRF:8
BRH:0
end_of_record
TN:
SF:src\modules\orders\order.service.ts
FN:12,(anonymous_0)
FN:46,(anonymous_1)
FN:59,(anonymous_2)
FN:72,(anonymous_3)
FN:114,(anonymous_4)
FN:198,(anonymous_5)
FN:205,(anonymous_6)
FN:217,(anonymous_7)
FN:227,(anonymous_8)
FN:315,(anonymous_9)
FN:359,(anonymous_10)
FN:373,(anonymous_11)
FN:414,(anonymous_12)
FN:441,(anonymous_13)
FN:470,(anonymous_14)
FN:506,(anonymous_15)
FN:547,(anonymous_16)
FN:552,(anonymous_17)
FN:565,(anonymous_18)
FN:587,(anonymous_19)
FN:597,(anonymous_20)
FN:603,(anonymous_21)
FNF:22
FNH:0
FNDA:0,(anonymous_0)
FNDA:0,(anonymous_1)
FNDA:0,(anonymous_2)
FNDA:0,(anonymous_3)
FNDA:0,(anonymous_4)
FNDA:0,(anonymous_5)
FNDA:0,(anonymous_6)
FNDA:0,(anonymous_7)
FNDA:0,(anonymous_8)
FNDA:0,(anonymous_9)
FNDA:0,(anonymous_10)
FNDA:0,(anonymous_11)
FNDA:0,(anonymous_12)
FNDA:0,(anonymous_13)
FNDA:0,(anonymous_14)
FNDA:0,(anonymous_15)
FNDA:0,(anonymous_16)
FNDA:0,(anonymous_17)
FNDA:0,(anonymous_18)
FNDA:0,(anonymous_19)
FNDA:0,(anonymous_20)
FNDA:0,(anonymous_21)
DA:1,1
DA:2,1
DA:3,1
DA:5,1
DA:6,1
DA:8,1
DA:13,0
DA:14,0
DA:17,0
DA:18,0
DA:19,0
DA:21,0
DA:22,0
DA:23,0
DA:25,0
DA:29,0
DA:30,0
DA:32,0
DA:35,0
DA:37,0
DA:40,0
DA:48,0
DA:49,0
DA:50,0
DA:53,0
DA:54,0
DA:59,0
DA:61,0
DA:67,0
DA:68,0
DA:72,0
DA:75,0
DA:76,0
DA:78,0
DA:79,0
DA:81,0
DA:82,0
DA:85,0
DA:86,0
DA:90,0
DA:91,0
DA:98,0
DA:99,0
DA:100,0
DA:102,0
DA:111,0
DA:114,0
DA:116,0
DA:117,0
DA:128,0
DA:129,0
DA:133,0
DA:134,0
DA:142,0
DA:143,0
DA:144,0
DA:145,0
DA:146,0
DA:147,0
DA:150,0
DA:153,0
DA:190,0
DA:194,0
DA:195,0
DA:198,0
DA:206,0
DA:211,0
DA:218,0
DA:221,0
DA:228,0
DA:229,0
DA:230,0
DA:232,0
DA:234,0
DA:235,0
DA:238,0
DA:239,0
DA:243,0
DA:244,0
DA:245,0
DA:246,0
DA:248,0
DA:249,0
DA:254,0
DA:255,0
DA:256,0
DA:257,0
DA:259,0
DA:260,0
DA:265,0
DA:266,0
DA:267,0
DA:268,0
DA:270,0
DA:272,0
DA:299,0
DA:301,0
DA:316,0
DA:342,0
DA:343,0
DA:347,0
DA:348,0
DA:349,0
DA:353,0
DA:360,0
DA:367,0
DA:368,0
DA:372,0
DA:373,0
DA:375,0
DA:376,0
DA:388,0
DA:397,0
DA:406,0
DA:411,0
DA:412,0
DA:414,0
DA:415,0
DA:420,0
DA:428,0
DA:435,0
DA:442,0
DA:449,0
DA:450,0
DA:453,0
DA:456,0
DA:457,0
DA:458,0
DA:461,0
DA:462,0
DA:470,0
DA:472,0
DA:473,0
DA:484,0
DA:492,0
DA:500,0
DA:508,0
DA:520,0
DA:521,0
DA:524,0
DA:527,0
DA:533,0
DA:536,0
DA:546,0
DA:547,0
DA:548,0
DA:549,0
DA:552,0
DA:558,0
DA:565,0
DA:571,0
DA:586,0
DA:587,0
DA:588,0
DA:589,0
DA:596,0
DA:597,0
DA:603,0
DA:606,0
LF:159
LH:6
BRDA:21,0,0,0
BRDA:21,0,1,0
BRDA:29,1,0,0
BRDA:29,1,1,0
BRDA:35,2,0,0
BRDA:35,2,1,0
BRDA:49,3,0,0
BRDA:49,3,1,0
BRDA:53,4,0,0
BRDA:53,4,1,0
BRDA:67,5,0,0
BRDA:67,5,1,0
BRDA:81,6,0,0
BRDA:81,6,1,0
BRDA:85,7,0,0
BRDA:85,7,1,0
BRDA:90,8,0,0
BRDA:90,8,1,0
BRDA:98,9,0,0
BRDA:98,9,1,0
BRDA:133,10,0,0
BRDA:133,10,1,0
BRDA:133,11,0,0
BRDA:133,11,1,0
BRDA:144,12,0,0
BRDA:144,12,1,0
BRDA:146,13,0,0
BRDA:146,13,1,0
BRDA:150,14,0,0
BRDA:150,14,1,0
BRDA:155,15,0,0
BRDA:155,15,1,0
BRDA:160,16,0,0
BRDA:160,16,1,0
BRDA:161,17,0,0
BRDA:161,17,1,0
BRDA:162,18,0,0
BRDA:162,18,1,0
BRDA:194,19,0,0
BRDA:194,19,1,0
BRDA:194,20,0,0
BRDA:194,20,1,0
BRDA:204,21,0,0
BRDA:204,21,1,0
BRDA:214,22,0,0
BRDA:214,22,1,0
BRDA:215,23,0,0
BRDA:215,23,1,0
BRDA:228,24,0,0
BRDA:228,24,1,0
BRDA:229,25,0,0
BRDA:229,25,1,0
BRDA:234,26,0,0
BRDA:234,26,1,0
BRDA:238,27,0,0
BRDA:238,27,1,0
BRDA:243,28,0,0
BRDA:243,28,1,0
BRDA:243,29,0,0
BRDA:243,29,1,0
BRDA:245,30,0,0
BRDA:245,30,1,0
BRDA:248,31,0,0
BRDA:248,31,1,0
BRDA:254,32,0,0
BRDA:254,32,1,0
BRDA:254,33,0,0
BRDA:254,33,1,0
BRDA:256,34,0,0
BRDA:256,34,1,0
BRDA:259,35,0,0
BRDA:259,35,1,0
BRDA:265,36,0,0
BRDA:265,36,1,0
BRDA:266,37,0,0
BRDA:266,37,1,0
BRDA:342,38,0,0
BRDA:342,38,1,0
BRDA:347,39,0,0
BRDA:347,39,1,0
BRDA:347,40,0,0
BRDA:347,40,1,0
BRDA:347,40,2,0
BRDA:348,41,0,0
BRDA:348,41,1,0
BRDA:367,42,0,0
BRDA:367,42,1,0
BRDA:372,43,0,0
BRDA:372,43,1,0
BRDA:372,44,0,0
BRDA:372,44,1,0
BRDA:411,45,0,0
BRDA:411,45,1,0
BRDA:449,46,0,0
BRDA:449,46,1,0
BRDA:453,47,0,0
BRDA:453,47,1,0
BRDA:453,47,2,0
BRDA:456,48,0,0
BRDA:456,48,1,0
BRDA:457,49,0,0
BRDA:457,49,1,0
BRDA:461,50,0,0
BRDA:461,50,1,0
BRDA:520,51,0,0
BRDA:520,51,1,0
BRDA:521,52,0,0
BRDA:521,52,1,0
BRDA:533,53,0,0
BRDA:533,53,1,0
BRDA:548,54,0,0
BRDA:548,54,1,0
BRDA:567,55,0,0
BRDA:567,55,1,0
BRDA:588,56,0,0
BRDA:588,56,1,0
BRF:116
BRH:0
end_of_record
TN:
SF:src\modules\payment\payment.controller.ts
FN:10,(anonymous_0)
FN:30,(anonymous_1)
FN:55,(anonymous_2)
FN:75,(anonymous_3)
FN:93,(anonymous_4)
FNF:5
FNH:4
FNDA:2,(anonymous_0)
FNDA:2,(anonymous_1)
FNDA:1,(anonymous_2)
FNDA:0,(anonymous_3)
FNDA:1,(anonymous_4)
DA:2,1
DA:4,1
DA:10,1
DA:11,2
DA:12,2
DA:13,2
DA:15,1
DA:21,1
DA:30,1
DA:31,2
DA:32,2
DA:34,2
DA:35,1
DA:42,1
DA:44,1
DA:46,0
DA:55,1
DA:56,1
DA:57,1
DA:59,1
DA:66,0
DA:75,1
DA:76,0
DA:77,0
DA:79,0
DA:84,0
DA:93,1
DA:94,1
DA:95,1
DA:96,1
DA:98,1
DA:100,1
DA:106,0
LF:33
LH:26
BRDA:34,0,0,1
BRDA:34,0,1,1
BRF:2
BRH:2
end_of_record
TN:
SF:src\modules\payment\payment.service.ts
FN:14,(anonymous_0)
FN:34,(anonymous_1)
FN:57,(anonymous_2)
FN:96,(anonymous_3)
FN:123,(anonymous_4)
FN:159,(anonymous_5)
FN:195,(anonymous_6)
FN:234,(anonymous_7)
FN:252,(anonymous_8)
FN:293,(anonymous_9)
FN:332,(anonymous_10)
FN:347,(anonymous_11)
FN:422,(anonymous_12)
FNF:13
FNH:6
FNDA:2,(anonymous_0)
FNDA:0,(anonymous_1)
FNDA:0,(anonymous_2)
FNDA:1,(anonymous_3)
FNDA:0,(anonymous_4)
FNDA:0,(anonymous_5)
FNDA:0,(anonymous_6)
FNDA:0,(anonymous_7)
FNDA:1,(anonymous_8)
FNDA:1,(anonymous_9)
FNDA:0,(anonymous_10)
FNDA:1,(anonymous_11)
FNDA:1,(anonymous_12)
DA:1,1
DA:2,1
DA:3,1
DA:4,1
DA:5,1
DA:7,1
DA:8,1
DA:10,1
DA:15,2
DA:18,2
DA:25,2
DA:26,0
DA:29,2
DA:30,1
DA:34,1
DA:35,1
DA:36,0
DA:40,1
DA:42,1
DA:43,1
DA:45,1
DA:57,1
DA:60,1
DA:61,0
DA:70,1
DA:82,1
DA:88,0
DA:89,0
DA:99,1
DA:101,1
DA:107,0
DA:108,0
DA:111,1
DA:113,1
DA:116,1
DA:118,0
DA:119,0
DA:121,0
DA:123,0
DA:125,0
DA:129,0
DA:130,0
DA:140,0
DA:141,0
DA:150,0
DA:154,0
DA:155,0
DA:157,0
DA:159,0
DA:160,0
DA:164,0
DA:165,0
DA:173,0
DA:174,0
DA:182,0
DA:186,0
DA:187,0
DA:189,0
DA:194,0
DA:195,0
DA:197,0
DA:205,0
DA:214,0
DA:215,0
DA:228,0
DA:229,0
DA:235,0
DA:239,0
DA:243,1
DA:246,1
DA:254,1
DA:266,1
DA:267,0
DA:270,1
DA:271,0
DA:274,1
DA:275,0
DA:278,1
DA:279,1
DA:282,1
DA:293,1
DA:295,1
DA:303,1
DA:312,1
DA:313,0
DA:326,1
DA:327,1
DA:333,0
DA:337,1
DA:339,0
DA:340,0
DA:348,1
DA:349,1
DA:350,1
DA:352,1
DA:354,1
DA:355,0
DA:358,1
DA:359,0
DA:362,1
DA:363,0
DA:367,1
DA:368,0
DA:369,0
DA:370,0
DA:372,0
DA:373,0
DA:377,1
DA:378,1
DA:379,1
DA:380,1
DA:382,1
DA:384,1
DA:406,1
DA:408,1
DA:423,1
DA:450,1
DA:451,0
DA:454,1
LF:119
LH:63
BRDA:25,0,0,0
BRDA:25,0,1,2
BRDA:29,1,0,1
BRDA:29,1,1,1
BRDA:35,2,0,0
BRDA:35,2,1,1
BRDA:51,3,0,1
BRDA:51,3,1,1
BRDA:60,4,0,0
BRDA:60,4,1,1
BRDA:116,5,0,0
BRDA:116,5,1,0
BRDA:116,5,2,0
BRDA:116,5,3,1
BRDA:129,6,0,0
BRDA:129,6,1,0
BRDA:140,7,0,0
BRDA:140,7,1,0
BRDA:164,8,0,0
BRDA:164,8,1,0
BRDA:173,9,0,0
BRDA:173,9,1,0
BRDA:194,10,0,0
BRDA:194,10,1,0
BRDA:194,11,0,0
BRDA:194,11,1,0
BRDA:228,12,0,0
BRDA:228,12,1,0
BRDA:228,13,0,0
BRDA:228,13,1,0
BRDA:232,14,0,0
BRDA:232,14,1,0
BRDA:266,15,0,0
BRDA:266,15,1,1
BRDA:270,16,0,0
BRDA:270,16,1,1
BRDA:274,17,0,0
BRDA:274,17,1,1
BRDA:288,18,0,1
BRDA:288,18,1,0
BRDA:326,19,0,1
BRDA:326,19,1,0
BRDA:326,20,0,1
BRDA:326,20,1,1
BRDA:330,21,0,1
BRDA:330,21,1,0
BRDA:331,22,0,1
BRDA:331,22,1,0
BRDA:348,23,0,1
BRDA:348,23,1,1
BRDA:349,24,0,1
BRDA:349,24,1,1
BRDA:354,25,0,0
BRDA:354,25,1,1
BRDA:358,26,0,0
BRDA:358,26,1,1
BRDA:362,27,0,0
BRDA:362,27,1,1
BRDA:367,28,0,0
BRDA:367,28,1,1
BRDA:367,29,0,1
BRDA:367,29,1,1
BRDA:369,30,0,0
BRDA:369,30,1,0
BRDA:372,31,0,0
BRDA:372,31,1,0
BRDA:377,32,0,1
BRDA:377,32,1,1
BRDA:378,33,0,1
BRDA:378,33,1,1
BRDA:450,34,0,0
BRDA:450,34,1,1
BRF:72
BRH:32
end_of_record
TN:
SF:src\modules\product\product.controller.ts
FN:10,(anonymous_0)
FN:28,(anonymous_1)
FN:47,(anonymous_2)
FN:64,(anonymous_3)
FN:81,(anonymous_4)
FN:99,(anonymous_5)
FNF:6
FNH:0
FNDA:0,(anonymous_0)
FNDA:0,(anonymous_1)
FNDA:0,(anonymous_2)
FNDA:0,(anonymous_3)
FNDA:0,(anonymous_4)
FNDA:0,(anonymous_5)
DA:2,1
DA:4,1
DA:11,0
DA:12,0
DA:13,0
DA:19,0
DA:29,0
DA:30,0
DA:31,0
DA:38,0
DA:48,0
DA:49,0
DA:50,0
DA:55,0
DA:65,0
DA:66,0
DA:67,0
DA:72,0
DA:82,0
DA:83,0
DA:84,0
DA:90,0
DA:100,0
DA:101,0
DA:102,0
DA:108,0
LF:26
LH:2
BRF:0
BRH:0
end_of_record
TN:
SF:src\modules\product\product.service.ts
FN:10,(anonymous_0)
FN:41,(anonymous_1)
FN:61,(anonymous_2)
FN:157,(anonymous_3)
FN:188,(anonymous_4)
FN:219,(anonymous_5)
FN:261,(anonymous_6)
FN:271,(anonymous_7)
FN:296,(anonymous_8)
FNF:9
FNH:0
FNDA:0,(anonymous_0)
FNDA:0,(anonymous_1)
FNDA:0,(anonymous_2)
FNDA:0,(anonymous_3)
FNDA:0,(anonymous_4)
FNDA:0,(anonymous_5)
FNDA:0,(anonymous_6)
FNDA:0,(anonymous_7)
FNDA:0,(anonymous_8)
DA:1,1
DA:2,1
DA:3,1
DA:6,1
DA:12,0
DA:16,0
DA:17,0
DA:21,0
DA:22,0
DA:27,0
DA:28,0
DA:29,0
DA:33,0
DA:35,0
DA:41,0
DA:62,0
DA:63,0
DA:64,0
DA:66,0
DA:69,0
DA:70,0
DA:74,0
DA:75,0
DA:81,0
DA:82,0
DA:86,0
DA:87,0
DA:91,0
DA:92,0
DA:93,0
DA:94,0
DA:96,0
DA:97,0
DA:102,0
DA:103,0
DA:110,0
DA:111,0
DA:112,0
DA:113,0
DA:116,0
DA:119,0
DA:141,0
DA:143,0
DA:158,0
DA:178,0
DA:179,0
DA:182,0
DA:189,0
DA:209,0
DA:210,0
DA:213,0
DA:221,0
DA:225,0
DA:226,0
DA:229,0
DA:230,0
DA:233,0
DA:234,0
DA:238,0
DA:239,0
DA:244,0
DA:245,0
DA:246,0
DA:253,0
DA:254,0
DA:255,0
DA:257,0
DA:261,0
DA:262,0
DA:264,0
DA:269,0
DA:270,0
DA:271,0
DA:276,0
DA:298,0
DA:302,0
DA:303,0
DA:307,0
LF:78
LH:4
BRDA:16,0,0,0
BRDA:16,0,1,0
BRDA:27,1,0,0
BRDA:27,1,1,0
BRDA:39,2,0,0
BRDA:39,2,1,0
BRDA:39,3,0,0
BRDA:39,3,1,0
BRDA:62,4,0,0
BRDA:62,4,1,0
BRDA:63,5,0,0
BRDA:63,5,1,0
BRDA:69,6,0,0
BRDA:69,6,1,0
BRDA:74,7,0,0
BRDA:74,7,1,0
BRDA:81,8,0,0
BRDA:81,8,1,0
BRDA:82,9,0,0
BRDA:82,9,1,0
BRDA:86,10,0,0
BRDA:86,10,1,0
BRDA:87,11,0,0
BRDA:87,11,1,0
BRDA:91,12,0,0
BRDA:91,12,1,0
BRDA:91,13,0,0
BRDA:91,13,1,0
BRDA:93,14,0,0
BRDA:93,14,1,0
BRDA:96,15,0,0
BRDA:96,15,1,0
BRDA:102,16,0,0
BRDA:102,16,1,0
BRDA:110,17,0,0
BRDA:110,17,1,0
BRDA:111,18,0,0
BRDA:111,18,1,0
BRDA:178,19,0,0
BRDA:178,19,1,0
BRDA:209,20,0,0
BRDA:209,20,1,0
BRDA:225,21,0,0
BRDA:225,21,1,0
BRDA:233,22,0,0
BRDA:233,22,1,0
BRDA:233,23,0,0
BRDA:233,23,1,0
BRDA:238,24,0,0
BRDA:238,24,1,0
BRDA:244,25,0,0
BRDA:244,25,1,0
BRDA:244,26,0,0
BRDA:244,26,1,0
BRDA:253,27,0,0
BRDA:253,27,1,0
BRDA:262,28,0,0
BRDA:262,28,1,0
BRDA:269,29,0,0
BRDA:269,29,1,0
BRDA:302,30,0,0
BRDA:302,30,1,0
BRF:62
BRH:0
end_of_record
TN:
SF:src\modules\reservation\reservation.controller.ts
FN:10,(anonymous_0)
FN:32,(anonymous_1)
FN:52,(anonymous_2)
FN:70,(anonymous_3)
FN:89,(anonymous_4)
FNF:5
FNH:0
FNDA:0,(anonymous_0)
FNDA:0,(anonymous_1)
FNDA:0,(anonymous_2)
FNDA:0,(anonymous_3)
FNDA:0,(anonymous_4)
DA:2,1
DA:4,1
DA:10,1
DA:11,0
DA:13,0
DA:15,0
DA:17,0
DA:23,0
DA:32,1
DA:33,0
DA:34,0
DA:36,0
DA:43,0
DA:52,1
DA:53,0
DA:54,0
DA:56,0
DA:61,0
DA:70,1
DA:71,0
DA:72,0
DA:74,0
DA:80,0
DA:89,1
DA:90,0
DA:91,0
DA:93,0
DA:99,0
LF:28
LH:7
BRF:0
BRH:0
end_of_record
TN:
SF:src\modules\reservation\reservation.service.ts
FN:14,(anonymous_0)
FN:34,(anonymous_1)
FN:63,(anonymous_2)
FN:67,(anonymous_3)
FN:80,(anonymous_4)
FN:90,(anonymous_5)
FN:98,(anonymous_6)
FN:169,(anonymous_7)
FN:193,(anonymous_8)
FN:230,(anonymous_9)
FNF:10
FNH:0
FNDA:0,(anonymous_0)
FNDA:0,(anonymous_1)
FNDA:0,(anonymous_2)
FNDA:0,(anonymous_3)
FNDA:0,(anonymous_4)
FNDA:0,(anonymous_5)
FNDA:0,(anonymous_6)
FNDA:0,(anonymous_7)
FNDA:0,(anonymous_8)
FNDA:0,(anonymous_9)
DA:1,1
DA:2,1
DA:3,1
DA:5,1
DA:6,1
DA:8,1
DA:9,1
DA:15,0
DA:16,0
DA:18,0
DA:29,0
DA:30,0
DA:36,0
DA:39,0
DA:40,0
DA:42,0
DA:57,0
DA:58,0
DA:60,0
DA:61,0
DA:64,0
DA:65,0
DA:68,0
DA:70,0
DA:71,0
DA:74,0
DA:81,0
DA:82,0
DA:83,0
DA:85,0
DA:91,0
DA:99,0
DA:100,0
DA:101,0
DA:103,0
DA:106,0
DA:107,0
DA:111,0
DA:112,0
DA:113,0
DA:114,0
DA:115,0
DA:116,0
DA:118,0
DA:119,0
DA:120,0
DA:121,0
DA:126,0
DA:127,0
DA:128,0
DA:129,0
DA:131,0
DA:133,0
DA:153,0
DA:155,0
DA:170,0
DA:183,0
DA:184,0
DA:187,0
DA:195,0
DA:199,0
DA:200,0
DA:203,0
DA:206,0
DA:207,0
DA:209,0
DA:210,0
DA:211,0
DA:214,0
DA:216,0
DA:217,0
DA:218,0
DA:221,0
DA:231,0
DA:235,0
DA:236,0
DA:239,0
LF:77
LH:7
BRDA:25,0,0,0
BRDA:25,0,1,0
BRDA:29,1,0,0
BRDA:29,1,1,0
BRDA:44,2,0,0
BRDA:44,2,1,0
BRDA:47,3,0,0
BRDA:47,3,1,0
BRDA:51,4,0,0
BRDA:51,4,1,0
BRDA:58,5,0,0
BRDA:58,5,1,0
BRDA:60,6,0,0
BRDA:60,6,1,0
BRDA:60,7,0,0
BRDA:60,7,1,0
BRDA:64,8,0,0
BRDA:64,8,1,0
BRDA:64,9,0,0
BRDA:64,9,1,0
BRDA:70,10,0,0
BRDA:70,10,1,0
BRDA:99,11,0,0
BRDA:99,11,1,0
BRDA:100,12,0,0
BRDA:100,12,1,0
BRDA:106,13,0,0
BRDA:106,13,1,0
BRDA:111,14,0,0
BRDA:111,14,1,0
BRDA:111,15,0,0
BRDA:111,15,1,0
BRDA:113,16,0,0
BRDA:113,16,1,0
BRDA:118,17,0,0
BRDA:118,17,1,0
BRDA:126,18,0,0
BRDA:126,18,1,0
BRDA:127,19,0,0
BRDA:127,19,1,0
BRDA:183,20,0,0
BRDA:183,20,1,0
BRDA:199,21,0,0
BRDA:199,21,1,0
BRDA:206,22,0,0
BRDA:206,22,1,0
BRDA:207,23,0,0
BRDA:207,23,1,0
BRDA:209,24,0,0
BRDA:209,24,1,0
BRDA:209,25,0,0
BRDA:209,25,1,0
BRDA:210,26,0,0
BRDA:210,26,1,0
BRDA:211,27,0,0
BRDA:211,27,1,0
BRDA:235,28,0,0
BRDA:235,28,1,0
BRF:58
BRH:0
end_of_record
TN:
SF:src\modules\testimonials\index.ts
FN:3,(anonymous_5)
FN:4,(anonymous_6)
FNF:2
FNH:0
FNDA:0,(anonymous_5)
FNDA:0,(anonymous_6)
DA:1,1
DA:3,1
DA:4,1
DA:5,1
DA:6,1
DA:7,1
DA:9,1
LF:7
LH:7
BRF:0
BRH:0
end_of_record
TN:
SF:src\modules\testimonials\controller\testimonial.controller.ts
FN:13,(anonymous_0)
FN:37,(anonymous_1)
FN:86,(anonymous_2)
FN:103,(anonymous_3)
FN:121,(anonymous_4)
FN:149,(anonymous_5)
FNF:6
FNH:0
FNDA:0,(anonymous_0)
FNDA:0,(anonymous_1)
FNDA:0,(anonymous_2)
FNDA:0,(anonymous_3)
FNDA:0,(anonymous_4)
FNDA:0,(anonymous_5)
DA:2,1
DA:4,1
DA:5,1
DA:7,1
DA:14,0
DA:16,0
DA:18,0
DA:20,0
DA:22,0
DA:28,0
DA:38,0
DA:39,0
DA:40,0
DA:41,0
DA:42,0
DA:43,0
DA:45,0
DA:47,0
DA:48,0
DA:50,0
DA:53,0
DA:54,0
DA:57,0
DA:58,0
DA:61,0
DA:62,0
DA:65,0
DA:66,0
DA:69,0
DA:70,0
DA:77,0
DA:87,0
DA:88,0
DA:89,0
DA:94,0
DA:104,0
DA:105,0
DA:106,0
DA:112,0
DA:122,0
DA:123,0
DA:124,0
DA:126,0
DA:132,0
DA:140,0
DA:150,0
DA:151,0
DA:153,0
DA:155,0
DA:161,0
LF:50
LH:4
BRDA:16,0,0,0
BRDA:16,0,1,0
BRDA:16,1,0,0
BRDA:16,1,1,0
BRDA:47,2,0,0
BRDA:47,2,1,0
BRDA:53,3,0,0
BRDA:53,3,1,0
BRDA:57,4,0,0
BRDA:57,4,1,0
BRDA:61,5,0,0
BRDA:61,5,1,0
BRDA:65,6,0,0
BRDA:65,6,1,0
BRDA:128,7,0,0
BRDA:128,7,1,0
BRDA:134,8,0,0
BRDA:134,8,1,0
BRF:18
BRH:0
end_of_record
TN:
SF:src\modules\testimonials\service\testimonial.service.ts
FN:10,(anonymous_0)
FN:21,(anonymous_1)
FN:82,(anonymous_2)
FN:97,(anonymous_3)
FN:109,(anonymous_4)
FN:121,(anonymous_5)
FNF:6
FNH:0
FNDA:0,(anonymous_0)
FNDA:0,(anonymous_1)
FNDA:0,(anonymous_2)
FNDA:0,(anonymous_3)
FNDA:0,(anonymous_4)
FNDA:0,(anonymous_5)
DA:1,1
DA:2,1
DA:6,1
DA:11,0
DA:22,0
DA:25,0
DA:26,0
DA:30,0
DA:31,0
DA:35,0
DA:36,0
DA:52,0
DA:53,0
DA:54,0
DA:56,0
DA:66,0
DA:68,0
DA:83,0
DA:87,0
DA:88,0
DA:91,0
DA:98,0
DA:100,0
DA:110,0
DA:112,0
DA:122,0
DA:124,0
LF:27
LH:3
BRDA:25,0,0,0
BRDA:25,0,1,0
BRDA:26,1,0,0
BRDA:26,1,1,0
BRDA:30,2,0,0
BRDA:30,2,1,0
BRDA:35,3,0,0
BRDA:35,3,1,0
BRDA:35,4,0,0
BRDA:35,4,1,0
BRDA:52,5,0,0
BRDA:52,5,1,0
BRDA:53,6,0,0
BRDA:53,6,1,0
BRDA:87,7,0,0
BRDA:87,7,1,0
BRF:16
BRH:0
end_of_record
TN:
SF:src\modules\uploads\uploads.controller.ts
FN:22,(anonymous_1)
FN:119,(anonymous_2)
FN:220,(anonymous_3)
FN:253,(anonymous_4)
FN:259,(anonymous_5)
FN:300,(anonymous_6)
FN:318,(anonymous_7)
FN:360,(anonymous_8)
FNF:8
FNH:0
FNDA:0,(anonymous_1)
FNDA:0,(anonymous_2)
FNDA:0,(anonymous_3)
FNDA:0,(anonymous_4)
FNDA:0,(anonymous_5)
FNDA:0,(anonymous_6)
FNDA:0,(anonymous_7)
FNDA:0,(anonymous_8)
DA:2,1
DA:3,1
DA:4,1
DA:5,1
DA:6,1
DA:7,1
DA:8,1
DA:9,1
DA:11,1
DA:12,1
DA:13,1
DA:16,1
DA:27,0
DA:29,0
DA:33,0
DA:34,0
DA:35,0
DA:38,0
DA:39,0
DA:40,0
DA:42,0
DA:45,0
DA:55,0
DA:56,0
DA:57,0
DA:60,0
DA:61,0
DA:62,0
DA:65,0
DA:82,0
DA:89,0
DA:97,0
DA:108,0
DA:110,0
DA:124,0
DA:126,0
DA:130,0
DA:134,0
DA:135,0
DA:136,0
DA:139,0
DA:140,0
DA:141,0
DA:144,0
DA:146,0
DA:147,0
DA:148,0
DA:151,0
DA:153,0
DA:154,0
DA:155,0
DA:158,0
DA:159,0
DA:160,0
DA:163,0
DA:177,0
DA:184,0
DA:192,0
DA:200,0
DA:209,0
DA:211,0
DA:221,0
DA:222,0
DA:223,0
DA:226,0
DA:228,0
DA:232,0
DA:233,0
DA:243,0
DA:247,0
DA:252,0
DA:253,0
DA:254,0
DA:259,0
DA:267,0
DA:270,0
DA:273,0
DA:274,0
DA:275,0
DA:276,0
DA:278,0
DA:291,0
DA:301,0
DA:302,0
DA:303,0
DA:309,0
DA:319,0
DA:320,0
DA:322,0
DA:326,0
DA:327,0
DA:330,0
DA:333,0
DA:334,0
DA:335,0
DA:339,0
DA:343,0
DA:345,0
DA:351,0
DA:361,0
DA:362,0
DA:363,0
DA:365,0
DA:366,0
DA:369,0
DA:370,0
DA:371,0
DA:375,0
DA:378,0
DA:382,0
DA:384,0
DA:393,0
LF:112
LH:12
BRDA:29,0,0,0
BRDA:29,0,1,0
BRDA:29,1,0,0
BRDA:29,1,1,0
BRDA:33,2,0,0
BRDA:33,2,1,0
BRDA:56,3,0,0
BRDA:56,3,1,0
BRDA:73,4,0,0
BRDA:73,4,1,0
BRDA:90,5,0,0
BRDA:90,5,1,0
BRDA:101,6,0,0
BRDA:101,6,1,0
BRDA:126,7,0,0
BRDA:126,7,1,0
BRDA:126,8,0,0
BRDA:126,8,1,0
BRDA:130,9,0,0
BRDA:130,9,1,0
BRDA:134,10,0,0
BRDA:134,10,1,0
BRDA:134,11,0,0
BRDA:134,11,1,0
BRDA:139,12,0,0
BRDA:139,12,1,0
BRDA:147,13,0,0
BRDA:147,13,1,0
BRDA:171,14,0,0
BRDA:171,14,1,0
BRDA:185,15,0,0
BRDA:185,15,1,0
BRDA:193,16,0,0
BRDA:193,16,1,0
BRDA:226,17,0,0
BRDA:226,17,1,0
BRDA:232,18,0,0
BRDA:232,18,1,0
BRDA:252,19,0,0
BRDA:252,19,1,0
BRDA:258,20,0,0
BRDA:258,20,1,0
BRDA:284,21,0,0
BRDA:284,21,1,0
BRDA:285,22,0,0
BRDA:285,22,1,0
BRDA:326,23,0,0
BRDA:326,23,1,0
BRDA:334,24,0,0
BRDA:334,24,1,0
BRDA:365,25,0,0
BRDA:365,25,1,0
BRDA:370,26,0,0
BRDA:370,26,1,0
BRF:54
BRH:0
end_of_record
TN:
SF:src\modules\users\users.controller.ts
FN:14,(anonymous_0)
FN:34,(anonymous_1)
FN:56,(anonymous_2)
FN:83,(anonymous_3)
FN:102,(anonymous_4)
FN:125,(anonymous_5)
FNF:6
FNH:0
FNDA:0,(anonymous_0)
FNDA:0,(anonymous_1)
FNDA:0,(anonymous_2)
FNDA:0,(anonymous_3)
FNDA:0,(anonymous_4)
FNDA:0,(anonymous_5)
DA:2,1
DA:3,1
DA:4,1
DA:9,1
DA:14,1
DA:15,0
DA:16,0
DA:17,0
DA:24,0
DA:26,0
DA:34,1
DA:35,0
DA:36,0
DA:37,0
DA:40,0
DA:42,0
DA:48,0
DA:56,1
DA:57,0
DA:58,0
DA:59,0
DA:62,0
DA:63,0
DA:69,0
DA:75,0
DA:83,1
DA:84,0
DA:85,0
DA:86,0
DA:88,0
DA:94,0
DA:102,1
DA:103,0
DA:104,0
DA:105,0
DA:107,0
DA:111,0
DA:117,0
DA:125,1
DA:126,0
DA:127,0
DA:129,0
DA:134,0
LF:43
LH:10
BRDA:36,0,0,0
BRDA:36,0,1,0
BRDA:58,1,0,0
BRDA:58,1,1,0
BRDA:107,2,0,0
BRDA:107,2,1,0
BRF:6
BRH:0
end_of_record
TN:
SF:src\modules\users\users.service.ts
FN:20,(anonymous_0)
FN:40,(anonymous_1)
FN:71,(anonymous_2)
FN:84,(anonymous_3)
FN:110,(anonymous_4)
FN:170,(anonymous_5)
FN:192,(anonymous_6)
FN:217,(anonymous_7)
FNF:8
FNH:0
FNDA:0,(anonymous_0)
FNDA:0,(anonymous_1)
FNDA:0,(anonymous_2)
FNDA:0,(anonymous_3)
FNDA:0,(anonymous_4)
FNDA:0,(anonymous_5)
FNDA:0,(anonymous_6)
FNDA:0,(anonymous_7)
DA:2,1
DA:3,1
DA:4,1
DA:6,1
DA:11,1
DA:16,1
DA:21,0
DA:42,0
DA:49,0
DA:50,0
DA:51,0
DA:53,0
DA:56,0
DA:59,0
DA:71,0
DA:73,0
DA:89,0
DA:90,0
DA:91,0
DA:92,0
DA:95,0
DA:99,0
DA:100,0
DA:101,0
DA:104,0
DA:116,0
DA:117,0
DA:118,0
DA:119,0
DA:122,0
DA:126,0
DA:127,0
DA:130,0
DA:133,0
DA:134,0
DA:135,0
DA:136,0
DA:140,0
DA:141,0
DA:142,0
DA:144,0
DA:148,0
DA:149,0
DA:152,0
DA:153,0
DA:154,0
DA:155,0
DA:158,0
DA:163,0
DA:164,0
DA:171,0
DA:175,0
DA:176,0
DA:179,0
DA:184,0
DA:185,0
DA:193,0
DA:197,0
DA:198,0
DA:201,0
DA:210,0
DA:211,0
DA:218,0
DA:222,0
DA:223,0
DA:226,0
DA:234,0
LF:67
LH:6
BRDA:26,0,0,0
BRDA:26,0,1,0
BRDA:50,1,0,0
BRDA:50,1,1,0
BRDA:90,2,0,0
BRDA:90,2,1,0
BRDA:90,3,0,0
BRDA:90,3,1,0
BRDA:90,3,2,0
BRDA:99,4,0,0
BRDA:99,4,1,0
BRDA:117,5,0,0
BRDA:117,5,1,0
BRDA:117,6,0,0
BRDA:117,6,1,0
BRDA:117,6,2,0
BRDA:126,7,0,0
BRDA:126,7,1,0
BRDA:133,8,0,0
BRDA:133,8,1,0
BRDA:135,9,0,0
BRDA:135,9,1,0
BRDA:140,10,0,0
BRDA:140,10,1,0
BRDA:148,11,0,0
BRDA:148,11,1,0
BRDA:149,12,0,0
BRDA:149,12,1,0
BRDA:152,13,0,0
BRDA:152,13,1,0
BRDA:152,14,0,0
BRDA:152,14,1,0
BRDA:153,15,0,0
BRDA:153,15,1,0
BRDA:154,16,0,0
BRDA:154,16,1,0
BRDA:175,17,0,0
BRDA:175,17,1,0
BRDA:197,18,0,0
BRDA:197,18,1,0
BRDA:206,19,0,0
BRDA:206,19,1,0
BRDA:222,20,0,0
BRDA:222,20,1,0
BRF:44
BRH:0
end_of_record
TN:
SF:src\queues\image.queue.ts
FNF:0
FNH:0
DA:1,1
DA:2,1
DA:3,1
DA:4,1
DA:17,1
DA:37,1
DA:39,1
LF:7
LH:7
BRF:0
BRH:0
end_of_record
TN:
SF:src\queues\queue.config.ts
FNF:0
FNH:0
DA:2,1
DA:5,1
DA:13,1
LF:3
LH:3
BRDA:6,0,0,1
BRDA:6,0,1,0
BRDA:7,1,0,1
BRDA:7,1,1,0
BRDA:8,2,0,1
BRDA:8,2,1,1
BRF:6
BRH:4
end_of_record
TN:
SF:src\security\attack-patterns.ts
FNF:0
FNH:0
DA:23,1
DA:67,1
DA:103,1
DA:123,1
DA:143,1
DA:167,1
DA:187,1
LF:7
LH:7
BRF:0
BRH:0
end_of_record
TN:
SF:src\security\brute-force.service.ts
FN:28,(anonymous_0)
FN:79,(anonymous_1)
FN:90,(anonymous_2)
FN:117,(anonymous_3)
FN:124,(anonymous_4)
FN:129,(anonymous_5)
FN:146,(anonymous_6)
FNF:7
FNH:0
FNDA:0,(anonymous_0)
FNDA:0,(anonymous_1)
FNDA:0,(anonymous_2)
FNDA:0,(anonymous_3)
FNDA:0,(anonymous_4)
FNDA:0,(anonymous_5)
FNDA:0,(anonymous_6)
DA:10,1
DA:11,1
DA:12,1
DA:13,1
DA:22,1
DA:24,1
DA:29,0
DA:30,0
DA:31,0
DA:33,0
DA:34,0
DA:35,0
DA:39,0
DA:40,0
DA:41,0
DA:44,0
DA:45,0
DA:46,0
DA:48,0
DA:51,0
DA:52,0
DA:57,0
DA:58,0
DA:59,0
DA:61,0
DA:63,0
DA:72,0
DA:80,0
DA:81,0
DA:82,0
DA:91,0
DA:92,0
DA:93,0
DA:96,0
DA:97,0
DA:99,0
DA:101,0
DA:108,0
DA:111,0
DA:118,0
DA:125,0
DA:126,0
DA:127,0
DA:129,0
DA:130,0
DA:131,0
DA:133,0
DA:134,0
DA:135,0
DA:139,0
DA:140,0
DA:146,1
DA:147,1
DA:148,1
LF:54
LH:9
BRDA:33,0,0,0
BRDA:33,0,1,0
BRDA:39,1,0,0
BRDA:39,1,1,0
BRDA:51,2,0,0
BRDA:51,2,1,0
BRDA:81,3,0,0
BRDA:81,3,1,0
BRDA:92,4,0,0
BRDA:92,4,1,0
BRDA:92,5,0,0
BRDA:92,5,1,0
BRDA:97,6,0,0
BRDA:97,6,1,0
BRDA:118,7,0,0
BRDA:118,7,1,0
BRDA:131,8,0,0
BRDA:131,8,1,0
BRDA:133,9,0,0
BRDA:133,9,1,0
BRDA:133,10,0,0
BRDA:133,10,1,0
BRDA:133,10,2,0
BRDA:139,11,0,0
BRDA:139,11,1,0
BRDA:147,12,0,1
BRDA:147,12,1,0
BRF:27
BRH:1
end_of_record
TN:
SF:src\security\ip-reputation.service.ts
FN:27,(anonymous_0)
FN:51,(anonymous_1)
FN:58,(anonymous_2)
FN:65,(anonymous_3)
FN:73,(anonymous_4)
FN:80,(anonymous_5)
FN:88,(anonymous_6)
FN:93,(anonymous_7)
FN:107,(anonymous_8)
FNF:9
FNH:2
FNDA:0,(anonymous_0)
FNDA:14,(anonymous_1)
FNDA:7,(anonymous_2)
FNDA:0,(anonymous_3)
FNDA:0,(anonymous_4)
FNDA:0,(anonymous_5)
FNDA:0,(anonymous_6)
FNDA:0,(anonymous_7)
FNDA:0,(anonymous_8)
DA:11,1
DA:12,1
DA:21,1
DA:23,1
DA:28,0
DA:29,0
DA:31,0
DA:32,0
DA:33,0
DA:36,0
DA:37,0
DA:38,0
DA:41,0
DA:42,0
DA:45,0
DA:52,14
DA:59,7
DA:66,0
DA:67,0
DA:74,0
DA:81,0
DA:82,0
DA:89,0
DA:90,0
DA:91,0
DA:93,0
DA:94,0
DA:95,0
DA:96,0
DA:100,0
DA:101,0
DA:107,1
DA:108,1
DA:109,1
LF:34
LH:9
BRDA:31,0,0,0
BRDA:31,0,1,0
BRDA:41,1,0,0
BRDA:41,1,1,0
BRDA:52,2,0,14
BRDA:52,2,1,14
BRDA:67,3,0,0
BRDA:67,3,1,0
BRDA:74,4,0,0
BRDA:74,4,1,0
BRDA:94,5,0,0
BRDA:94,5,1,0
BRDA:94,6,0,0
BRDA:94,6,1,0
BRDA:100,7,0,0
BRDA:100,7,1,0
BRDA:108,8,0,1
BRDA:108,8,1,0
BRF:18
BRH:3
end_of_record
TN:
SF:src\security\request-analyzer.ts
FN:31,(anonymous_0)
FN:73,(anonymous_1)
FNF:2
FNH:2
FNDA:7,(anonymous_0)
FNDA:7,(anonymous_1)
DA:11,1
DA:27,1
DA:32,7
DA:33,7
DA:34,7
DA:36,7
DA:43,7
DA:44,91
DA:45,91
DA:46,0
DA:47,0
DA:56,0
DA:57,0
DA:62,7
DA:79,7
DA:82,7
DA:85,7
DA:86,7
DA:87,0
DA:88,0
DA:94,7
DA:95,7
DA:96,612
DA:97,3
DA:103,7
DA:104,7
DA:105,7
DA:106,21
DA:107,21
DA:108,0
DA:114,7
DA:115,7
LF:32
LH:25
BRDA:45,0,0,0
BRDA:45,0,1,91
BRDA:56,1,0,0
BRDA:56,1,1,0
BRDA:85,2,0,7
BRDA:85,2,1,0
BRDA:87,3,0,0
BRDA:87,3,1,0
BRDA:94,4,0,7
BRDA:94,4,1,0
BRDA:96,5,0,3
BRDA:96,5,1,609
BRDA:103,6,0,7
BRDA:103,6,1,0
BRDA:107,7,0,0
BRDA:107,7,1,21
BRF:16
BRH:7
end_of_record
TN:
SF:src\security\suspicious-request.detector.ts
FN:31,(anonymous_0)
FN:46,(anonymous_1)
FN:49,(anonymous_2)
FN:53,(anonymous_3)
FN:67,(anonymous_4)
FNF:5
FNH:4
FNDA:7,(anonymous_0)
FNDA:140,(anonymous_1)
FNDA:7,(anonymous_2)
FNDA:70,(anonymous_3)
FNDA:0,(anonymous_4)
DA:11,1
DA:12,1
DA:13,1
DA:14,1
DA:27,1
DA:40,7
DA:43,7
DA:46,140
DA:49,7
DA:52,7
DA:53,70
DA:56,7
DA:59,7
DA:60,7
DA:61,7
DA:62,7
DA:63,7
DA:66,7
DA:67,0
DA:69,7
DA:70,0
DA:72,7
DA:73,0
DA:77,7
DA:78,7
DA:79,7
DA:81,7
LF:27
LH:24
BRDA:60,0,0,0
BRDA:60,0,1,7
BRDA:61,1,0,7
BRDA:61,1,1,0
BRDA:62,2,0,0
BRDA:62,2,1,7
BRDA:66,3,0,0
BRDA:66,3,1,7
BRDA:69,4,0,0
BRDA:69,4,1,7
BRDA:72,5,0,0
BRDA:72,5,1,7
BRDA:78,6,0,7
BRDA:78,6,1,7
BRDA:78,6,2,7
BRDA:78,6,3,7
BRDA:79,7,0,7
BRDA:79,7,1,7
BRF:18
BRH:12
end_of_record
TN:
SF:src\services\media-cleanup.service.ts
FN:10,(anonymous_0)
FN:38,(anonymous_1)
FN:65,(anonymous_2)
FN:66,(anonymous_3)
FN:78,(anonymous_4)
FN:105,(anonymous_5)
FN:106,(anonymous_6)
FN:107,(anonymous_7)
FN:108,(anonymous_8)
FN:111,(anonymous_9)
FN:149,(anonymous_10)
FNF:11
FNH:0
FNDA:0,(anonymous_0)
FNDA:0,(anonymous_1)
FNDA:0,(anonymous_2)
FNDA:0,(anonymous_3)
FNDA:0,(anonymous_4)
FNDA:0,(anonymous_5)
FNDA:0,(anonymous_6)
FNDA:0,(anonymous_7)
FNDA:0,(anonymous_8)
FNDA:0,(anonymous_9)
FNDA:0,(anonymous_10)
DA:1,1
DA:2,1
DA:3,1
DA:5,1
DA:11,0
DA:12,0
DA:14,0
DA:15,0
DA:16,0
DA:19,0
DA:22,0
DA:23,0
DA:24,0
DA:28,0
DA:30,0
DA:31,0
DA:39,0
DA:43,0
DA:44,0
DA:45,0
DA:48,0
DA:49,0
DA:50,0
DA:52,0
DA:53,0
DA:55,0
DA:56,0
DA:66,0
DA:67,0
DA:68,0
DA:79,0
DA:80,0
DA:82,0
DA:84,0
DA:88,0
DA:89,0
DA:90,0
DA:94,0
DA:103,0
DA:105,0
DA:106,0
DA:107,0
DA:108,0
DA:111,0
DA:112,0
DA:114,0
DA:115,0
DA:118,0
DA:119,0
DA:120,0
DA:123,0
DA:125,0
DA:126,0
DA:127,0
DA:128,0
DA:130,0
DA:133,0
DA:134,0
DA:137,0
DA:138,0
DA:139,0
DA:141,0
DA:142,0
DA:150,0
DA:151,0
DA:152,0
DA:154,0
DA:156,0
DA:157,0
DA:158,0
DA:159,0
DA:160,0
DA:162,0
DA:163,0
DA:164,0
DA:165,0
DA:166,0
DA:167,0
DA:170,0
DA:171,0
DA:174,0
LF:81
LH:4
BRDA:12,0,0,0
BRDA:12,0,1,0
BRDA:12,1,0,0
BRDA:12,1,1,0
BRDA:16,2,0,0
BRDA:16,2,1,0
BRDA:23,3,0,0
BRDA:23,3,1,0
BRDA:39,4,0,0
BRDA:39,4,1,0
BRDA:43,5,0,0
BRDA:43,5,1,0
BRDA:50,6,0,0
BRDA:50,6,1,0
BRDA:52,7,0,0
BRDA:52,7,1,0
BRDA:88,8,0,0
BRDA:88,8,1,0
BRDA:105,9,0,0
BRDA:105,9,1,0
BRDA:107,10,0,0
BRDA:107,10,1,0
BRDA:108,11,0,0
BRDA:108,11,1,0
BRDA:115,12,0,0
BRDA:115,12,1,0
BRDA:118,13,0,0
BRDA:118,13,1,0
BRDA:128,14,0,0
BRDA:128,14,1,0
BRDA:154,15,0,0
BRDA:154,15,1,0
BRDA:165,16,0,0
BRDA:165,16,1,0
BRDA:170,17,0,0
BRDA:170,17,1,0
BRF:36
BRH:0
end_of_record
TN:
SF:src\services\upload-monitoring.service.ts
FN:43,(anonymous_0)
FN:92,(anonymous_1)
FNF:2
FNH:0
FNDA:0,(anonymous_0)
FNDA:0,(anonymous_1)
DA:1,1
DA:2,1
DA:3,1
DA:4,1
DA:39,1
DA:44,0
DA:45,0
DA:59,0
DA:60,0
DA:61,0
DA:63,0
DA:64,0
DA:67,0
DA:84,0
DA:85,0
DA:99,0
DA:100,0
DA:110,0
LF:18
LH:5
BRDA:60,0,0,0
BRDA:60,0,1,0
BRDA:60,1,0,0
BRDA:60,1,1,0
BRDA:63,2,0,0
BRDA:63,2,1,0
BRDA:63,3,0,0
BRDA:63,3,1,0
BRF:8
BRH:0
end_of_record
TN:
SF:src\utils\appError.ts
FN:5,(anonymous_0)
FN:15,(anonymous_1)
FN:21,(anonymous_2)
FN:27,(anonymous_3)
FN:34,(anonymous_4)
FNF:5
FNH:1
FNDA:2,(anonymous_0)
FNDA:0,(anonymous_1)
FNDA:0,(anonymous_2)
FNDA:0,(anonymous_3)
FNDA:0,(anonymous_4)
DA:1,1
DA:6,2
DA:7,2
DA:8,2
DA:10,2
DA:14,1
DA:16,0
DA:20,1
DA:22,0
DA:26,1
DA:28,0
DA:32,1
DA:35,0
DA:36,0
LF:14
LH:9
BRDA:15,0,0,0
BRDA:21,1,0,0
BRDA:27,2,0,0
BRDA:34,3,0,0
BRF:4
BRH:0
end_of_record
TN:
SF:src\utils\jwt.ts
FN:20,(anonymous_1)
FN:29,(anonymous_2)
FN:50,(anonymous_3)
FN:70,(anonymous_4)
FN:98,(anonymous_5)
FNF:5
FNH:2
FNDA:5,(anonymous_1)
FNDA:0,(anonymous_2)
FNDA:0,(anonymous_3)
FNDA:5,(anonymous_4)
FNDA:0,(anonymous_5)
DA:1,1
DA:2,1
DA:3,1
DA:4,1
DA:16,1
DA:21,5
DA:22,5
DA:23,5
DA:30,0
DA:31,0
DA:36,0
DA:38,0
DA:42,0
DA:43,0
DA:51,0
DA:52,0
DA:56,0
DA:58,0
DA:62,0
DA:63,0
DA:71,5
DA:72,5
DA:76,5
DA:78,5
DA:81,5
DA:83,0
DA:87,0
DA:88,0
DA:91,0
DA:99,0
DA:100,0
DA:104,0
DA:106,0
DA:107,0
DA:109,0
DA:113,0
DA:114,0
DA:117,0
LF:38
LH:13
BRDA:21,0,0,0
BRDA:21,0,1,5
BRDA:22,1,0,0
BRDA:22,1,1,5
BRDA:87,2,0,0
BRDA:87,2,1,0
BRDA:113,3,0,0
BRDA:113,3,1,0
BRF:8
BRH:2
end_of_record
TN:
SF:src\utils\logger.ts
FN:26,(anonymous_1)
FNF:1
FNH:1
FNDA:43,(anonymous_1)
DA:1,1
DA:2,1
DA:4,1
DA:12,1
DA:20,1
DA:22,1
DA:26,43
DA:30,1
DA:34,1
LF:9
LH:9
BRDA:35,0,0,0
BRDA:35,0,1,1
BRF:2
BRH:1
end_of_record
TN:
SF:src\utils\prisma.ts
FNF:0
FNH:0
DA:1,1
DA:2,1
DA:4,1
LF:3
LH:3
BRDA:5,0,0,0
BRDA:5,0,1,1
BRF:2
BRH:1
end_of_record
TN:
SF:src\utils\queryBuilder.ts
FN:33,buildPrismaQuery
FN:48,(anonymous_1)
FN:59,(anonymous_2)
FN:110,formatPaginatedResult
FNF:4
FNH:0
FNDA:0,buildPrismaQuery
FNDA:0,(anonymous_1)
FNDA:0,(anonymous_2)
FNDA:0,formatPaginatedResult
DA:33,1
DA:38,0
DA:39,0
DA:40,0
DA:42,0
DA:43,0
DA:46,0
DA:47,0
DA:48,0
DA:54,0
DA:58,0
DA:59,0
DA:60,0
DA:61,0
DA:64,0
DA:65,0
DA:68,0
DA:74,0
DA:75,0
DA:79,0
DA:80,0
DA:81,0
DA:83,0
DA:110,1
DA:117,0
DA:118,0
LF:26
LH:2
BRDA:35,0,0,0
BRDA:38,1,0,0
BRDA:38,1,1,0
BRDA:39,2,0,0
BRDA:39,2,1,0
BRDA:46,3,0,0
BRDA:46,3,1,0
BRDA:46,4,0,0
BRDA:46,4,1,0
BRDA:46,4,2,0
BRDA:58,5,0,0
BRDA:58,5,1,0
BRDA:60,6,0,0
BRDA:60,6,1,0
BRDA:60,7,0,0
BRDA:60,7,1,0
BRDA:60,7,2,0
BRDA:64,8,0,0
BRDA:64,8,1,0
BRDA:65,9,0,0
BRDA:65,9,1,0
BRDA:74,10,0,0
BRDA:74,10,1,0
BRDA:79,11,0,0
BRDA:79,11,1,0
BRDA:80,12,0,0
BRDA:80,12,1,0
BRDA:115,13,0,0
BRDA:117,14,0,0
BRDA:117,14,1,0
BRF:30
BRH:0
end_of_record
TN:
SF:src\utils\sanitizeInput.ts
FN:6,sanitizeInput
FN:14,sanitizeObject
FNF:2
FNH:0
FNDA:0,sanitizeInput
FNDA:0,sanitizeObject
DA:1,1
DA:6,1
DA:7,0
DA:8,0
DA:14,1
DA:15,0
DA:16,0
DA:19,0
DA:21,0
DA:22,0
DA:23,0
DA:24,0
DA:25,0
DA:26,0
DA:27,0
DA:29,0
DA:34,0
LF:17
LH:3
BRDA:7,0,0,0
BRDA:7,0,1,0
BRDA:15,1,0,0
BRDA:15,1,1,0
BRDA:15,2,0,0
BRDA:15,2,1,0
BRDA:19,3,0,0
BRDA:19,3,1,0
BRDA:22,4,0,0
BRDA:22,4,1,0
BRDA:24,5,0,0
BRDA:24,5,1,0
BRDA:26,6,0,0
BRDA:26,6,1,0
BRDA:26,7,0,0
BRDA:26,7,1,0
BRF:16
BRH:0
end_of_record
TN:
SF:src\utils\slugify.ts
FN:4,(anonymous_0)
FNF:1
FNH:0
FNDA:0,(anonymous_0)
DA:4,1
DA:5,0
LF:2
LH:1
BRF:0
BRH:0
end_of_record
TN:
SF:src\utils\testimonialSpamCheck.ts
FN:9,detectTestimonialSpam
FNF:1
FNH:0
FNDA:0,detectTestimonialSpam
DA:1,1
DA:2,1
DA:3,1
DA:9,1
DA:10,0
DA:11,0
DA:14,0
DA:15,0
DA:16,0
DA:21,0
DA:22,0
DA:23,0
DA:25,0
DA:26,0
DA:31,0
DA:35,0
DA:39,0
DA:40,0
DA:41,0
DA:46,0
DA:47,0
DA:54,0
DA:55,0
DA:58,0
LF:24
LH:4
BRDA:14,0,0,0
BRDA:14,0,1,0
BRDA:21,1,0,0
BRDA:21,1,1,0
BRDA:25,2,0,0
BRDA:25,2,1,0
BRDA:39,3,0,0
BRDA:39,3,1,0
BRDA:54,4,0,0
BRDA:54,4,1,0
BRF:10
BRH:0
end_of_record
